{"total": {"lines":{"total":897,"covered":181,"skipped":0,"pct":20.17},"statements":{"total":970,"covered":205,"skipped":0,"pct":21.13},"functions":{"total":276,"covered":64,"skipped":0,"pct":23.18},"branches":{"total":553,"covered":61,"skipped":0,"pct":11.03},"branchesTrue":{"total":0,"covered":0,"skipped":0,"pct":100}}
,"/Users/clarencebojangles/polly/polly-ios/app/_layout.tsx": {"lines":{"total":5,"covered":0,"skipped":0,"pct":0},"functions":{"total":4,"covered":0,"skipped":0,"pct":0},"statements":{"total":5,"covered":0,"skipped":0,"pct":0},"branches":{"total":0,"covered":0,"skipped":0,"pct":100}}
,"/Users/clarencebojangles/polly/polly-ios/app/index.tsx": {"lines":{"total":2,"covered":0,"skipped":0,"pct":0},"functions":{"total":1,"covered":0,"skipped":0,"pct":0},"statements":{"total":2,"covered":0,"skipped":0,"pct":0},"branches":{"total":2,"covered":0,"skipped":0,"pct":0}}
,"/Users/clarencebojangles/polly/polly-ios/app/onboarding.tsx": {"lines":{"total":72,"covered":0,"skipped":0,"pct":0},"functions":{"total":21,"covered":0,"skipped":0,"pct":0},"statements":{"total":74,"covered":0,"skipped":0,"pct":0},"branches":{"total":81,"covered":0,"skipped":0,"pct":0}}
,"/Users/clarencebojangles/polly/polly-ios/app/(main)/_layout.tsx": {"lines":{"total":7,"covered":0,"skipped":0,"pct":0},"functions":{"total":3,"covered":0,"skipped":0,"pct":0},"statements":{"total":7,"covered":0,"skipped":0,"pct":0},"branches":{"total":0,"covered":0,"skipped":0,"pct":100}}
,"/Users/clarencebojangles/polly/polly-ios/app/(main)/chat.tsx": {"lines":{"total":167,"covered":0,"skipped":0,"pct":0},"functions":{"total":54,"covered":0,"skipped":0,"pct":0},"statements":{"total":187,"covered":0,"skipped":0,"pct":0},"branches":{"total":134,"covered":0,"skipped":0,"pct":0}}
,"/Users/clarencebojangles/polly/polly-ios/app/(main)/moltbook.tsx": {"lines":{"total":2,"covered":0,"skipped":0,"pct":0},"functions":{"total":1,"covered":0,"skipped":0,"pct":0},"statements":{"total":2,"covered":0,"skipped":0,"pct":0},"branches":{"total":0,"covered":0,"skipped":0,"pct":100}}
,"/Users/clarencebojangles/polly/polly-ios/app/(main)/shortcuts.tsx": {"lines":{"total":2,"covered":0,"skipped":0,"pct":0},"functions":{"total":1,"covered":0,"skipped":0,"pct":0},"statements":{"total":2,"covered":0,"skipped":0,"pct":0},"branches":{"total":0,"covered":0,"skipped":0,"pct":100}}
,"/Users/clarencebojangles/polly/polly-ios/app/(main)/today.tsx": {"lines":{"total":23,"covered":0,"skipped":0,"pct":0},"functions":{"total":14,"covered":0,"skipped":0,"pct":0},"statements":{"total":25,"covered":0,"skipped":0,"pct":0},"branches":{"total":12,"covered":0,"skipped":0,"pct":0}}
,"/Users/clarencebojangles/polly/polly-ios/app/(main)/usage.tsx": {"lines":{"total":2,"covered":0,"skipped":0,"pct":0},"functions":{"total":1,"covered":0,"skipped":0,"pct":0},"statements":{"total":2,"covered":0,"skipped":0,"pct":0},"branches":{"total":0,"covered":0,"skipped":0,"pct":100}}
,"/Users/clarencebojangles/polly/polly-ios/app/(main)/agents/[id].tsx": {"lines":{"total":3,"covered":0,"skipped":0,"pct":0},"functions":{"total":1,"covered":0,"skipped":0,"pct":0},"statements":{"total":3,"covered":0,"skipped":0,"pct":0},"branches":{"total":0,"covered":0,"skipped":0,"pct":100}}
,"/Users/clarencebojangles/polly/polly-ios/app/(main)/agents/index.tsx": {"lines":{"total":2,"covered":0,"skipped":0,"pct":0},"functions":{"total":1,"covered":0,"skipped":0,"pct":0},"statements":{"total":2,"covered":0,"skipped":0,"pct":0},"branches":{"total":0,"covered":0,"skipped":0,"pct":100}}
,"/Users/clarencebojangles/polly/polly-ios/app/(main)/settings/api-keys.tsx": {"lines":{"total":23,"covered":0,"skipped":0,"pct":0},"functions":{"total":7,"covered":0,"skipped":0,"pct":0},"statements":{"total":26,"covered":0,"skipped":0,"pct":0},"branches":{"total":18,"covered":0,"skipped":0,"pct":0}}
,"/Users/clarencebojangles/polly/polly-ios/app/(main)/settings/index.tsx": {"lines":{"total":6,"covered":0,"skipped":0,"pct":0},"functions":{"total":5,"covered":0,"skipped":0,"pct":0},"statements":{"total":6,"covered":0,"skipped":0,"pct":0},"branches":{"total":2,"covered":0,"skipped":0,"pct":0}}
,"/Users/clarencebojangles/polly/polly-ios/app/(main)/settings/integrations.tsx": {"lines":{"total":4,"covered":0,"skipped":0,"pct":0},"functions":{"total":3,"covered":0,"skipped":0,"pct":0},"statements":{"total":4,"covered":0,"skipped":0,"pct":0},"branches":{"total":2,"covered":0,"skipped":0,"pct":0}}
,"/Users/clarencebojangles/polly/polly-ios/src/auth/deviceAuth.ts": {"lines":{"total":36,"covered":34,"skipped":0,"pct":94.44},"functions":{"total":7,"covered":7,"skipped":0,"pct":100},"statements":{"total":38,"covered":36,"skipped":0,"pct":94.73},"branches":{"total":4,"covered":4,"skipped":0,"pct":100}}
,"/Users/clarencebojangles/polly/polly-ios/src/components/DrawerPanel.tsx": {"lines":{"total":32,"covered":0,"skipped":0,"pct":0},"functions":{"total":6,"covered":0,"skipped":0,"pct":0},"statements":{"total":32,"covered":0,"skipped":0,"pct":0},"branches":{"total":27,"covered":0,"skipped":0,"pct":0}}
,"/Users/clarencebojangles/polly/polly-ios/src/components/IntegrationCard.tsx": {"lines":{"total":2,"covered":0,"skipped":0,"pct":0},"functions":{"total":1,"covered":0,"skipped":0,"pct":0},"statements":{"total":2,"covered":0,"skipped":0,"pct":0},"branches":{"total":2,"covered":0,"skipped":0,"pct":0}}
,"/Users/clarencebojangles/polly/polly-ios/src/components/MessageBubble.tsx": {"lines":{"total":9,"covered":0,"skipped":0,"pct":0},"functions":{"total":1,"covered":0,"skipped":0,"pct":0},"statements":{"total":9,"covered":0,"skipped":0,"pct":0},"branches":{"total":26,"covered":0,"skipped":0,"pct":0}}
,"/Users/clarencebojangles/polly/polly-ios/src/components/PollyCard.tsx": {"lines":{"total":54,"covered":0,"skipped":0,"pct":0},"functions":{"total":16,"covered":0,"skipped":0,"pct":0},"statements":{"total":57,"covered":0,"skipped":0,"pct":0},"branches":{"total":44,"covered":0,"skipped":0,"pct":0}}
,"/Users/clarencebojangles/polly/polly-ios/src/components/VoiceDraftPrompt.tsx": {"lines":{"total":6,"covered":0,"skipped":0,"pct":0},"functions":{"total":3,"covered":0,"skipped":0,"pct":0},"statements":{"total":6,"covered":0,"skipped":0,"pct":0},"branches":{"total":18,"covered":0,"skipped":0,"pct":0}}
,"/Users/clarencebojangles/polly/polly-ios/src/components/VoiceMicButton.tsx": {"lines":{"total":49,"covered":0,"skipped":0,"pct":0},"functions":{"total":13,"covered":0,"skipped":0,"pct":0},"statements":{"total":51,"covered":0,"skipped":0,"pct":0},"branches":{"total":33,"covered":0,"skipped":0,"pct":0}}
,"/Users/clarencebojangles/polly/polly-ios/src/constants/secureStoreKeys.ts": {"lines":{"total":1,"covered":1,"skipped":0,"pct":100},"functions":{"total":0,"covered":0,"skipped":0,"pct":100},"statements":{"total":1,"covered":1,"skipped":0,"pct":100},"branches":{"total":0,"covered":0,"skipped":0,"pct":100}}
,"/Users/clarencebojangles/polly/polly-ios/src/export/exportManifest.ts": {"lines":{"total":10,"covered":1,"skipped":0,"pct":10},"functions":{"total":8,"covered":1,"skipped":0,"pct":12.5},"statements":{"total":10,"covered":1,"skipped":0,"pct":10},"branches":{"total":2,"covered":2,"skipped":0,"pct":100}}
,"/Users/clarencebojangles/polly/polly-ios/src/gateway/GatewayClient.ts": {"lines":{"total":0,"covered":0,"skipped":0,"pct":100},"functions":{"total":0,"covered":0,"skipped":0,"pct":100},"statements":{"total":0,"covered":0,"skipped":0,"pct":100},"branches":{"total":0,"covered":0,"skipped":0,"pct":100}}
,"/Users/clarencebojangles/polly/polly-ios/src/gateway/PollyGatewayAdapter.ts": {"lines":{"total":93,"covered":8,"skipped":0,"pct":8.6},"functions":{"total":19,"covered":2,"skipped":0,"pct":10.52},"statements":{"total":95,"covered":9,"skipped":0,"pct":9.47},"branches":{"total":35,"covered":2,"skipped":0,"pct":5.71}}
,"/Users/clarencebojangles/polly/polly-ios/src/gateway/gatewayCapabilities.ts": {"lines":{"total":0,"covered":0,"skipped":0,"pct":100},"functions":{"total":0,"covered":0,"skipped":0,"pct":100},"statements":{"total":0,"covered":0,"skipped":0,"pct":100},"branches":{"total":0,"covered":0,"skipped":0,"pct":100}}
,"/Users/clarencebojangles/polly/polly-ios/src/hooks/useVoiceRecording.ts": {"lines":{"total":92,"covered":0,"skipped":0,"pct":0},"functions":{"total":23,"covered":0,"skipped":0,"pct":0},"statements":{"total":105,"covered":0,"skipped":0,"pct":0},"branches":{"total":35,"covered":0,"skipped":0,"pct":0}}
,"/Users/clarencebojangles/polly/polly-ios/src/store/chatStore.ts": {"lines":{"total":32,"covered":29,"skipped":0,"pct":90.62},"functions":{"total":13,"covered":13,"skipped":0,"pct":100},"statements":{"total":36,"covered":33,"skipped":0,"pct":91.66},"branches":{"total":8,"covered":7,"skipped":0,"pct":87.5}}
,"/Users/clarencebojangles/polly/polly-ios/src/store/connectionStore.ts": {"lines":{"total":6,"covered":6,"skipped":0,"pct":100},"functions":{"total":7,"covered":7,"skipped":0,"pct":100},"statements":{"total":8,"covered":8,"skipped":0,"pct":100},"branches":{"total":0,"covered":0,"skipped":0,"pct":100}}
,"/Users/clarencebojangles/polly/polly-ios/src/store/onboardingStore.ts": {"lines":{"total":33,"covered":24,"skipped":0,"pct":72.72},"functions":{"total":11,"covered":10,"skipped":0,"pct":90.9},"statements":{"total":36,"covered":26,"skipped":0,"pct":72.22},"branches":{"total":10,"covered":1,"skipped":0,"pct":10}}
,"/Users/clarencebojangles/polly/polly-ios/src/store/pollyObservationStore.ts": {"lines":{"total":62,"covered":54,"skipped":0,"pct":87.09},"functions":{"total":23,"covered":21,"skipped":0,"pct":91.3},"statements":{"total":76,"covered":67,"skipped":0,"pct":88.15},"branches":{"total":34,"covered":30,"skipped":0,"pct":88.23}}
,"/Users/clarencebojangles/polly/polly-ios/src/theme/colors.ts": {"lines":{"total":9,"covered":0,"skipped":0,"pct":0},"functions":{"total":1,"covered":0,"skipped":0,"pct":0},"statements":{"total":9,"covered":0,"skipped":0,"pct":0},"branches":{"total":2,"covered":0,"skipped":0,"pct":0}}
,"/Users/clarencebojangles/polly/polly-ios/src/theme/tokens.ts": {"lines":{"total":0,"covered":0,"skipped":0,"pct":100},"functions":{"total":0,"covered":0,"skipped":0,"pct":100},"statements":{"total":0,"covered":0,"skipped":0,"pct":100},"branches":{"total":0,"covered":0,"skipped":0,"pct":100}}
,"/Users/clarencebojangles/polly/polly-ios/src/themes/reas.ts": {"lines":{"total":1,"covered":0,"skipped":0,"pct":0},"functions":{"total":0,"covered":0,"skipped":0,"pct":100},"statements":{"total":1,"covered":0,"skipped":0,"pct":0},"branches":{"total":0,"covered":0,"skipped":0,"pct":100}}
,"/Users/clarencebojangles/polly/polly-ios/src/utils/mmkvEncryption.ts": {"lines":{"total":24,"covered":0,"skipped":0,"pct":0},"functions":{"total":4,"covered":0,"skipped":0,"pct":0},"statements":{"total":24,"covered":0,"skipped":0,"pct":0},"branches":{"total":4,"covered":0,"skipped":0,"pct":0}}
,"/Users/clarencebojangles/polly/polly-ios/src/utils/sanitizeForLog.ts": {"lines":{"total":26,"covered":24,"skipped":0,"pct":92.3},"functions":{"total":3,"covered":3,"skipped":0,"pct":100},"statements":{"total":27,"covered":24,"skipped":0,"pct":88.88},"branches":{"total":18,"covered":15,"skipped":0,"pct":83.33}}
}
