{"/Users/clarencebojangles/polly/polly-ios/app/_layout.tsx": {"path":"/Users/clarencebojangles/polly/polly-ios/app/_layout.tsx","statementMap":{"0":{"start":{"line":12,"column":2},"end":{"line":21,"column":9}},"1":{"start":{"line":15,"column":4},"end":{"line":20,"column":7}},"2":{"start":{"line":16,"column":18},"end":{"line":16,"column":39}},"3":{"start":{"line":19,"column":6},"end":{"line":19,"column":67}},"4":{"start":{"line":23,"column":2},"end":{"line":29,"column":4}}},"fnMap":{"0":{"name":"RootLayout","decl":{"start":{"line":9,"column":24},"end":{"line":9,"column":34}},"loc":{"start":{"line":9,"column":37},"end":{"line":30,"column":1}},"line":9},"1":{"name":"(anonymous_1)","decl":{"start":{"line":12,"column":12},"end":{"line":12,"column":13}},"loc":{"start":{"line":12,"column":18},"end":{"line":21,"column":3}},"line":12},"2":{"name":"(anonymous_2)","decl":{"start":{"line":16,"column":12},"end":{"line":16,"column":13}},"loc":{"start":{"line":16,"column":18},"end":{"line":16,"column":39}},"line":16},"3":{"name":"(anonymous_3)","decl":{"start":{"line":17,"column":13},"end":{"line":17,"column":14}},"loc":{"start":{"line":17,"column":20},"end":{"line":20,"column":5}},"line":17}},"branchMap":{},"s":{"0":0,"1":0,"2":0,"3":0,"4":0},"f":{"0":0,"1":0,"2":0,"3":0},"b":{}}
,"/Users/clarencebojangles/polly/polly-ios/app/index.tsx": {"path":"/Users/clarencebojangles/polly/polly-ios/app/index.tsx","statementMap":{"0":{"start":{"line":5,"column":21},"end":{"line":5,"column":45}},"1":{"start":{"line":8,"column":2},"end":{"line":8,"column":75}}},"fnMap":{"0":{"name":"Index","decl":{"start":{"line":7,"column":24},"end":{"line":7,"column":29}},"loc":{"start":{"line":7,"column":32},"end":{"line":9,"column":1}},"line":7}},"branchMap":{"0":{"loc":{"start":{"line":8,"column":25},"end":{"line":8,"column":70}},"type":"cond-expr","locations":[{"start":{"line":8,"column":40},"end":{"line":8,"column":54}},{"start":{"line":8,"column":57},"end":{"line":8,"column":70}}],"line":8}},"s":{"0":0,"1":0},"f":{"0":0},"b":{"0":[0,0]}}
,"/Users/clarencebojangles/polly/polly-ios/app/onboarding.tsx": {"path":"/Users/clarencebojangles/polly/polly-ios/app/onboarding.tsx","statementMap":{"0":{"start":{"line":50,"column":2},"end":{"line":50,"column":32}},"1":{"start":{"line":50,"column":19},"end":{"line":50,"column":32}},"2":{"start":{"line":51,"column":2},"end":{"line":56,"column":3}},"3":{"start":{"line":52,"column":16},"end":{"line":52,"column":35}},"4":{"start":{"line":53,"column":4},"end":{"line":53,"column":65}},"5":{"start":{"line":55,"column":4},"end":{"line":55,"column":17}},"6":{"start":{"line":63,"column":27},"end":{"line":63,"column":33}},"7":{"start":{"line":69,"column":15},"end":{"line":69,"column":44}},"8":{"start":{"line":70,"column":21},"end":{"line":70,"column":42}},"9":{"start":{"line":71,"column":16},"end":{"line":71,"column":72}},"10":{"start":{"line":71,"column":33},"end":{"line":71,"column":51}},"11":{"start":{"line":73,"column":2},"end":{"line":126,"column":3}},"12":{"start":{"line":74,"column":21},"end":{"line":81,"column":6}},"13":{"start":{"line":83,"column":4},"end":{"line":83,"column":24}},"14":{"start":{"line":85,"column":4},"end":{"line":90,"column":5}},"15":{"start":{"line":86,"column":6},"end":{"line":89,"column":8}},"16":{"start":{"line":92,"column":4},"end":{"line":97,"column":5}},"17":{"start":{"line":93,"column":6},"end":{"line":96,"column":8}},"18":{"start":{"line":99,"column":4},"end":{"line":99,"column":33}},"19":{"start":{"line":101,"column":4},"end":{"line":101,"column":24}},"20":{"start":{"line":103,"column":4},"end":{"line":123,"column":5}},"21":{"start":{"line":104,"column":6},"end":{"line":109,"column":7}},"22":{"start":{"line":105,"column":8},"end":{"line":108,"column":10}},"23":{"start":{"line":111,"column":6},"end":{"line":121,"column":7}},"24":{"start":{"line":117,"column":8},"end":{"line":120,"column":10}},"25":{"start":{"line":122,"column":6},"end":{"line":122,"column":63}},"26":{"start":{"line":125,"column":4},"end":{"line":125,"column":81}},"27":{"start":{"line":134,"column":2},"end":{"line":145,"column":4}},"28":{"start":{"line":149,"column":2},"end":{"line":155,"column":4}},"29":{"start":{"line":163,"column":2},"end":{"line":183,"column":4}},"30":{"start":{"line":197,"column":16},"end":{"line":197,"column":40}},"31":{"start":{"line":198,"column":20},"end":{"line":198,"column":46}},"32":{"start":{"line":200,"column":2},"end":{"line":249,"column":4}},"33":{"start":{"line":220,"column":33},"end":{"line":220,"column":50}},"34":{"start":{"line":263,"column":19},"end":{"line":263,"column":42}},"35":{"start":{"line":265,"column":2},"end":{"line":316,"column":4}},"36":{"start":{"line":285,"column":33},"end":{"line":285,"column":53}},"37":{"start":{"line":328,"column":20},"end":{"line":328,"column":75}},"38":{"start":{"line":329,"column":20},"end":{"line":329,"column":47}},"39":{"start":{"line":330,"column":20},"end":{"line":330,"column":156}},"40":{"start":{"line":331,"column":25},"end":{"line":331,"column":99}},"41":{"start":{"line":333,"column":2},"end":{"line":387,"column":4}},"42":{"start":{"line":394,"column":28},"end":{"line":394,"column":93}},"43":{"start":{"line":397,"column":14},"end":{"line":397,"column":42}},"44":{"start":{"line":398,"column":2},"end":{"line":407,"column":4}},"45":{"start":{"line":401,"column":8},"end":{"line":404,"column":10}},"46":{"start":{"line":415,"column":17},"end":{"line":415,"column":28}},"47":{"start":{"line":416,"column":52},"end":{"line":416,"column":72}},"48":{"start":{"line":418,"column":26},"end":{"line":418,"column":51}},"49":{"start":{"line":419,"column":48},"end":{"line":419,"column":60}},"50":{"start":{"line":420,"column":46},"end":{"line":420,"column":58}},"51":{"start":{"line":421,"column":50},"end":{"line":421,"column":96}},"52":{"start":{"line":423,"column":15},"end":{"line":426,"column":16}},"53":{"start":{"line":424,"column":4},"end":{"line":424,"column":15}},"54":{"start":{"line":425,"column":4},"end":{"line":425,"column":16}},"55":{"start":{"line":428,"column":31},"end":{"line":449,"column":82}},"56":{"start":{"line":429,"column":4},"end":{"line":429,"column":31}},"57":{"start":{"line":430,"column":4},"end":{"line":430,"column":47}},"58":{"start":{"line":432,"column":19},"end":{"line":432,"column":86}},"59":{"start":{"line":433,"column":4},"end":{"line":433,"column":32}},"60":{"start":{"line":435,"column":4},"end":{"line":448,"column":5}},"61":{"start":{"line":437,"column":6},"end":{"line":437,"column":44}},"62":{"start":{"line":439,"column":6},"end":{"line":443,"column":7}},"63":{"start":{"line":440,"column":8},"end":{"line":440,"column":95}},"64":{"start":{"line":442,"column":8},"end":{"line":442,"column":80}},"65":{"start":{"line":445,"column":6},"end":{"line":445,"column":21}},"66":{"start":{"line":447,"column":6},"end":{"line":447,"column":37}},"67":{"start":{"line":451,"column":2},"end":{"line":494,"column":4}},"68":{"start":{"line":464,"column":37},"end":{"line":464,"column":56}},"69":{"start":{"line":471,"column":26},"end":{"line":471,"column":47}},"70":{"start":{"line":472,"column":26},"end":{"line":472,"column":41}},"71":{"start":{"line":481,"column":26},"end":{"line":481,"column":45}},"72":{"start":{"line":489,"column":26},"end":{"line":489,"column":47}},"73":{"start":{"line":501,"column":15},"end":{"line":699,"column":2}}},"fnMap":{"0":{"name":"isValidGatewayUrl","decl":{"start":{"line":49,"column":9},"end":{"line":49,"column":26}},"loc":{"start":{"line":49,"column":49},"end":{"line":57,"column":1}},"line":49},"1":{"name":"testConnection","decl":{"start":{"line":65,"column":15},"end":{"line":65,"column":29}},"loc":{"start":{"line":68,"column":29},"end":{"line":127,"column":1}},"line":68},"2":{"name":"(anonymous_2)","decl":{"start":{"line":71,"column":27},"end":{"line":71,"column":28}},"loc":{"start":{"line":71,"column":33},"end":{"line":71,"column":51}},"line":71},"3":{"name":"showGatewayUrlHelp","decl":{"start":{"line":133,"column":9},"end":{"line":133,"column":27}},"loc":{"start":{"line":133,"column":30},"end":{"line":146,"column":1}},"line":133},"4":{"name":"showAuthTokenHelp","decl":{"start":{"line":148,"column":9},"end":{"line":148,"column":26}},"loc":{"start":{"line":148,"column":29},"end":{"line":156,"column":1}},"line":148},"5":{"name":"WelcomeStep","decl":{"start":{"line":162,"column":9},"end":{"line":162,"column":20}},"loc":{"start":{"line":162,"column":57},"end":{"line":184,"column":1}},"line":162},"6":{"name":"GatewayUrlStep","decl":{"start":{"line":186,"column":9},"end":{"line":186,"column":23}},"loc":{"start":{"line":196,"column":3},"end":{"line":250,"column":1}},"line":196},"7":{"name":"(anonymous_7)","decl":{"start":{"line":220,"column":27},"end":{"line":220,"column":28}},"loc":{"start":{"line":220,"column":33},"end":{"line":220,"column":50}},"line":220},"8":{"name":"AuthTokenStep","decl":{"start":{"line":252,"column":9},"end":{"line":252,"column":22}},"loc":{"start":{"line":262,"column":3},"end":{"line":317,"column":1}},"line":262},"9":{"name":"(anonymous_9)","decl":{"start":{"line":285,"column":27},"end":{"line":285,"column":28}},"loc":{"start":{"line":285,"column":33},"end":{"line":285,"column":53}},"line":285},"10":{"name":"TestingConnectionStep","decl":{"start":{"line":319,"column":9},"end":{"line":319,"column":30}},"loc":{"start":{"line":327,"column":3},"end":{"line":388,"column":1}},"line":327},"11":{"name":"ProgressDots","decl":{"start":{"line":396,"column":9},"end":{"line":396,"column":21}},"loc":{"start":{"line":396,"column":54},"end":{"line":408,"column":1}},"line":396},"12":{"name":"(anonymous_12)","decl":{"start":{"line":400,"column":23},"end":{"line":400,"column":24}},"loc":{"start":{"line":401,"column":8},"end":{"line":404,"column":10}},"line":401},"13":{"name":"OnboardingScreen","decl":{"start":{"line":414,"column":24},"end":{"line":414,"column":40}},"loc":{"start":{"line":414,"column":43},"end":{"line":495,"column":1}},"line":414},"14":{"name":"(anonymous_14)","decl":{"start":{"line":423,"column":27},"end":{"line":423,"column":28}},"loc":{"start":{"line":423,"column":40},"end":{"line":426,"column":3}},"line":423},"15":{"name":"(anonymous_15)","decl":{"start":{"line":428,"column":43},"end":{"line":428,"column":44}},"loc":{"start":{"line":428,"column":55},"end":{"line":449,"column":3}},"line":428},"16":{"name":"(anonymous_16)","decl":{"start":{"line":464,"column":31},"end":{"line":464,"column":32}},"loc":{"start":{"line":464,"column":37},"end":{"line":464,"column":56}},"line":464},"17":{"name":"(anonymous_17)","decl":{"start":{"line":471,"column":20},"end":{"line":471,"column":21}},"loc":{"start":{"line":471,"column":26},"end":{"line":471,"column":47}},"line":471},"18":{"name":"(anonymous_18)","decl":{"start":{"line":472,"column":20},"end":{"line":472,"column":21}},"loc":{"start":{"line":472,"column":26},"end":{"line":472,"column":41}},"line":472},"19":{"name":"(anonymous_19)","decl":{"start":{"line":481,"column":20},"end":{"line":481,"column":21}},"loc":{"start":{"line":481,"column":26},"end":{"line":481,"column":45}},"line":481},"20":{"name":"(anonymous_20)","decl":{"start":{"line":489,"column":20},"end":{"line":489,"column":21}},"loc":{"start":{"line":489,"column":26},"end":{"line":489,"column":47}},"line":489}},"branchMap":{"0":{"loc":{"start":{"line":50,"column":2},"end":{"line":50,"column":32}},"type":"if","locations":[{"start":{"line":50,"column":2},"end":{"line":50,"column":32}},{"start":{},"end":{}}],"line":50},"1":{"loc":{"start":{"line":53,"column":11},"end":{"line":53,"column":64}},"type":"binary-expr","locations":[{"start":{"line":53,"column":11},"end":{"line":53,"column":35}},{"start":{"line":53,"column":39},"end":{"line":53,"column":64}}],"line":53},"2":{"loc":{"start":{"line":85,"column":4},"end":{"line":90,"column":5}},"type":"if","locations":[{"start":{"line":85,"column":4},"end":{"line":90,"column":5}},{"start":{},"end":{}}],"line":85},"3":{"loc":{"start":{"line":85,"column":8},"end":{"line":85,"column":58}},"type":"binary-expr","locations":[{"start":{"line":85,"column":8},"end":{"line":85,"column":31}},{"start":{"line":85,"column":35},"end":{"line":85,"column":58}}],"line":85},"4":{"loc":{"start":{"line":92,"column":4},"end":{"line":97,"column":5}},"type":"if","locations":[{"start":{"line":92,"column":4},"end":{"line":97,"column":5}},{"start":{},"end":{}}],"line":92},"5":{"loc":{"start":{"line":103,"column":4},"end":{"line":123,"column":5}},"type":"if","locations":[{"start":{"line":103,"column":4},"end":{"line":123,"column":5}},{"start":{},"end":{}}],"line":103},"6":{"loc":{"start":{"line":104,"column":6},"end":{"line":109,"column":7}},"type":"if","locations":[{"start":{"line":104,"column":6},"end":{"line":109,"column":7}},{"start":{},"end":{}}],"line":104},"7":{"loc":{"start":{"line":111,"column":6},"end":{"line":121,"column":7}},"type":"if","locations":[{"start":{"line":111,"column":6},"end":{"line":121,"column":7}},{"start":{},"end":{}}],"line":111},"8":{"loc":{"start":{"line":112,"column":8},"end":{"line":115,"column":36}},"type":"binary-expr","locations":[{"start":{"line":112,"column":8},"end":{"line":112,"column":54}},{"start":{"line":113,"column":8},"end":{"line":113,"column":47}},{"start":{"line":114,"column":8},"end":{"line":114,"column":44}},{"start":{"line":115,"column":8},"end":{"line":115,"column":36}}],"line":112},"9":{"loc":{"start":{"line":198,"column":20},"end":{"line":198,"column":46}},"type":"binary-expr","locations":[{"start":{"line":198,"column":20},"end":{"line":198,"column":36}},{"start":{"line":198,"column":40},"end":{"line":198,"column":46}}],"line":198},"10":{"loc":{"start":{"line":210,"column":36},"end":{"line":210,"column":70}},"type":"binary-expr","locations":[{"start":{"line":210,"column":36},"end":{"line":210,"column":45}},{"start":{"line":210,"column":49},"end":{"line":210,"column":70}}],"line":210},"11":{"loc":{"start":{"line":220,"column":33},"end":{"line":220,"column":50}},"type":"binary-expr","locations":[{"start":{"line":220,"column":33},"end":{"line":220,"column":38}},{"start":{"line":220,"column":42},"end":{"line":220,"column":50}}],"line":220},"12":{"loc":{"start":{"line":222,"column":9},"end":{"line":224,"column":9}},"type":"binary-expr","locations":[{"start":{"line":222,"column":9},"end":{"line":222,"column":18}},{"start":{"line":223,"column":10},"end":{"line":223,"column":88}}],"line":222},"13":{"loc":{"start":{"line":239,"column":66},"end":{"line":239,"column":104}},"type":"binary-expr","locations":[{"start":{"line":239,"column":66},"end":{"line":239,"column":72}},{"start":{"line":239,"column":76},"end":{"line":239,"column":104}}],"line":239},"14":{"loc":{"start":{"line":285,"column":33},"end":{"line":285,"column":53}},"type":"binary-expr","locations":[{"start":{"line":285,"column":33},"end":{"line":285,"column":41}},{"start":{"line":285,"column":45},"end":{"line":285,"column":53}}],"line":285},"15":{"loc":{"start":{"line":306,"column":66},"end":{"line":306,"column":107}},"type":"binary-expr","locations":[{"start":{"line":306,"column":66},"end":{"line":306,"column":75}},{"start":{"line":306,"column":79},"end":{"line":306,"column":107}}],"line":306},"16":{"loc":{"start":{"line":328,"column":20},"end":{"line":328,"column":75}},"type":"binary-expr","locations":[{"start":{"line":328,"column":20},"end":{"line":328,"column":44}},{"start":{"line":328,"column":48},"end":{"line":328,"column":75}}],"line":328},"17":{"loc":{"start":{"line":330,"column":20},"end":{"line":330,"column":156}},"type":"binary-expr","locations":[{"start":{"line":330,"column":20},"end":{"line":330,"column":51}},{"start":{"line":330,"column":55},"end":{"line":330,"column":88}},{"start":{"line":330,"column":92},"end":{"line":330,"column":119}},{"start":{"line":330,"column":123},"end":{"line":330,"column":156}}],"line":330},"18":{"loc":{"start":{"line":331,"column":25},"end":{"line":331,"column":99}},"type":"cond-expr","locations":[{"start":{"line":331,"column":37},"end":{"line":331,"column":92}},{"start":{"line":331,"column":95},"end":{"line":331,"column":99}}],"line":331},"19":{"loc":{"start":{"line":338,"column":9},"end":{"line":343,"column":9}},"type":"binary-expr","locations":[{"start":{"line":338,"column":9},"end":{"line":338,"column":18}},{"start":{"line":339,"column":10},"end":{"line":342,"column":13}}],"line":338},"20":{"loc":{"start":{"line":345,"column":9},"end":{"line":353,"column":9}},"type":"binary-expr","locations":[{"start":{"line":345,"column":9},"end":{"line":345,"column":18}},{"start":{"line":346,"column":10},"end":{"line":352,"column":13}}],"line":345},"21":{"loc":{"start":{"line":355,"column":9},"end":{"line":371,"column":9}},"type":"binary-expr","locations":[{"start":{"line":355,"column":9},"end":{"line":355,"column":18}},{"start":{"line":355,"column":22},"end":{"line":355,"column":36}},{"start":{"line":356,"column":10},"end":{"line":370,"column":13}}],"line":355},"22":{"loc":{"start":{"line":357,"column":13},"end":{"line":359,"column":13}},"type":"binary-expr","locations":[{"start":{"line":357,"column":13},"end":{"line":357,"column":44}},{"start":{"line":358,"column":14},"end":{"line":358,"column":56}}],"line":357},"23":{"loc":{"start":{"line":360,"column":13},"end":{"line":362,"column":13}},"type":"binary-expr","locations":[{"start":{"line":360,"column":13},"end":{"line":360,"column":44}},{"start":{"line":361,"column":14},"end":{"line":361,"column":56}}],"line":360},"24":{"loc":{"start":{"line":364,"column":15},"end":{"line":364,"column":68}},"type":"binary-expr","locations":[{"start":{"line":364,"column":15},"end":{"line":364,"column":42}},{"start":{"line":364,"column":46},"end":{"line":364,"column":68}}],"line":364},"25":{"loc":{"start":{"line":365,"column":15},"end":{"line":365,"column":67}},"type":"binary-expr","locations":[{"start":{"line":365,"column":15},"end":{"line":365,"column":48}},{"start":{"line":365,"column":52},"end":{"line":365,"column":67}}],"line":365},"26":{"loc":{"start":{"line":366,"column":15},"end":{"line":366,"column":71}},"type":"binary-expr","locations":[{"start":{"line":366,"column":15},"end":{"line":366,"column":46}},{"start":{"line":366,"column":50},"end":{"line":366,"column":71}}],"line":366},"27":{"loc":{"start":{"line":367,"column":15},"end":{"line":367,"column":71}},"type":"binary-expr","locations":[{"start":{"line":367,"column":15},"end":{"line":367,"column":48}},{"start":{"line":367,"column":52},"end":{"line":367,"column":71}}],"line":367},"28":{"loc":{"start":{"line":374,"column":7},"end":{"line":385,"column":7}},"type":"binary-expr","locations":[{"start":{"line":374,"column":7},"end":{"line":374,"column":16}},{"start":{"line":375,"column":8},"end":{"line":384,"column":15}}],"line":374},"29":{"loc":{"start":{"line":403,"column":30},"end":{"line":403,"column":59}},"type":"binary-expr","locations":[{"start":{"line":403,"column":30},"end":{"line":403,"column":39}},{"start":{"line":403,"column":43},"end":{"line":403,"column":59}}],"line":403},"30":{"loc":{"start":{"line":403,"column":61},"end":{"line":403,"column":86}},"type":"binary-expr","locations":[{"start":{"line":403,"column":61},"end":{"line":403,"column":68}},{"start":{"line":403,"column":72},"end":{"line":403,"column":86}}],"line":403},"31":{"loc":{"start":{"line":435,"column":4},"end":{"line":448,"column":5}},"type":"if","locations":[{"start":{"line":435,"column":4},"end":{"line":448,"column":5}},{"start":{},"end":{}}],"line":435},"32":{"loc":{"start":{"line":454,"column":16},"end":{"line":454,"column":60}},"type":"cond-expr","locations":[{"start":{"line":454,"column":40},"end":{"line":454,"column":49}},{"start":{"line":454,"column":52},"end":{"line":454,"column":60}}],"line":454},"33":{"loc":{"start":{"line":461,"column":9},"end":{"line":461,"column":62}},"type":"binary-expr","locations":[{"start":{"line":461,"column":9},"end":{"line":461,"column":27}},{"start":{"line":461,"column":31},"end":{"line":461,"column":62}}],"line":461},"34":{"loc":{"start":{"line":463,"column":9},"end":{"line":465,"column":9}},"type":"binary-expr","locations":[{"start":{"line":463,"column":9},"end":{"line":463,"column":27}},{"start":{"line":464,"column":10},"end":{"line":464,"column":60}}],"line":463},"35":{"loc":{"start":{"line":467,"column":9},"end":{"line":474,"column":9}},"type":"binary-expr","locations":[{"start":{"line":467,"column":9},"end":{"line":467,"column":31}},{"start":{"line":468,"column":10},"end":{"line":473,"column":12}}],"line":467},"36":{"loc":{"start":{"line":476,"column":9},"end":{"line":483,"column":9}},"type":"binary-expr","locations":[{"start":{"line":476,"column":9},"end":{"line":476,"column":33}},{"start":{"line":477,"column":10},"end":{"line":482,"column":12}}],"line":476},"37":{"loc":{"start":{"line":485,"column":9},"end":{"line":491,"column":9}},"type":"binary-expr","locations":[{"start":{"line":485,"column":9},"end":{"line":485,"column":38}},{"start":{"line":486,"column":10},"end":{"line":490,"column":12}}],"line":485}},"s":{"0":0,"1":0,"2":0,"3":0,"4":0,"5":0,"6":0,"7":0,"8":0,"9":0,"10":0,"11":0,"12":0,"13":0,"14":0,"15":0,"16":0,"17":0,"18":0,"19":0,"20":0,"21":0,"22":0,"23":0,"24":0,"25":0,"26":0,"27":0,"28":0,"29":0,"30":0,"31":0,"32":0,"33":0,"34":0,"35":0,"36":0,"37":0,"38":0,"39":0,"40":0,"41":0,"42":0,"43":0,"44":0,"45":0,"46":0,"47":0,"48":0,"49":0,"50":0,"51":0,"52":0,"53":0,"54":0,"55":0,"56":0,"57":0,"58":0,"59":0,"60":0,"61":0,"62":0,"63":0,"64":0,"65":0,"66":0,"67":0,"68":0,"69":0,"70":0,"71":0,"72":0,"73":0},"f":{"0":0,"1":0,"2":0,"3":0,"4":0,"5":0,"6":0,"7":0,"8":0,"9":0,"10":0,"11":0,"12":0,"13":0,"14":0,"15":0,"16":0,"17":0,"18":0,"19":0,"20":0},"b":{"0":[0,0],"1":[0,0],"2":[0,0],"3":[0,0],"4":[0,0],"5":[0,0],"6":[0,0],"7":[0,0],"8":[0,0,0,0],"9":[0,0],"10":[0,0],"11":[0,0],"12":[0,0],"13":[0,0],"14":[0,0],"15":[0,0],"16":[0,0],"17":[0,0,0,0],"18":[0,0],"19":[0,0],"20":[0,0],"21":[0,0,0],"22":[0,0],"23":[0,0],"24":[0,0],"25":[0,0],"26":[0,0],"27":[0,0],"28":[0,0],"29":[0,0],"30":[0,0],"31":[0,0],"32":[0,0],"33":[0,0],"34":[0,0],"35":[0,0],"36":[0,0],"37":[0,0]}}
,"/Users/clarencebojangles/polly/polly-ios/app/(main)/_layout.tsx": {"path":"/Users/clarencebojangles/polly/polly-ios/app/(main)/_layout.tsx","statementMap":{"0":{"start":{"line":11,"column":38},"end":{"line":11,"column":53}},"1":{"start":{"line":12,"column":44},"end":{"line":12,"column":65}},"2":{"start":{"line":14,"column":2},"end":{"line":27,"column":4}},"3":{"start":{"line":19,"column":23},"end":{"line":19,"column":43}},"4":{"start":{"line":21,"column":10},"end":{"line":21,"column":31}},"5":{"start":{"line":22,"column":10},"end":{"line":22,"column":31}},"6":{"start":{"line":30,"column":15},"end":{"line":35,"column":2}}},"fnMap":{"0":{"name":"MainLayout","decl":{"start":{"line":10,"column":24},"end":{"line":10,"column":34}},"loc":{"start":{"line":10,"column":37},"end":{"line":28,"column":1}},"line":10},"1":{"name":"(anonymous_1)","decl":{"start":{"line":19,"column":17},"end":{"line":19,"column":18}},"loc":{"start":{"line":19,"column":23},"end":{"line":19,"column":43}},"line":19},"2":{"name":"(anonymous_2)","decl":{"start":{"line":20,"column":23},"end":{"line":20,"column":24}},"loc":{"start":{"line":20,"column":31},"end":{"line":23,"column":9}},"line":20}},"branchMap":{},"s":{"0":0,"1":0,"2":0,"3":0,"4":0,"5":0,"6":0},"f":{"0":0,"1":0,"2":0},"b":{}}
,"/Users/clarencebojangles/polly/polly-ios/app/(main)/chat.tsx": {"path":"/Users/clarencebojangles/polly/polly-ios/app/(main)/chat.tsx","statementMap":{"0":{"start":{"line":75,"column":12},"end":{"line":75,"column":31}},"1":{"start":{"line":76,"column":14},"end":{"line":76,"column":24}},"2":{"start":{"line":78,"column":4},"end":{"line":80,"column":33}},"3":{"start":{"line":81,"column":22},"end":{"line":89,"column":6}},"4":{"start":{"line":82,"column":14},"end":{"line":82,"column":27}},"5":{"start":{"line":83,"column":4},"end":{"line":83,"column":31}},"6":{"start":{"line":84,"column":4},"end":{"line":88,"column":6}},"7":{"start":{"line":91,"column":2},"end":{"line":91,"column":30}},"8":{"start":{"line":91,"column":15},"end":{"line":91,"column":30}},"9":{"start":{"line":92,"column":2},"end":{"line":92,"column":38}},"10":{"start":{"line":92,"column":19},"end":{"line":92,"column":38}},"11":{"start":{"line":93,"column":2},"end":{"line":97,"column":5}},"12":{"start":{"line":101,"column":2},"end":{"line":104,"column":14}},"13":{"start":{"line":102,"column":19},"end":{"line":102,"column":36}},"14":{"start":{"line":103,"column":16},"end":{"line":103,"column":58}},"15":{"start":{"line":108,"column":2},"end":{"line":113,"column":19}},"16":{"start":{"line":110,"column":16},"end":{"line":110,"column":26}},"17":{"start":{"line":120,"column":28},"end":{"line":120,"column":30}},"18":{"start":{"line":121,"column":22},"end":{"line":121,"column":24}},"19":{"start":{"line":123,"column":2},"end":{"line":131,"column":3}},"20":{"start":{"line":124,"column":15},"end":{"line":124,"column":33}},"21":{"start":{"line":125,"column":18},"end":{"line":125,"column":47}},"22":{"start":{"line":126,"column":4},"end":{"line":129,"column":5}},"23":{"start":{"line":127,"column":6},"end":{"line":127,"column":42}},"24":{"start":{"line":128,"column":6},"end":{"line":128,"column":28}},"25":{"start":{"line":130,"column":4},"end":{"line":130,"column":50}},"26":{"start":{"line":133,"column":2},"end":{"line":135,"column":3}},"27":{"start":{"line":134,"column":4},"end":{"line":134,"column":35}},"28":{"start":{"line":138,"column":2},"end":{"line":138,"column":25}},"29":{"start":{"line":143,"column":25},"end":{"line":147,"column":1}},"30":{"start":{"line":150,"column":2},"end":{"line":164,"column":4}},"31":{"start":{"line":154,"column":8},"end":{"line":161,"column":27}},"32":{"start":{"line":157,"column":25},"end":{"line":157,"column":42}},"33":{"start":{"line":167,"column":20},"end":{"line":195,"column":2}},"34":{"start":{"line":198,"column":2},"end":{"line":204,"column":4}},"35":{"start":{"line":207,"column":21},"end":{"line":220,"column":2}},"36":{"start":{"line":223,"column":2},"end":{"line":229,"column":4}},"37":{"start":{"line":232,"column":24},"end":{"line":249,"column":2}},"38":{"start":{"line":255,"column":34},"end":{"line":255,"column":49}},"39":{"start":{"line":256,"column":2},"end":{"line":272,"column":4}},"40":{"start":{"line":258,"column":21},"end":{"line":258,"column":43}},"41":{"start":{"line":258,"column":40},"end":{"line":258,"column":42}},"42":{"start":{"line":275,"column":23},"end":{"line":302,"column":2}},"43":{"start":{"line":311,"column":17},"end":{"line":311,"column":40}},"44":{"start":{"line":312,"column":19},"end":{"line":312,"column":46}},"45":{"start":{"line":313,"column":25},"end":{"line":315,"column":47}},"46":{"start":{"line":314,"column":11},"end":{"line":314,"column":32}},"47":{"start":{"line":317,"column":26},"end":{"line":338,"column":47}},"48":{"start":{"line":318,"column":4},"end":{"line":337,"column":6}},"49":{"start":{"line":324,"column":25},"end":{"line":324,"column":54}},"50":{"start":{"line":331,"column":31},"end":{"line":331,"column":54}},"51":{"start":{"line":340,"column":2},"end":{"line":378,"column":4}},"52":{"start":{"line":353,"column":8},"end":{"line":353,"column":51}},"53":{"start":{"line":381,"column":21},"end":{"line":422,"column":2}},"54":{"start":{"line":424,"column":23},"end":{"line":448,"column":1}},"55":{"start":{"line":453,"column":36},"end":{"line":453,"column":48}},"56":{"start":{"line":454,"column":18},"end":{"line":454,"column":51}},"57":{"start":{"line":455,"column":21},"end":{"line":455,"column":61}},"58":{"start":{"line":456,"column":42},"end":{"line":456,"column":57}},"59":{"start":{"line":467,"column":6},"end":{"line":467,"column":20}},"60":{"start":{"line":468,"column":27},"end":{"line":468,"column":62}},"61":{"start":{"line":468,"column":53},"end":{"line":468,"column":61}},"62":{"start":{"line":469,"column":26},"end":{"line":469,"column":64}},"63":{"start":{"line":469,"column":52},"end":{"line":469,"column":63}},"64":{"start":{"line":472,"column":38},"end":{"line":472,"column":52}},"65":{"start":{"line":473,"column":40},"end":{"line":473,"column":51}},"66":{"start":{"line":477,"column":2},"end":{"line":527,"column":22}},"67":{"start":{"line":478,"column":18},"end":{"line":478,"column":22}},"68":{"start":{"line":481,"column":24},"end":{"line":481,"column":68}},"69":{"start":{"line":482,"column":4},"end":{"line":482,"column":47}},"70":{"start":{"line":482,"column":21},"end":{"line":482,"column":47}},"71":{"start":{"line":484,"column":4},"end":{"line":518,"column":9}},"72":{"start":{"line":486,"column":8},"end":{"line":489,"column":9}},"73":{"start":{"line":487,"column":10},"end":{"line":487,"column":28}},"74":{"start":{"line":488,"column":10},"end":{"line":488,"column":17}},"75":{"start":{"line":490,"column":8},"end":{"line":490,"column":37}},"76":{"start":{"line":491,"column":8},"end":{"line":491,"column":30}},"77":{"start":{"line":494,"column":24},"end":{"line":494,"column":51}},"78":{"start":{"line":495,"column":8},"end":{"line":497,"column":9}},"79":{"start":{"line":496,"column":10},"end":{"line":496,"column":55}},"80":{"start":{"line":500,"column":8},"end":{"line":509,"column":11}},"81":{"start":{"line":501,"column":10},"end":{"line":501,"column":31}},"82":{"start":{"line":501,"column":24},"end":{"line":501,"column":31}},"83":{"start":{"line":502,"column":33},"end":{"line":502,"column":49}},"84":{"start":{"line":503,"column":10},"end":{"line":503,"column":62}},"85":{"start":{"line":504,"column":10},"end":{"line":504,"column":68}},"86":{"start":{"line":506,"column":10},"end":{"line":508,"column":11}},"87":{"start":{"line":507,"column":12},"end":{"line":507,"column":41}},"88":{"start":{"line":507,"column":34},"end":{"line":507,"column":39}},"89":{"start":{"line":511,"column":8},"end":{"line":514,"column":11}},"90":{"start":{"line":512,"column":10},"end":{"line":512,"column":31}},"91":{"start":{"line":512,"column":24},"end":{"line":512,"column":31}},"92":{"start":{"line":513,"column":10},"end":{"line":513,"column":54}},"93":{"start":{"line":517,"column":8},"end":{"line":517,"column":64}},"94":{"start":{"line":520,"column":4},"end":{"line":525,"column":6}},"95":{"start":{"line":521,"column":6},"end":{"line":521,"column":22}},"96":{"start":{"line":522,"column":6},"end":{"line":522,"column":36}},"97":{"start":{"line":523,"column":6},"end":{"line":523,"column":32}},"98":{"start":{"line":524,"column":6},"end":{"line":524,"column":29}},"99":{"start":{"line":530,"column":2},"end":{"line":532,"column":40}},"100":{"start":{"line":531,"column":4},"end":{"line":531,"column":36}},"101":{"start":{"line":536,"column":21},"end":{"line":550,"column":47}},"102":{"start":{"line":537,"column":20},"end":{"line":537,"column":38}},"103":{"start":{"line":538,"column":4},"end":{"line":538,"column":82}},"104":{"start":{"line":538,"column":75},"end":{"line":538,"column":82}},"105":{"start":{"line":540,"column":4},"end":{"line":540,"column":65}},"106":{"start":{"line":541,"column":17},"end":{"line":541,"column":33}},"107":{"start":{"line":542,"column":4},"end":{"line":542,"column":21}},"108":{"start":{"line":543,"column":4},"end":{"line":543,"column":51}},"109":{"start":{"line":545,"column":4},"end":{"line":549,"column":5}},"110":{"start":{"line":546,"column":6},"end":{"line":546,"column":31}},"111":{"start":{"line":548,"column":6},"end":{"line":548,"column":54}},"112":{"start":{"line":552,"column":21},"end":{"line":554,"column":8}},"113":{"start":{"line":553,"column":4},"end":{"line":553,"column":32}},"114":{"start":{"line":556,"column":32},"end":{"line":567,"column":21}},"115":{"start":{"line":558,"column":4},"end":{"line":558,"column":27}},"116":{"start":{"line":559,"column":4},"end":{"line":559,"column":34}},"117":{"start":{"line":560,"column":4},"end":{"line":560,"column":30}},"118":{"start":{"line":561,"column":4},"end":{"line":566,"column":28}},"119":{"start":{"line":563,"column":8},"end":{"line":563,"column":37}},"120":{"start":{"line":564,"column":8},"end":{"line":564,"column":30}},"121":{"start":{"line":571,"column":27},"end":{"line":573,"column":8}},"122":{"start":{"line":572,"column":4},"end":{"line":572,"column":62}},"123":{"start":{"line":572,"column":28},"end":{"line":572,"column":59}},"124":{"start":{"line":585,"column":6},"end":{"line":585,"column":41}},"125":{"start":{"line":587,"column":45},"end":{"line":594,"column":6}},"126":{"start":{"line":588,"column":4},"end":{"line":593,"column":5}},"127":{"start":{"line":589,"column":25},"end":{"line":589,"column":44}},"128":{"start":{"line":590,"column":25},"end":{"line":590,"column":45}},"129":{"start":{"line":591,"column":25},"end":{"line":591,"column":40}},"130":{"start":{"line":592,"column":25},"end":{"line":592,"column":42}},"131":{"start":{"line":596,"column":25},"end":{"line":599,"column":51}},"132":{"start":{"line":597,"column":4},"end":{"line":598,"column":57}},"133":{"start":{"line":597,"column":40},"end":{"line":597,"column":54}},"134":{"start":{"line":598,"column":9},"end":{"line":598,"column":57}},"135":{"start":{"line":598,"column":40},"end":{"line":598,"column":57}},"136":{"start":{"line":603,"column":20},"end":{"line":606,"column":3}},"137":{"start":{"line":604,"column":10},"end":{"line":604,"column":47}},"138":{"start":{"line":608,"column":31},"end":{"line":612,"column":8}},"139":{"start":{"line":609,"column":4},"end":{"line":609,"column":67}},"140":{"start":{"line":610,"column":4},"end":{"line":610,"column":24}},"141":{"start":{"line":611,"column":4},"end":{"line":611,"column":22}},"142":{"start":{"line":614,"column":23},"end":{"line":620,"column":8}},"143":{"start":{"line":615,"column":14},"end":{"line":615,"column":47}},"144":{"start":{"line":617,"column":21},"end":{"line":617,"column":27}},"145":{"start":{"line":618,"column":4},"end":{"line":618,"column":28}},"146":{"start":{"line":619,"column":4},"end":{"line":619,"column":36}},"147":{"start":{"line":619,"column":18},"end":{"line":619,"column":36}},"148":{"start":{"line":624,"column":27},"end":{"line":631,"column":16}},"149":{"start":{"line":626,"column":21},"end":{"line":626,"column":75}},"150":{"start":{"line":626,"column":57},"end":{"line":626,"column":74}},"151":{"start":{"line":627,"column":4},"end":{"line":630,"column":5}},"152":{"start":{"line":628,"column":19},"end":{"line":628,"column":47}},"153":{"start":{"line":629,"column":6},"end":{"line":629,"column":58}},"154":{"start":{"line":635,"column":27},"end":{"line":647,"column":29}},"155":{"start":{"line":636,"column":20},"end":{"line":636,"column":38}},"156":{"start":{"line":637,"column":4},"end":{"line":637,"column":25}},"157":{"start":{"line":637,"column":18},"end":{"line":637,"column":25}},"158":{"start":{"line":638,"column":18},"end":{"line":638,"column":45}},"159":{"start":{"line":639,"column":4},"end":{"line":646,"column":5}},"160":{"start":{"line":641,"column":25},"end":{"line":641,"column":59}},"161":{"start":{"line":641,"column":53},"end":{"line":641,"column":57}},"162":{"start":{"line":642,"column":23},"end":{"line":642,"column":65}},"163":{"start":{"line":642,"column":43},"end":{"line":642,"column":64}},"164":{"start":{"line":643,"column":6},"end":{"line":645,"column":7}},"165":{"start":{"line":644,"column":8},"end":{"line":644,"column":48}},"166":{"start":{"line":651,"column":20},"end":{"line":651,"column":82}},"167":{"start":{"line":652,"column":22},"end":{"line":652,"column":54}},"168":{"start":{"line":653,"column":25},"end":{"line":653,"column":93}},"169":{"start":{"line":654,"column":18},"end":{"line":654,"column":61}},"170":{"start":{"line":656,"column":21},"end":{"line":670,"column":35}},"171":{"start":{"line":657,"column":4},"end":{"line":659,"column":5}},"172":{"start":{"line":658,"column":6},"end":{"line":658,"column":50}},"173":{"start":{"line":660,"column":4},"end":{"line":662,"column":5}},"174":{"start":{"line":661,"column":6},"end":{"line":661,"column":33}},"175":{"start":{"line":663,"column":4},"end":{"line":669,"column":6}},"176":{"start":{"line":672,"column":23},"end":{"line":676,"column":8}},"177":{"start":{"line":673,"column":4},"end":{"line":673,"column":67}},"178":{"start":{"line":673,"column":30},"end":{"line":673,"column":67}},"179":{"start":{"line":674,"column":4},"end":{"line":674,"column":58}},"180":{"start":{"line":674,"column":32},"end":{"line":674,"column":58}},"181":{"start":{"line":675,"column":4},"end":{"line":675,"column":27}},"182":{"start":{"line":680,"column":2},"end":{"line":849,"column":4}},"183":{"start":{"line":742,"column":18},"end":{"line":742,"column":37}},"184":{"start":{"line":810,"column":14},"end":{"line":812,"column":15}},"185":{"start":{"line":811,"column":16},"end":{"line":811,"column":29}},"186":{"start":{"line":854,"column":15},"end":{"line":1056,"column":2}}},"fnMap":{"0":{"name":"formatDateLabel","decl":{"start":{"line":74,"column":9},"end":{"line":74,"column":24}},"loc":{"start":{"line":74,"column":52},"end":{"line":98,"column":1}},"line":74},"1":{"name":"(anonymous_1)","decl":{"start":{"line":81,"column":23},"end":{"line":81,"column":24}},"loc":{"start":{"line":81,"column":29},"end":{"line":89,"column":3}},"line":81},"2":{"name":"getTextFromMessage","decl":{"start":{"line":100,"column":9},"end":{"line":100,"column":27}},"loc":{"start":{"line":100,"column":52},"end":{"line":105,"column":1}},"line":100},"3":{"name":"(anonymous_3)","decl":{"start":{"line":102,"column":12},"end":{"line":102,"column":13}},"loc":{"start":{"line":102,"column":19},"end":{"line":102,"column":36}},"line":102},"4":{"name":"(anonymous_4)","decl":{"start":{"line":103,"column":9},"end":{"line":103,"column":10}},"loc":{"start":{"line":103,"column":16},"end":{"line":103,"column":58}},"line":103},"5":{"name":"getInitials","decl":{"start":{"line":107,"column":9},"end":{"line":107,"column":20}},"loc":{"start":{"line":107,"column":43},"end":{"line":114,"column":1}},"line":107},"6":{"name":"(anonymous_6)","decl":{"start":{"line":110,"column":9},"end":{"line":110,"column":10}},"loc":{"start":{"line":110,"column":16},"end":{"line":110,"column":26}},"line":110},"7":{"name":"buildListItems","decl":{"start":{"line":116,"column":9},"end":{"line":116,"column":23}},"loc":{"start":{"line":119,"column":14},"end":{"line":139,"column":1}},"line":119},"8":{"name":"EmptyState","decl":{"start":{"line":149,"column":9},"end":{"line":149,"column":19}},"loc":{"start":{"line":149,"column":78},"end":{"line":165,"column":1}},"line":149},"9":{"name":"(anonymous_9)","decl":{"start":{"line":153,"column":28},"end":{"line":153,"column":29}},"loc":{"start":{"line":154,"column":8},"end":{"line":161,"column":27}},"line":154},"10":{"name":"(anonymous_10)","decl":{"start":{"line":157,"column":19},"end":{"line":157,"column":20}},"loc":{"start":{"line":157,"column":25},"end":{"line":157,"column":42}},"line":157},"11":{"name":"TypingIndicator","decl":{"start":{"line":197,"column":9},"end":{"line":197,"column":24}},"loc":{"start":{"line":197,"column":27},"end":{"line":205,"column":1}},"line":197},"12":{"name":"DateSeparator","decl":{"start":{"line":222,"column":9},"end":{"line":222,"column":22}},"loc":{"start":{"line":222,"column":53},"end":{"line":230,"column":1}},"line":222},"13":{"name":"ThinkingPanel","decl":{"start":{"line":254,"column":9},"end":{"line":254,"column":22}},"loc":{"start":{"line":254,"column":53},"end":{"line":273,"column":1}},"line":254},"14":{"name":"(anonymous_14)","decl":{"start":{"line":258,"column":15},"end":{"line":258,"column":16}},"loc":{"start":{"line":258,"column":21},"end":{"line":258,"column":43}},"line":258},"15":{"name":"(anonymous_15)","decl":{"start":{"line":258,"column":33},"end":{"line":258,"column":34}},"loc":{"start":{"line":258,"column":40},"end":{"line":258,"column":42}},"line":258},"16":{"name":"MessageBubble","decl":{"start":{"line":310,"column":9},"end":{"line":310,"column":22}},"loc":{"start":{"line":310,"column":81},"end":{"line":379,"column":1}},"line":310},"17":{"name":"(anonymous_17)","decl":{"start":{"line":314,"column":4},"end":{"line":314,"column":5}},"loc":{"start":{"line":314,"column":11},"end":{"line":314,"column":32}},"line":314},"18":{"name":"(anonymous_18)","decl":{"start":{"line":317,"column":38},"end":{"line":317,"column":39}},"loc":{"start":{"line":317,"column":44},"end":{"line":338,"column":3}},"line":317},"19":{"name":"(anonymous_19)","decl":{"start":{"line":324,"column":19},"end":{"line":324,"column":20}},"loc":{"start":{"line":324,"column":25},"end":{"line":324,"column":54}},"line":324},"20":{"name":"(anonymous_20)","decl":{"start":{"line":331,"column":25},"end":{"line":331,"column":26}},"loc":{"start":{"line":331,"column":31},"end":{"line":331,"column":54}},"line":331},"21":{"name":"(anonymous_21)","decl":{"start":{"line":352,"column":37},"end":{"line":352,"column":38}},"loc":{"start":{"line":353,"column":8},"end":{"line":353,"column":51}},"line":353},"22":{"name":"ChatScreen","decl":{"start":{"line":452,"column":24},"end":{"line":452,"column":34}},"loc":{"start":{"line":452,"column":37},"end":{"line":850,"column":1}},"line":452},"23":{"name":"(anonymous_23)","decl":{"start":{"line":468,"column":46},"end":{"line":468,"column":47}},"loc":{"start":{"line":468,"column":53},"end":{"line":468,"column":61}},"line":468},"24":{"name":"(anonymous_24)","decl":{"start":{"line":469,"column":45},"end":{"line":469,"column":46}},"loc":{"start":{"line":469,"column":52},"end":{"line":469,"column":63}},"line":469},"25":{"name":"(anonymous_25)","decl":{"start":{"line":477,"column":12},"end":{"line":477,"column":13}},"loc":{"start":{"line":477,"column":18},"end":{"line":527,"column":3}},"line":477},"26":{"name":"(anonymous_26)","decl":{"start":{"line":485,"column":12},"end":{"line":485,"column":13}},"loc":{"start":{"line":485,"column":31},"end":{"line":515,"column":7}},"line":485},"27":{"name":"(anonymous_27)","decl":{"start":{"line":500,"column":29},"end":{"line":500,"column":30}},"loc":{"start":{"line":500,"column":35},"end":{"line":509,"column":9}},"line":500},"28":{"name":"(anonymous_28)","decl":{"start":{"line":507,"column":27},"end":{"line":507,"column":28}},"loc":{"start":{"line":507,"column":34},"end":{"line":507,"column":39}},"line":507},"29":{"name":"(anonymous_29)","decl":{"start":{"line":511,"column":28},"end":{"line":511,"column":29}},"loc":{"start":{"line":511,"column":47},"end":{"line":514,"column":9}},"line":511},"30":{"name":"(anonymous_30)","decl":{"start":{"line":516,"column":13},"end":{"line":516,"column":14}},"loc":{"start":{"line":516,"column":22},"end":{"line":518,"column":7}},"line":516},"31":{"name":"(anonymous_31)","decl":{"start":{"line":520,"column":11},"end":{"line":520,"column":12}},"loc":{"start":{"line":520,"column":17},"end":{"line":525,"column":5}},"line":520},"32":{"name":"(anonymous_32)","decl":{"start":{"line":530,"column":12},"end":{"line":530,"column":13}},"loc":{"start":{"line":530,"column":18},"end":{"line":532,"column":3}},"line":530},"33":{"name":"(anonymous_33)","decl":{"start":{"line":536,"column":33},"end":{"line":536,"column":34}},"loc":{"start":{"line":536,"column":45},"end":{"line":550,"column":3}},"line":536},"34":{"name":"(anonymous_34)","decl":{"start":{"line":552,"column":33},"end":{"line":552,"column":34}},"loc":{"start":{"line":552,"column":39},"end":{"line":554,"column":3}},"line":552},"35":{"name":"(anonymous_35)","decl":{"start":{"line":556,"column":44},"end":{"line":556,"column":45}},"loc":{"start":{"line":556,"column":50},"end":{"line":567,"column":3}},"line":556},"36":{"name":"(anonymous_36)","decl":{"start":{"line":562,"column":12},"end":{"line":562,"column":13}},"loc":{"start":{"line":562,"column":25},"end":{"line":565,"column":7}},"line":562},"37":{"name":"(anonymous_37)","decl":{"start":{"line":571,"column":39},"end":{"line":571,"column":40}},"loc":{"start":{"line":571,"column":57},"end":{"line":573,"column":3}},"line":571},"38":{"name":"(anonymous_38)","decl":{"start":{"line":572,"column":17},"end":{"line":572,"column":18}},"loc":{"start":{"line":572,"column":28},"end":{"line":572,"column":59}},"line":572},"39":{"name":"(anonymous_39)","decl":{"start":{"line":587,"column":46},"end":{"line":587,"column":47}},"loc":{"start":{"line":587,"column":52},"end":{"line":594,"column":3}},"line":587},"40":{"name":"(anonymous_40)","decl":{"start":{"line":596,"column":37},"end":{"line":596,"column":38}},"loc":{"start":{"line":596,"column":43},"end":{"line":599,"column":3}},"line":596},"41":{"name":"(anonymous_41)","decl":{"start":{"line":604,"column":4},"end":{"line":604,"column":5}},"loc":{"start":{"line":604,"column":10},"end":{"line":604,"column":47}},"line":604},"42":{"name":"(anonymous_42)","decl":{"start":{"line":608,"column":43},"end":{"line":608,"column":44}},"loc":{"start":{"line":608,"column":49},"end":{"line":612,"column":3}},"line":608},"43":{"name":"(anonymous_43)","decl":{"start":{"line":614,"column":35},"end":{"line":614,"column":36}},"loc":{"start":{"line":614,"column":97},"end":{"line":620,"column":3}},"line":614},"44":{"name":"(anonymous_44)","decl":{"start":{"line":624,"column":39},"end":{"line":624,"column":40}},"loc":{"start":{"line":624,"column":60},"end":{"line":631,"column":3}},"line":624},"45":{"name":"(anonymous_45)","decl":{"start":{"line":626,"column":50},"end":{"line":626,"column":51}},"loc":{"start":{"line":626,"column":57},"end":{"line":626,"column":74}},"line":626},"46":{"name":"(anonymous_46)","decl":{"start":{"line":635,"column":39},"end":{"line":635,"column":40}},"loc":{"start":{"line":635,"column":51},"end":{"line":647,"column":3}},"line":635},"47":{"name":"(anonymous_47)","decl":{"start":{"line":641,"column":46},"end":{"line":641,"column":47}},"loc":{"start":{"line":641,"column":53},"end":{"line":641,"column":57}},"line":641},"48":{"name":"(anonymous_48)","decl":{"start":{"line":642,"column":36},"end":{"line":642,"column":37}},"loc":{"start":{"line":642,"column":43},"end":{"line":642,"column":64}},"line":642},"49":{"name":"(anonymous_49)","decl":{"start":{"line":656,"column":33},"end":{"line":656,"column":34}},"loc":{"start":{"line":656,"column":67},"end":{"line":670,"column":3}},"line":656},"50":{"name":"(anonymous_50)","decl":{"start":{"line":672,"column":35},"end":{"line":672,"column":36}},"loc":{"start":{"line":672,"column":78},"end":{"line":676,"column":3}},"line":672},"51":{"name":"(anonymous_51)","decl":{"start":{"line":687,"column":19},"end":{"line":687,"column":20}},"loc":{"start":{"line":687,"column":25},"end":{"line":687,"column":55}},"line":687},"52":{"name":"(anonymous_52)","decl":{"start":{"line":741,"column":29},"end":{"line":741,"column":30}},"loc":{"start":{"line":741,"column":39},"end":{"line":743,"column":17}},"line":741},"53":{"name":"(anonymous_53)","decl":{"start":{"line":808,"column":29},"end":{"line":808,"column":30}},"loc":{"start":{"line":808,"column":36},"end":{"line":813,"column":13}},"line":808}},"branchMap":{"0":{"loc":{"start":{"line":78,"column":4},"end":{"line":80,"column":33}},"type":"binary-expr","locations":[{"start":{"line":78,"column":4},"end":{"line":78,"column":41}},{"start":{"line":79,"column":4},"end":{"line":79,"column":35}},{"start":{"line":80,"column":4},"end":{"line":80,"column":33}}],"line":78},"1":{"loc":{"start":{"line":85,"column":6},"end":{"line":87,"column":33}},"type":"binary-expr","locations":[{"start":{"line":85,"column":6},"end":{"line":85,"column":41}},{"start":{"line":86,"column":6},"end":{"line":86,"column":35}},{"start":{"line":87,"column":6},"end":{"line":87,"column":33}}],"line":85},"2":{"loc":{"start":{"line":91,"column":2},"end":{"line":91,"column":30}},"type":"if","locations":[{"start":{"line":91,"column":2},"end":{"line":91,"column":30}},{"start":{},"end":{}}],"line":91},"3":{"loc":{"start":{"line":92,"column":2},"end":{"line":92,"column":38}},"type":"if","locations":[{"start":{"line":92,"column":2},"end":{"line":92,"column":38}},{"start":{},"end":{}}],"line":92},"4":{"loc":{"start":{"line":96,"column":10},"end":{"line":96,"column":71}},"type":"cond-expr","locations":[{"start":{"line":96,"column":50},"end":{"line":96,"column":59}},{"start":{"line":96,"column":62},"end":{"line":96,"column":71}}],"line":96},"5":{"loc":{"start":{"line":110,"column":16},"end":{"line":110,"column":26}},"type":"binary-expr","locations":[{"start":{"line":110,"column":16},"end":{"line":110,"column":20}},{"start":{"line":110,"column":24},"end":{"line":110,"column":26}}],"line":110},"6":{"loc":{"start":{"line":124,"column":15},"end":{"line":124,"column":33}},"type":"binary-expr","locations":[{"start":{"line":124,"column":15},"end":{"line":124,"column":28}},{"start":{"line":124,"column":32},"end":{"line":124,"column":33}}],"line":124},"7":{"loc":{"start":{"line":125,"column":18},"end":{"line":125,"column":47}},"type":"cond-expr","locations":[{"start":{"line":125,"column":23},"end":{"line":125,"column":42}},{"start":{"line":125,"column":45},"end":{"line":125,"column":47}}],"line":125},"8":{"loc":{"start":{"line":126,"column":4},"end":{"line":129,"column":5}},"type":"if","locations":[{"start":{"line":126,"column":4},"end":{"line":129,"column":5}},{"start":{},"end":{}}],"line":126},"9":{"loc":{"start":{"line":126,"column":8},"end":{"line":126,"column":40}},"type":"binary-expr","locations":[{"start":{"line":126,"column":8},"end":{"line":126,"column":13}},{"start":{"line":126,"column":17},"end":{"line":126,"column":40}}],"line":126},"10":{"loc":{"start":{"line":133,"column":2},"end":{"line":135,"column":3}},"type":"if","locations":[{"start":{"line":133,"column":2},"end":{"line":135,"column":3}},{"start":{},"end":{}}],"line":133},"11":{"loc":{"start":{"line":267,"column":17},"end":{"line":267,"column":62}},"type":"cond-expr","locations":[{"start":{"line":267,"column":28},"end":{"line":267,"column":50}},{"start":{"line":267,"column":53},"end":{"line":267,"column":62}}],"line":267},"12":{"loc":{"start":{"line":270,"column":7},"end":{"line":270,"column":66}},"type":"binary-expr","locations":[{"start":{"line":270,"column":7},"end":{"line":270,"column":15}},{"start":{"line":270,"column":19},"end":{"line":270,"column":66}}],"line":270},"13":{"loc":{"start":{"line":326,"column":12},"end":{"line":333,"column":13}},"type":"cond-expr","locations":[{"start":{"line":327,"column":12},"end":{"line":327,"column":14}},{"start":{"line":328,"column":12},"end":{"line":333,"column":13}}],"line":326},"14":{"loc":{"start":{"line":347,"column":7},"end":{"line":349,"column":7}},"type":"binary-expr","locations":[{"start":{"line":347,"column":7},"end":{"line":347,"column":14}},{"start":{"line":348,"column":8},"end":{"line":348,"column":63}}],"line":347},"15":{"loc":{"start":{"line":352,"column":7},"end":{"line":354,"column":8}},"type":"binary-expr","locations":[{"start":{"line":352,"column":7},"end":{"line":352,"column":14}},{"start":{"line":352,"column":18},"end":{"line":354,"column":8}}],"line":352},"16":{"loc":{"start":{"line":356,"column":7},"end":{"line":376,"column":7}},"type":"cond-expr","locations":[{"start":{"line":357,"column":8},"end":{"line":362,"column":15}},{"start":{"line":364,"column":8},"end":{"line":375,"column":15}}],"line":356},"17":{"loc":{"start":{"line":360,"column":13},"end":{"line":360,"column":71}},"type":"binary-expr","locations":[{"start":{"line":360,"column":13},"end":{"line":360,"column":33}},{"start":{"line":360,"column":37},"end":{"line":360,"column":71}}],"line":360},"18":{"loc":{"start":{"line":367,"column":12},"end":{"line":367,"column":75}},"type":"cond-expr","locations":[{"start":{"line":367,"column":21},"end":{"line":367,"column":44}},{"start":{"line":367,"column":47},"end":{"line":367,"column":75}}],"line":367},"19":{"loc":{"start":{"line":370,"column":11},"end":{"line":374,"column":11}},"type":"cond-expr","locations":[{"start":{"line":371,"column":12},"end":{"line":371,"column":65}},{"start":{"line":373,"column":12},"end":{"line":373,"column":66}}],"line":370},"20":{"loc":{"start":{"line":432,"column":16},"end":{"line":432,"column":61}},"type":"cond-expr","locations":[{"start":{"line":432,"column":40},"end":{"line":432,"column":47}},{"start":{"line":432,"column":50},"end":{"line":432,"column":61}}],"line":432},"21":{"loc":{"start":{"line":444,"column":16},"end":{"line":444,"column":61}},"type":"cond-expr","locations":[{"start":{"line":444,"column":40},"end":{"line":444,"column":47}},{"start":{"line":444,"column":50},"end":{"line":444,"column":61}}],"line":444},"22":{"loc":{"start":{"line":482,"column":4},"end":{"line":482,"column":47}},"type":"if","locations":[{"start":{"line":482,"column":4},"end":{"line":482,"column":47}},{"start":{},"end":{}}],"line":482},"23":{"loc":{"start":{"line":486,"column":8},"end":{"line":489,"column":9}},"type":"if","locations":[{"start":{"line":486,"column":8},"end":{"line":489,"column":9}},{"start":{},"end":{}}],"line":486},"24":{"loc":{"start":{"line":495,"column":8},"end":{"line":497,"column":9}},"type":"if","locations":[{"start":{"line":495,"column":8},"end":{"line":497,"column":9}},{"start":{},"end":{}}],"line":495},"25":{"loc":{"start":{"line":495,"column":12},"end":{"line":495,"column":41}},"type":"binary-expr","locations":[{"start":{"line":495,"column":12},"end":{"line":495,"column":19}},{"start":{"line":495,"column":23},"end":{"line":495,"column":41}}],"line":495},"26":{"loc":{"start":{"line":501,"column":10},"end":{"line":501,"column":31}},"type":"if","locations":[{"start":{"line":501,"column":10},"end":{"line":501,"column":31}},{"start":{},"end":{}}],"line":501},"27":{"loc":{"start":{"line":506,"column":10},"end":{"line":508,"column":11}},"type":"if","locations":[{"start":{"line":506,"column":10},"end":{"line":508,"column":11}},{"start":{},"end":{}}],"line":506},"28":{"loc":{"start":{"line":512,"column":10},"end":{"line":512,"column":31}},"type":"if","locations":[{"start":{"line":512,"column":10},"end":{"line":512,"column":31}},{"start":{},"end":{}}],"line":512},"29":{"loc":{"start":{"line":538,"column":4},"end":{"line":538,"column":82}},"type":"if","locations":[{"start":{"line":538,"column":4},"end":{"line":538,"column":82}},{"start":{},"end":{}}],"line":538},"30":{"loc":{"start":{"line":538,"column":8},"end":{"line":538,"column":73}},"type":"binary-expr","locations":[{"start":{"line":538,"column":8},"end":{"line":538,"column":16}},{"start":{"line":538,"column":20},"end":{"line":538,"column":37}},{"start":{"line":538,"column":41},"end":{"line":538,"column":73}}],"line":538},"31":{"loc":{"start":{"line":572,"column":28},"end":{"line":572,"column":59}},"type":"cond-expr","locations":[{"start":{"line":572,"column":35},"end":{"line":572,"column":52}},{"start":{"line":572,"column":55},"end":{"line":572,"column":59}}],"line":572},"32":{"loc":{"start":{"line":588,"column":4},"end":{"line":593,"column":5}},"type":"switch","locations":[{"start":{"line":589,"column":6},"end":{"line":589,"column":44}},{"start":{"line":590,"column":6},"end":{"line":590,"column":45}},{"start":{"line":591,"column":6},"end":{"line":591,"column":40}},{"start":{"line":592,"column":6},"end":{"line":592,"column":42}}],"line":588},"33":{"loc":{"start":{"line":597,"column":4},"end":{"line":598,"column":57}},"type":"if","locations":[{"start":{"line":597,"column":4},"end":{"line":598,"column":57}},{"start":{"line":598,"column":9},"end":{"line":598,"column":57}}],"line":597},"34":{"loc":{"start":{"line":598,"column":9},"end":{"line":598,"column":57}},"type":"if","locations":[{"start":{"line":598,"column":9},"end":{"line":598,"column":57}},{"start":{},"end":{}}],"line":598},"35":{"loc":{"start":{"line":619,"column":4},"end":{"line":619,"column":36}},"type":"if","locations":[{"start":{"line":619,"column":4},"end":{"line":619,"column":36}},{"start":{},"end":{}}],"line":619},"36":{"loc":{"start":{"line":627,"column":4},"end":{"line":630,"column":5}},"type":"if","locations":[{"start":{"line":627,"column":4},"end":{"line":630,"column":5}},{"start":{},"end":{}}],"line":627},"37":{"loc":{"start":{"line":637,"column":4},"end":{"line":637,"column":25}},"type":"if","locations":[{"start":{"line":637,"column":4},"end":{"line":637,"column":25}},{"start":{},"end":{}}],"line":637},"38":{"loc":{"start":{"line":639,"column":4},"end":{"line":646,"column":5}},"type":"if","locations":[{"start":{"line":639,"column":4},"end":{"line":646,"column":5}},{"start":{},"end":{}}],"line":639},"39":{"loc":{"start":{"line":643,"column":6},"end":{"line":645,"column":7}},"type":"if","locations":[{"start":{"line":643,"column":6},"end":{"line":645,"column":7}},{"start":{},"end":{}}],"line":643},"40":{"loc":{"start":{"line":653,"column":25},"end":{"line":653,"column":93}},"type":"binary-expr","locations":[{"start":{"line":653,"column":25},"end":{"line":653,"column":60}},{"start":{"line":653,"column":64},"end":{"line":653,"column":93}}],"line":653},"41":{"loc":{"start":{"line":654,"column":18},"end":{"line":654,"column":61}},"type":"binary-expr","locations":[{"start":{"line":654,"column":18},"end":{"line":654,"column":30}},{"start":{"line":654,"column":34},"end":{"line":654,"column":45}},{"start":{"line":654,"column":49},"end":{"line":654,"column":61}}],"line":654},"42":{"loc":{"start":{"line":657,"column":4},"end":{"line":659,"column":5}},"type":"if","locations":[{"start":{"line":657,"column":4},"end":{"line":659,"column":5}},{"start":{},"end":{}}],"line":657},"43":{"loc":{"start":{"line":660,"column":4},"end":{"line":662,"column":5}},"type":"if","locations":[{"start":{"line":660,"column":4},"end":{"line":662,"column":5}},{"start":{},"end":{}}],"line":660},"44":{"loc":{"start":{"line":673,"column":4},"end":{"line":673,"column":67}},"type":"if","locations":[{"start":{"line":673,"column":4},"end":{"line":673,"column":67}},{"start":{},"end":{}}],"line":673},"45":{"loc":{"start":{"line":674,"column":4},"end":{"line":674,"column":58}},"type":"if","locations":[{"start":{"line":674,"column":4},"end":{"line":674,"column":58}},{"start":{},"end":{}}],"line":674},"46":{"loc":{"start":{"line":707,"column":7},"end":{"line":717,"column":7}},"type":"binary-expr","locations":[{"start":{"line":707,"column":7},"end":{"line":707,"column":21}},{"start":{"line":708,"column":8},"end":{"line":716,"column":15}}],"line":707},"47":{"loc":{"start":{"line":710,"column":13},"end":{"line":710,"column":59}},"type":"binary-expr","locations":[{"start":{"line":710,"column":13},"end":{"line":710,"column":28}},{"start":{"line":710,"column":32},"end":{"line":710,"column":59}}],"line":710},"48":{"loc":{"start":{"line":721,"column":18},"end":{"line":721,"column":62}},"type":"cond-expr","locations":[{"start":{"line":721,"column":42},"end":{"line":721,"column":51}},{"start":{"line":721,"column":54},"end":{"line":721,"column":62}}],"line":721},"49":{"loc":{"start":{"line":750,"column":11},"end":{"line":765,"column":11}},"type":"binary-expr","locations":[{"start":{"line":750,"column":11},"end":{"line":750,"column":22}},{"start":{"line":751,"column":12},"end":{"line":764,"column":31}}],"line":750},"50":{"loc":{"start":{"line":757,"column":15},"end":{"line":763,"column":15}},"type":"binary-expr","locations":[{"start":{"line":757,"column":15},"end":{"line":757,"column":30}},{"start":{"line":758,"column":16},"end":{"line":762,"column":23}}],"line":757},"51":{"loc":{"start":{"line":760,"column":21},"end":{"line":760,"column":67}},"type":"cond-expr","locations":[{"start":{"line":760,"column":40},"end":{"line":760,"column":45}},{"start":{"line":760,"column":48},"end":{"line":760,"column":67}}],"line":760},"52":{"loc":{"start":{"line":769,"column":9},"end":{"line":771,"column":9}},"type":"binary-expr","locations":[{"start":{"line":769,"column":9},"end":{"line":769,"column":19}},{"start":{"line":770,"column":10},"end":{"line":770,"column":61}}],"line":769},"53":{"loc":{"start":{"line":774,"column":9},"end":{"line":780,"column":9}},"type":"binary-expr","locations":[{"start":{"line":774,"column":9},"end":{"line":774,"column":21}},{"start":{"line":775,"column":10},"end":{"line":779,"column":12}}],"line":774},"54":{"loc":{"start":{"line":783,"column":9},"end":{"line":790,"column":9}},"type":"binary-expr","locations":[{"start":{"line":783,"column":9},"end":{"line":783,"column":39}},{"start":{"line":784,"column":10},"end":{"line":789,"column":17}}],"line":783},"55":{"loc":{"start":{"line":797,"column":14},"end":{"line":797,"column":54}},"type":"binary-expr","locations":[{"start":{"line":797,"column":14},"end":{"line":797,"column":26}},{"start":{"line":797,"column":30},"end":{"line":797,"column":54}}],"line":797},"56":{"loc":{"start":{"line":799,"column":25},"end":{"line":799,"column":71}},"type":"cond-expr","locations":[{"start":{"line":799,"column":39},"end":{"line":799,"column":55}},{"start":{"line":799,"column":58},"end":{"line":799,"column":71}}],"line":799},"57":{"loc":{"start":{"line":810,"column":14},"end":{"line":812,"column":15}},"type":"if","locations":[{"start":{"line":810,"column":14},"end":{"line":812,"column":15}},{"start":{},"end":{}}],"line":810},"58":{"loc":{"start":{"line":815,"column":32},"end":{"line":815,"column":87}},"type":"cond-expr","locations":[{"start":{"line":815,"column":46},"end":{"line":815,"column":61}},{"start":{"line":815,"column":64},"end":{"line":815,"column":87}}],"line":815},"59":{"loc":{"start":{"line":819,"column":11},"end":{"line":845,"column":11}},"type":"cond-expr","locations":[{"start":{"line":820,"column":12},"end":{"line":826,"column":31}},{"start":{"line":827,"column":14},"end":{"line":845,"column":11}}],"line":819},"60":{"loc":{"start":{"line":827,"column":14},"end":{"line":845,"column":11}},"type":"cond-expr","locations":[{"start":{"line":829,"column":12},"end":{"line":836,"column":31}},{"start":{"line":839,"column":12},"end":{"line":844,"column":14}}],"line":827},"61":{"loc":{"start":{"line":830,"column":62},"end":{"line":830,"column":99}},"type":"binary-expr","locations":[{"start":{"line":830,"column":62},"end":{"line":830,"column":70}},{"start":{"line":830,"column":74},"end":{"line":830,"column":99}}],"line":830},"62":{"loc":{"start":{"line":835,"column":47},"end":{"line":835,"column":89}},"type":"cond-expr","locations":[{"start":{"line":835,"column":57},"end":{"line":835,"column":66}},{"start":{"line":835,"column":69},"end":{"line":835,"column":89}}],"line":835},"63":{"loc":{"start":{"line":843,"column":24},"end":{"line":843,"column":71}},"type":"binary-expr","locations":[{"start":{"line":843,"column":24},"end":{"line":843,"column":55}},{"start":{"line":843,"column":59},"end":{"line":843,"column":71}}],"line":843}},"s":{"0":0,"1":0,"2":0,"3":0,"4":0,"5":0,"6":0,"7":0,"8":0,"9":0,"10":0,"11":0,"12":0,"13":0,"14":0,"15":0,"16":0,"17":0,"18":0,"19":0,"20":0,"21":0,"22":0,"23":0,"24":0,"25":0,"26":0,"27":0,"28":0,"29":0,"30":0,"31":0,"32":0,"33":0,"34":0,"35":0,"36":0,"37":0,"38":0,"39":0,"40":0,"41":0,"42":0,"43":0,"44":0,"45":0,"46":0,"47":0,"48":0,"49":0,"50":0,"51":0,"52":0,"53":0,"54":0,"55":0,"56":0,"57":0,"58":0,"59":0,"60":0,"61":0,"62":0,"63":0,"64":0,"65":0,"66":0,"67":0,"68":0,"69":0,"70":0,"71":0,"72":0,"73":0,"74":0,"75":0,"76":0,"77":0,"78":0,"79":0,"80":0,"81":0,"82":0,"83":0,"84":0,"85":0,"86":0,"87":0,"88":0,"89":0,"90":0,"91":0,"92":0,"93":0,"94":0,"95":0,"96":0,"97":0,"98":0,"99":0,"100":0,"101":0,"102":0,"103":0,"104":0,"105":0,"106":0,"107":0,"108":0,"109":0,"110":0,"111":0,"112":0,"113":0,"114":0,"115":0,"116":0,"117":0,"118":0,"119":0,"120":0,"121":0,"122":0,"123":0,"124":0,"125":0,"126":0,"127":0,"128":0,"129":0,"130":0,"131":0,"132":0,"133":0,"134":0,"135":0,"136":0,"137":0,"138":0,"139":0,"140":0,"141":0,"142":0,"143":0,"144":0,"145":0,"146":0,"147":0,"148":0,"149":0,"150":0,"151":0,"152":0,"153":0,"154":0,"155":0,"156":0,"157":0,"158":0,"159":0,"160":0,"161":0,"162":0,"163":0,"164":0,"165":0,"166":0,"167":0,"168":0,"169":0,"170":0,"171":0,"172":0,"173":0,"174":0,"175":0,"176":0,"177":0,"178":0,"179":0,"180":0,"181":0,"182":0,"183":0,"184":0,"185":0,"186":0},"f":{"0":0,"1":0,"2":0,"3":0,"4":0,"5":0,"6":0,"7":0,"8":0,"9":0,"10":0,"11":0,"12":0,"13":0,"14":0,"15":0,"16":0,"17":0,"18":0,"19":0,"20":0,"21":0,"22":0,"23":0,"24":0,"25":0,"26":0,"27":0,"28":0,"29":0,"30":0,"31":0,"32":0,"33":0,"34":0,"35":0,"36":0,"37":0,"38":0,"39":0,"40":0,"41":0,"42":0,"43":0,"44":0,"45":0,"46":0,"47":0,"48":0,"49":0,"50":0,"51":0,"52":0,"53":0},"b":{"0":[0,0,0],"1":[0,0,0],"2":[0,0],"3":[0,0],"4":[0,0],"5":[0,0],"6":[0,0],"7":[0,0],"8":[0,0],"9":[0,0],"10":[0,0],"11":[0,0],"12":[0,0],"13":[0,0],"14":[0,0],"15":[0,0],"16":[0,0],"17":[0,0],"18":[0,0],"19":[0,0],"20":[0,0],"21":[0,0],"22":[0,0],"23":[0,0],"24":[0,0],"25":[0,0],"26":[0,0],"27":[0,0],"28":[0,0],"29":[0,0],"30":[0,0,0],"31":[0,0],"32":[0,0,0,0],"33":[0,0],"34":[0,0],"35":[0,0],"36":[0,0],"37":[0,0],"38":[0,0],"39":[0,0],"40":[0,0],"41":[0,0,0],"42":[0,0],"43":[0,0],"44":[0,0],"45":[0,0],"46":[0,0],"47":[0,0],"48":[0,0],"49":[0,0],"50":[0,0],"51":[0,0],"52":[0,0],"53":[0,0],"54":[0,0],"55":[0,0],"56":[0,0],"57":[0,0],"58":[0,0],"59":[0,0],"60":[0,0],"61":[0,0],"62":[0,0],"63":[0,0]}}
,"/Users/clarencebojangles/polly/polly-ios/app/(main)/moltbook.tsx": {"path":"/Users/clarencebojangles/polly/polly-ios/app/(main)/moltbook.tsx","statementMap":{"0":{"start":{"line":4,"column":2},"end":{"line":8,"column":4}},"1":{"start":{"line":10,"column":15},"end":{"line":13,"column":2}}},"fnMap":{"0":{"name":"Screen","decl":{"start":{"line":3,"column":24},"end":{"line":3,"column":30}},"loc":{"start":{"line":3,"column":33},"end":{"line":9,"column":1}},"line":3}},"branchMap":{},"s":{"0":0,"1":0},"f":{"0":0},"b":{}}
,"/Users/clarencebojangles/polly/polly-ios/app/(main)/shortcuts.tsx": {"path":"/Users/clarencebojangles/polly/polly-ios/app/(main)/shortcuts.tsx","statementMap":{"0":{"start":{"line":4,"column":2},"end":{"line":8,"column":4}},"1":{"start":{"line":10,"column":15},"end":{"line":13,"column":2}}},"fnMap":{"0":{"name":"Screen","decl":{"start":{"line":3,"column":24},"end":{"line":3,"column":30}},"loc":{"start":{"line":3,"column":33},"end":{"line":9,"column":1}},"line":3}},"branchMap":{},"s":{"0":0,"1":0},"f":{"0":0},"b":{}}
,"/Users/clarencebojangles/polly/polly-ios/app/(main)/today.tsx": {"path":"/Users/clarencebojangles/polly/polly-ios/app/(main)/today.tsx","statementMap":{"0":{"start":{"line":50,"column":2},"end":{"line":50,"column":24}},"1":{"start":{"line":50,"column":12},"end":{"line":50,"column":24}},"2":{"start":{"line":51,"column":2},"end":{"line":75,"column":4}},"3":{"start":{"line":78,"column":14},"end":{"line":107,"column":2}},"4":{"start":{"line":114,"column":24},"end":{"line":114,"column":64}},"5":{"start":{"line":114,"column":39},"end":{"line":114,"column":63}},"6":{"start":{"line":115,"column":2},"end":{"line":120,"column":9}},"7":{"start":{"line":116,"column":18},"end":{"line":118,"column":6}},"8":{"start":{"line":117,"column":6},"end":{"line":117,"column":39}},"9":{"start":{"line":119,"column":4},"end":{"line":119,"column":17}},"10":{"start":{"line":121,"column":2},"end":{"line":121,"column":13}},"11":{"start":{"line":129,"column":17},"end":{"line":129,"column":28}},"12":{"start":{"line":130,"column":23},"end":{"line":130,"column":46}},"13":{"start":{"line":131,"column":34},"end":{"line":131,"column":73}},"14":{"start":{"line":133,"column":2},"end":{"line":135,"column":9}},"15":{"start":{"line":134,"column":4},"end":{"line":134,"column":21}},"16":{"start":{"line":138,"column":4},"end":{"line":138,"column":21}},"17":{"start":{"line":144,"column":4},"end":{"line":147,"column":7}},"18":{"start":{"line":152,"column":4},"end":{"line":155,"column":7}},"19":{"start":{"line":158,"column":2},"end":{"line":198,"column":4}},"20":{"start":{"line":196,"column":52},"end":{"line":196,"column":69}},"21":{"start":{"line":206,"column":2},"end":{"line":211,"column":4}},"22":{"start":{"line":215,"column":2},"end":{"line":219,"column":4}},"23":{"start":{"line":223,"column":2},"end":{"line":223,"column":41}},"24":{"start":{"line":230,"column":15},"end":{"line":270,"column":2}}},"fnMap":{"0":{"name":"VaultNoteSheet","decl":{"start":{"line":43,"column":9},"end":{"line":43,"column":23}},"loc":{"start":{"line":49,"column":3},"end":{"line":76,"column":1}},"line":49},"1":{"name":"useHasActivePollyCard","decl":{"start":{"line":113,"column":9},"end":{"line":113,"column":30}},"loc":{"start":{"line":113,"column":42},"end":{"line":122,"column":1}},"line":113},"2":{"name":"(anonymous_2)","decl":{"start":{"line":114,"column":33},"end":{"line":114,"column":34}},"loc":{"start":{"line":114,"column":39},"end":{"line":114,"column":63}},"line":114},"3":{"name":"(anonymous_3)","decl":{"start":{"line":115,"column":12},"end":{"line":115,"column":13}},"loc":{"start":{"line":115,"column":18},"end":{"line":120,"column":3}},"line":115},"4":{"name":"(anonymous_4)","decl":{"start":{"line":116,"column":40},"end":{"line":116,"column":41}},"loc":{"start":{"line":116,"column":46},"end":{"line":118,"column":5}},"line":116},"5":{"name":"TodayScreen","decl":{"start":{"line":128,"column":24},"end":{"line":128,"column":35}},"loc":{"start":{"line":128,"column":38},"end":{"line":199,"column":1}},"line":128},"6":{"name":"(anonymous_6)","decl":{"start":{"line":133,"column":12},"end":{"line":133,"column":13}},"loc":{"start":{"line":133,"column":18},"end":{"line":135,"column":3}},"line":133},"7":{"name":"handleOpenSheet","decl":{"start":{"line":137,"column":11},"end":{"line":137,"column":26}},"loc":{"start":{"line":137,"column":50},"end":{"line":139,"column":3}},"line":137},"8":{"name":"handleOpenScribe","decl":{"start":{"line":141,"column":11},"end":{"line":141,"column":27}},"loc":{"start":{"line":141,"column":51},"end":{"line":148,"column":3}},"line":141},"9":{"name":"handleOpenConversation","decl":{"start":{"line":150,"column":11},"end":{"line":150,"column":33}},"loc":{"start":{"line":150,"column":57},"end":{"line":156,"column":3}},"line":150},"10":{"name":"(anonymous_10)","decl":{"start":{"line":196,"column":46},"end":{"line":196,"column":47}},"loc":{"start":{"line":196,"column":52},"end":{"line":196,"column":69}},"line":196},"11":{"name":"SectionHeader","decl":{"start":{"line":205,"column":9},"end":{"line":205,"column":22}},"loc":{"start":{"line":205,"column":75},"end":{"line":212,"column":1}},"line":205},"12":{"name":"PlaceholderRow","decl":{"start":{"line":214,"column":9},"end":{"line":214,"column":23}},"loc":{"start":{"line":214,"column":54},"end":{"line":220,"column":1}},"line":214},"13":{"name":"Divider","decl":{"start":{"line":222,"column":9},"end":{"line":222,"column":16}},"loc":{"start":{"line":222,"column":19},"end":{"line":224,"column":1}},"line":222}},"branchMap":{"0":{"loc":{"start":{"line":50,"column":2},"end":{"line":50,"column":24}},"type":"if","locations":[{"start":{"line":50,"column":2},"end":{"line":50,"column":24}},{"start":{},"end":{}}],"line":50},"1":{"loc":{"start":{"line":61,"column":13},"end":{"line":61,"column":68}},"type":"cond-expr","locations":[{"start":{"line":61,"column":47},"end":{"line":61,"column":59}},{"start":{"line":61,"column":62},"end":{"line":61,"column":68}}],"line":61},"2":{"loc":{"start":{"line":70,"column":13},"end":{"line":70,"column":55}},"type":"binary-expr","locations":[{"start":{"line":70,"column":13},"end":{"line":70,"column":29}},{"start":{"line":70,"column":33},"end":{"line":70,"column":55}}],"line":70},"3":{"loc":{"start":{"line":146,"column":44},"end":{"line":146,"column":66}},"type":"binary-expr","locations":[{"start":{"line":146,"column":44},"end":{"line":146,"column":60}},{"start":{"line":146,"column":64},"end":{"line":146,"column":66}}],"line":146},"4":{"loc":{"start":{"line":154,"column":25},"end":{"line":154,"column":47}},"type":"binary-expr","locations":[{"start":{"line":154,"column":25},"end":{"line":154,"column":41}},{"start":{"line":154,"column":45},"end":{"line":154,"column":47}}],"line":154},"5":{"loc":{"start":{"line":178,"column":9},"end":{"line":188,"column":9}},"type":"binary-expr","locations":[{"start":{"line":178,"column":9},"end":{"line":178,"column":21}},{"start":{"line":179,"column":10},"end":{"line":187,"column":13}}],"line":178}},"s":{"0":0,"1":0,"2":0,"3":0,"4":0,"5":0,"6":0,"7":0,"8":0,"9":0,"10":0,"11":0,"12":0,"13":0,"14":0,"15":0,"16":0,"17":0,"18":0,"19":0,"20":0,"21":0,"22":0,"23":0,"24":0},"f":{"0":0,"1":0,"2":0,"3":0,"4":0,"5":0,"6":0,"7":0,"8":0,"9":0,"10":0,"11":0,"12":0,"13":0},"b":{"0":[0,0],"1":[0,0],"2":[0,0],"3":[0,0],"4":[0,0],"5":[0,0]}}
,"/Users/clarencebojangles/polly/polly-ios/app/(main)/usage.tsx": {"path":"/Users/clarencebojangles/polly/polly-ios/app/(main)/usage.tsx","statementMap":{"0":{"start":{"line":4,"column":2},"end":{"line":8,"column":4}},"1":{"start":{"line":10,"column":15},"end":{"line":13,"column":2}}},"fnMap":{"0":{"name":"Screen","decl":{"start":{"line":3,"column":24},"end":{"line":3,"column":30}},"loc":{"start":{"line":3,"column":33},"end":{"line":9,"column":1}},"line":3}},"branchMap":{},"s":{"0":0,"1":0},"f":{"0":0},"b":{}}
,"/Users/clarencebojangles/polly/polly-ios/app/(main)/agents/[id].tsx": {"path":"/Users/clarencebojangles/polly/polly-ios/app/(main)/agents/[id].tsx","statementMap":{"0":{"start":{"line":5,"column":17},"end":{"line":5,"column":39}},"1":{"start":{"line":6,"column":2},"end":{"line":6,"column":88}},"2":{"start":{"line":8,"column":15},"end":{"line":8,"column":171}}},"fnMap":{"0":{"name":"AgentDetailScreen","decl":{"start":{"line":4,"column":24},"end":{"line":4,"column":41}},"loc":{"start":{"line":4,"column":44},"end":{"line":7,"column":1}},"line":4}},"branchMap":{},"s":{"0":0,"1":0,"2":0},"f":{"0":0},"b":{}}
,"/Users/clarencebojangles/polly/polly-ios/app/(main)/agents/index.tsx": {"path":"/Users/clarencebojangles/polly/polly-ios/app/(main)/agents/index.tsx","statementMap":{"0":{"start":{"line":4,"column":2},"end":{"line":4,"column":99}},"1":{"start":{"line":6,"column":15},"end":{"line":6,"column":171}}},"fnMap":{"0":{"name":"AgentsScreen","decl":{"start":{"line":3,"column":24},"end":{"line":3,"column":36}},"loc":{"start":{"line":3,"column":39},"end":{"line":5,"column":1}},"line":3}},"branchMap":{},"s":{"0":0,"1":0},"f":{"0":0},"b":{}}
,"/Users/clarencebojangles/polly/polly-ios/app/(main)/settings/api-keys.tsx": {"path":"/Users/clarencebojangles/polly/polly-ios/app/(main)/settings/api-keys.tsx","statementMap":{"0":{"start":{"line":26,"column":30},"end":{"line":26,"column":45}},"1":{"start":{"line":27,"column":28},"end":{"line":27,"column":43}},"2":{"start":{"line":28,"column":28},"end":{"line":28,"column":57}},"3":{"start":{"line":29,"column":21},"end":{"line":29,"column":71}},"4":{"start":{"line":31,"column":15},"end":{"line":45,"column":3}},"5":{"start":{"line":32,"column":4},"end":{"line":32,"column":30}},"6":{"start":{"line":32,"column":23},"end":{"line":32,"column":30}},"7":{"start":{"line":33,"column":4},"end":{"line":33,"column":20}},"8":{"start":{"line":34,"column":4},"end":{"line":34,"column":19}},"9":{"start":{"line":35,"column":4},"end":{"line":44,"column":5}},"10":{"start":{"line":36,"column":6},"end":{"line":36,"column":63}},"11":{"start":{"line":37,"column":6},"end":{"line":37,"column":21}},"12":{"start":{"line":38,"column":6},"end":{"line":38,"column":63}},"13":{"start":{"line":38,"column":30},"end":{"line":38,"column":63}},"14":{"start":{"line":39,"column":6},"end":{"line":39,"column":67}},"15":{"start":{"line":39,"column":44},"end":{"line":39,"column":59}},"16":{"start":{"line":41,"column":6},"end":{"line":41,"column":84}},"17":{"start":{"line":43,"column":6},"end":{"line":43,"column":23}},"18":{"start":{"line":47,"column":2},"end":{"line":47,"column":40}},"19":{"start":{"line":69,"column":28},"end":{"line":69,"column":40}},"20":{"start":{"line":70,"column":41},"end":{"line":70,"column":62}},"21":{"start":{"line":72,"column":2},"end":{"line":136,"column":4}},"22":{"start":{"line":110,"column":25},"end":{"line":110,"column":51}},"23":{"start":{"line":119,"column":25},"end":{"line":119,"column":36}},"24":{"start":{"line":142,"column":2},"end":{"line":175,"column":4}},"25":{"start":{"line":180,"column":15},"end":{"line":304,"column":2}}},"fnMap":{"0":{"name":"useSaveKey","decl":{"start":{"line":25,"column":9},"end":{"line":25,"column":19}},"loc":{"start":{"line":25,"column":39},"end":{"line":48,"column":1}},"line":25},"1":{"name":"(anonymous_1)","decl":{"start":{"line":31,"column":15},"end":{"line":31,"column":16}},"loc":{"start":{"line":31,"column":40},"end":{"line":45,"column":3}},"line":31},"2":{"name":"(anonymous_2)","decl":{"start":{"line":39,"column":38},"end":{"line":39,"column":39}},"loc":{"start":{"line":39,"column":44},"end":{"line":39,"column":59}},"line":39},"3":{"name":"ApiKeyRow","decl":{"start":{"line":61,"column":9},"end":{"line":61,"column":18}},"loc":{"start":{"line":68,"column":19},"end":{"line":137,"column":1}},"line":68},"4":{"name":"(anonymous_4)","decl":{"start":{"line":110,"column":19},"end":{"line":110,"column":20}},"loc":{"start":{"line":110,"column":25},"end":{"line":110,"column":51}},"line":110},"5":{"name":"(anonymous_5)","decl":{"start":{"line":119,"column":19},"end":{"line":119,"column":20}},"loc":{"start":{"line":119,"column":25},"end":{"line":119,"column":36}},"line":119},"6":{"name":"ApiKeysScreen","decl":{"start":{"line":141,"column":24},"end":{"line":141,"column":37}},"loc":{"start":{"line":141,"column":40},"end":{"line":176,"column":1}},"line":141}},"branchMap":{"0":{"loc":{"start":{"line":32,"column":4},"end":{"line":32,"column":30}},"type":"if","locations":[{"start":{"line":32,"column":4},"end":{"line":32,"column":30}},{"start":{},"end":{}}],"line":32},"1":{"loc":{"start":{"line":38,"column":6},"end":{"line":38,"column":63}},"type":"if","locations":[{"start":{"line":38,"column":6},"end":{"line":38,"column":63}},{"start":{},"end":{}}],"line":38},"2":{"loc":{"start":{"line":67,"column":2},"end":{"line":67,"column":16}},"type":"default-arg","locations":[{"start":{"line":67,"column":11},"end":{"line":67,"column":16}}],"line":67},"3":{"loc":{"start":{"line":80,"column":13},"end":{"line":84,"column":13}},"type":"binary-expr","locations":[{"start":{"line":80,"column":13},"end":{"line":80,"column":19}},{"start":{"line":81,"column":14},"end":{"line":83,"column":21}}],"line":80},"4":{"loc":{"start":{"line":104,"column":7},"end":{"line":104,"column":61}},"type":"binary-expr","locations":[{"start":{"line":104,"column":7},"end":{"line":104,"column":12}},{"start":{"line":104,"column":16},"end":{"line":104,"column":61}}],"line":104},"5":{"loc":{"start":{"line":118,"column":37},"end":{"line":118,"column":91}},"type":"binary-expr","locations":[{"start":{"line":118,"column":38},"end":{"line":118,"column":51}},{"start":{"line":118,"column":55},"end":{"line":118,"column":61}},{"start":{"line":118,"column":66},"end":{"line":118,"column":91}}],"line":118},"6":{"loc":{"start":{"line":120,"column":20},"end":{"line":120,"column":43}},"type":"binary-expr","locations":[{"start":{"line":120,"column":20},"end":{"line":120,"column":33}},{"start":{"line":120,"column":37},"end":{"line":120,"column":43}}],"line":120},"7":{"loc":{"start":{"line":123,"column":11},"end":{"line":132,"column":11}},"type":"cond-expr","locations":[{"start":{"line":124,"column":12},"end":{"line":124,"column":71}},{"start":{"line":125,"column":14},"end":{"line":132,"column":11}}],"line":123},"8":{"loc":{"start":{"line":125,"column":14},"end":{"line":132,"column":11}},"type":"cond-expr","locations":[{"start":{"line":126,"column":12},"end":{"line":129,"column":15}},{"start":{"line":131,"column":12},"end":{"line":131,"column":59}}],"line":125}},"s":{"0":0,"1":0,"2":0,"3":0,"4":0,"5":0,"6":0,"7":0,"8":0,"9":0,"10":0,"11":0,"12":0,"13":0,"14":0,"15":0,"16":0,"17":0,"18":0,"19":0,"20":0,"21":0,"22":0,"23":0,"24":0,"25":0},"f":{"0":0,"1":0,"2":0,"3":0,"4":0,"5":0,"6":0},"b":{"0":[0,0],"1":[0,0],"2":[0],"3":[0,0],"4":[0,0],"5":[0,0,0],"6":[0,0],"7":[0,0],"8":[0,0]}}
[...]
87,"column":24}},"60":{"start":{"line":188,"column":2},"end":{"line":188,"column":24}},"61":{"start":{"line":189,"column":2},"end":{"line":189,"column":23}},"62":{"start":{"line":190,"column":2},"end":{"line":190,"column":11}},"63":{"start":{"line":198,"column":14},"end":{"line":198,"column":52}},"64":{"start":{"line":198,"column":40},"end":{"line":198,"column":51}},"65":{"start":{"line":199,"column":2},"end":{"line":199,"column":47}},"66":{"start":{"line":199,"column":40},"end":{"line":199,"column":47}},"67":{"start":{"line":200,"column":2},"end":{"line":200,"column":40}},"68":{"start":{"line":200,"column":33},"end":{"line":200,"column":40}},"69":{"start":{"line":201,"column":2},"end":{"line":201,"column":25}},"70":{"start":{"line":209,"column":2},"end":{"line":211,"column":4}},"71":{"start":{"line":210,"column":30},"end":{"line":210,"column":75}},"72":{"start":{"line":218,"column":2},"end":{"line":218,"column":28}},"73":{"start":{"line":219,"column":2},"end":{"line":221,"column":4}},"74":{"start":{"line":220,"column":4},"end":{"line":220,"column":58}},"75":{"start":{"line":220,"column":42},"end":{"line":220,"column":56}}},"fnMap":{"0":{"name":"loadDismissedIds","decl":{"start":{"line":67,"column":15},"end":{"line":67,"column":31}},"loc":{"start":{"line":67,"column":49},"end":{"line":77,"column":1}},"line":67},"1":{"name":"persistDismissedIds","decl":{"start":{"line":79,"column":15},"end":{"line":79,"column":34}},"loc":{"start":{"line":79,"column":52},"end":{"line":88,"column":1}},"line":79},"2":{"name":"notify","decl":{"start":{"line":94,"column":9},"end":{"line":94,"column":15}},"loc":{"start":{"line":94,"column":18},"end":{"line":96,"column":1}},"line":94},"3":{"name":"(anonymous_3)","decl":{"start":{"line":95,"column":21},"end":{"line":95,"column":22}},"loc":{"start":{"line":95,"column":28},"end":{"line":95,"column":31}},"line":95},"4":{"name":"_promoteNextQueued","decl":{"start":{"line":102,"column":9},"end":{"line":102,"column":27}},"loc":{"start":{"line":102,"column":30},"end":{"line":114,"column":1}},"line":102},"5":{"name":"(anonymous_5)","decl":{"start":{"line":103,"column":39},"end":{"line":103,"column":40}},"loc":{"start":{"line":103,"column":46},"end":{"line":103,"column":91}},"line":103},"6":{"name":"(anonymous_6)","decl":{"start":{"line":107,"column":12},"end":{"line":107,"column":13}},"loc":{"start":{"line":107,"column":19},"end":{"line":107,"column":39}},"line":107},"7":{"name":"(anonymous_7)","decl":{"start":{"line":108,"column":10},"end":{"line":108,"column":11}},"loc":{"start":{"line":108,"column":20},"end":{"line":108,"column":45}},"line":108},"8":{"name":"initPollyStore","decl":{"start":{"line":124,"column":22},"end":{"line":124,"column":36}},"loc":{"start":{"line":124,"column":54},"end":{"line":136,"column":1}},"line":124},"9":{"name":"(anonymous_9)","decl":{"start":{"line":129,"column":36},"end":{"line":129,"column":37}},"loc":{"start":{"line":129,"column":43},"end":{"line":134,"column":3}},"line":129},"10":{"name":"enqueueObservation","decl":{"start":{"line":142,"column":16},"end":{"line":142,"column":34}},"loc":{"start":{"line":142,"column":93},"end":{"line":160,"column":1}},"line":142},"11":{"name":"(anonymous_11)","decl":{"start":{"line":147,"column":25},"end":{"line":147,"column":26}},"loc":{"start":{"line":147,"column":32},"end":{"line":147,"column":47}},"line":147},"12":{"name":"engageObservation","decl":{"start":{"line":167,"column":16},"end":{"line":167,"column":33}},"loc":{"start":{"line":167,"column":52},"end":{"line":173,"column":1}},"line":167},"13":{"name":"(anonymous_13)","decl":{"start":{"line":168,"column":33},"end":{"line":168,"column":34}},"loc":{"start":{"line":168,"column":40},"end":{"line":168,"column":51}},"line":168},"14":{"name":"dismissObservation","decl":{"start":{"line":180,"column":16},"end":{"line":180,"column":34}},"loc":{"start":{"line":180,"column":53},"end":{"line":191,"column":1}},"line":180},"15":{"name":"(anonymous_15)","decl":{"start":{"line":181,"column":33},"end":{"line":181,"column":34}},"loc":{"start":{"line":181,"column":40},"end":{"line":181,"column":51}},"line":181},"16":{"name":"autoResolveT3","decl":{"start":{"line":197,"column":16},"end":{"line":197,"column":29}},"loc":{"start":{"line":197,"column":48},"end":{"line":202,"column":1}},"line":197},"17":{"name":"(anonymous_17)","decl":{"start":{"line":198,"column":33},"end":{"line":198,"column":34}},"loc":{"start":{"line":198,"column":40},"end":{"line":198,"column":51}},"line":198},"18":{"name":"getActiveObservation","decl":{"start":{"line":208,"column":16},"end":{"line":208,"column":36}},"loc":{"start":{"line":208,"column":64},"end":{"line":212,"column":1}},"line":208},"19":{"name":"(anonymous_19)","decl":{"start":{"line":210,"column":23},"end":{"line":210,"column":24}},"loc":{"start":{"line":210,"column":30},"end":{"line":210,"column":75}},"line":210},"20":{"name":"subscribeToPollyStore","decl":{"start":{"line":217,"column":16},"end":{"line":217,"column":37}},"loc":{"start":{"line":217,"column":72},"end":{"line":222,"column":1}},"line":217},"21":{"name":"(anonymous_21)","decl":{"start":{"line":219,"column":9},"end":{"line":219,"column":10}},"loc":{"start":{"line":219,"column":15},"end":{"line":221,"column":3}},"line":219},"22":{"name":"(anonymous_22)","decl":{"start":{"line":220,"column":35},"end":{"line":220,"column":36}},"loc":{"start":{"line":220,"column":42},"end":{"line":220,"column":56}},"line":220}},"branchMap":{"0":{"loc":{"start":{"line":70,"column":4},"end":{"line":73,"column":5}},"type":"if","locations":[{"start":{"line":70,"column":4},"end":{"line":73,"column":5}},{"start":{},"end":{}}],"line":70},"1":{"loc":{"start":{"line":103,"column":46},"end":{"line":103,"column":91}},"type":"binary-expr","locations":[{"start":{"line":103,"column":46},"end":{"line":103,"column":66}},{"start":{"line":103,"column":70},"end":{"line":103,"column":91}}],"line":103},"2":{"loc":{"start":{"line":104,"column":2},"end":{"line":104,"column":24}},"type":"if","locations":[{"start":{"line":104,"column":2},"end":{"line":104,"column":24}},{"start":{},"end":{}}],"line":104},"3":{"loc":{"start":{"line":110,"column":2},"end":{"line":113,"column":3}},"type":"if","locations":[{"start":{"line":110,"column":2},"end":{"line":113,"column":3}},{"start":{},"end":{}}],"line":110},"4":{"loc":{"start":{"line":125,"column":2},"end":{"line":125,"column":27}},"type":"if","locations":[{"start":{"line":125,"column":2},"end":{"line":125,"column":27}},{"start":{},"end":{}}],"line":125},"5":{"loc":{"start":{"line":130,"column":4},"end":{"line":132,"column":5}},"type":"if","locations":[{"start":{"line":130,"column":4},"end":{"line":132,"column":5}},{"start":{},"end":{}}],"line":130},"6":{"loc":{"start":{"line":143,"column":2},"end":{"line":146,"column":3}},"type":"if","locations":[{"start":{"line":143,"column":2},"end":{"line":146,"column":3}},{"start":{},"end":{}}],"line":143},"7":{"loc":{"start":{"line":147,"column":2},"end":{"line":150,"column":3}},"type":"if","locations":[{"start":{"line":147,"column":2},"end":{"line":150,"column":3}},{"start":{},"end":{}}],"line":147},"8":{"loc":{"start":{"line":169,"column":2},"end":{"line":169,"column":45}},"type":"if","locations":[{"start":{"line":169,"column":2},"end":{"line":169,"column":45}},{"start":{},"end":{}}],"line":169},"9":{"loc":{"start":{"line":169,"column":6},"end":{"line":169,"column":36}},"type":"binary-expr","locations":[{"start":{"line":169,"column":6},"end":{"line":169,"column":10}},{"start":{"line":169,"column":14},"end":{"line":169,"column":36}}],"line":169},"10":{"loc":{"start":{"line":182,"column":2},"end":{"line":182,"column":19}},"type":"if","locations":[{"start":{"line":182,"column":2},"end":{"line":182,"column":19}},{"start":{},"end":{}}],"line":182},"11":{"loc":{"start":{"line":183,"column":2},"end":{"line":183,"column":40}},"type":"if","locations":[{"start":{"line":183,"column":2},"end":{"line":183,"column":40}},{"start":{},"end":{}}],"line":183},"12":{"loc":{"start":{"line":199,"column":2},"end":{"line":199,"column":47}},"type":"if","locations":[{"start":{"line":199,"column":2},"end":{"line":199,"column":47}},{"start":{},"end":{}}],"line":199},"13":{"loc":{"start":{"line":199,"column":6},"end":{"line":199,"column":38}},"type":"binary-expr","locations":[{"start":{"line":199,"column":6},"end":{"line":199,"column":10}},{"start":{"line":199,"column":14},"end":{"line":199,"column":38}}],"line":199},"14":{"loc":{"start":{"line":200,"column":2},"end":{"line":200,"column":40}},"type":"if","locations":[{"start":{"line":200,"column":2},"end":{"line":200,"column":40}},{"start":{},"end":{}}],"line":200},"15":{"loc":{"start":{"line":210,"column":4},"end":{"line":210,"column":84}},"type":"binary-expr","locations":[{"start":{"line":210,"column":4},"end":{"line":210,"column":76}},{"start":{"line":210,"column":80},"end":{"line":210,"column":84}}],"line":210},"16":{"loc":{"start":{"line":210,"column":30},"end":{"line":210,"column":75}},"type":"binary-expr","locations":[{"start":{"line":210,"column":30},"end":{"line":210,"column":50}},{"start":{"line":210,"column":54},"end":{"line":210,"column":75}}],"line":210}},"s":{"0":16,"1":16,"2":16,"3":16,"4":16,"5":16,"6":16,"7":16,"8":0,"9":0,"10":0,"11":7,"12":7,"13":0,"14":39,"15":3,"16":38,"17":23,"18":38,"19":1,"20":37,"21":22,"22":0,"23":37,"24":15,"25":15,"26":17,"27":1,"28":16,"29":16,"30":16,"31":0,"32":0,"33":0,"34":16,"35":17,"36":1,"37":16,"38":2,"39":1,"40":15,"41":15,"42":15,"43":15,"44":3,"45":3,"46":3,"47":1,"48":2,"49":2,"50":2,"51":8,"52":8,"53":8,"54":0,"55":8,"56":1,"57":7,"58":7,"59":7,"60":7,"61":7,"62":7,"63":3,"64":3,"65":3,"66":1,"67":2,"68":1,"69":1,"70":12,"71":13,"72":3,"73":3,"74":1,"75":1},"f":{"0":16,"1":7,"2":39,"3":3,"4":38,"5":23,"6":22,"7":0,"8":17,"9":0,"10":17,"11":2,"12":3,"13":3,"14":8,"15":8,"16":3,"17":3,"18":12,"19":13,"20":3,"21":1,"22":1},"b":{"0":[0,16],"1":[23,22],"2":[1,37],"3":[15,22],"4":[1,16],"5":[0,0],"6":[1,16],"7":[1,15],"8":[1,2],"9":[3,3],"10":[0,8],"11":[1,7],"12":[1,2],"13":[3,3],"14":[1,1],"15":[12,4],"16":[13,7]},"_coverageSchema":"1a1c01bbd47fc00a2c39e90264f33305004495a9","hash":"b98aecdf2877cb1c82e9942f7646c767d76e3313"}
,"/Users/clarencebojangles/polly/polly-ios/src/theme/colors.ts": {"path":"/Users/clarencebojangles/polly/polly-ios/src/theme/colors.ts","statementMap":{"0":{"start":{"line":12,"column":22},"end":{"line":59,"column":10}},"1":{"start":{"line":65,"column":26},"end":{"line":121,"column":10}},"2":{"start":{"line":127,"column":23},"end":{"line":134,"column":10}},"3":{"start":{"line":140,"column":22},"end":{"line":158,"column":10}},"4":{"start":{"line":164,"column":30},"end":{"line":193,"column":10}},"5":{"start":{"line":211,"column":20},"end":{"line":211,"column":26}},"6":{"start":{"line":213,"column":21},"end":{"line":248,"column":10}},"7":{"start":{"line":257,"column":17},"end":{"line":257,"column":33}},"8":{"start":{"line":258,"column":2},"end":{"line":258,"column":42}}},"fnMap":{"0":{"name":"useColors","decl":{"start":{"line":256,"column":16},"end":{"line":256,"column":25}},"loc":{"start":{"line":256,"column":28},"end":{"line":259,"column":1}},"line":256}},"branchMap":{"0":{"loc":{"start":{"line":258,"column":9},"end":{"line":258,"column":41}},"type":"cond-expr","locations":[{"start":{"line":258,"column":29},"end":{"line":258,"column":33}},{"start":{"line":258,"column":36},"end":{"line":258,"column":41}}],"line":258}},"s":{"0":0,"1":0,"2":0,"3":0,"4":0,"5":0,"6":0,"7":0,"8":0},"f":{"0":0},"b":{"0":[0,0]}}
,"/Users/clarencebojangles/polly/polly-ios/src/theme/tokens.ts": {"path":"/Users/clarencebojangles/polly/polly-ios/src/theme/tokens.ts","statementMap":{},"fnMap":{},"branchMap":{},"s":{},"f":{},"b":{}}
,"/Users/clarencebojangles/polly/polly-ios/src/themes/reas.ts": {"path":"/Users/clarencebojangles/polly/polly-ios/src/themes/reas.ts","statementMap":{"0":{"start":{"line":14,"column":38},"end":{"line":61,"column":1}}},"fnMap":{},"branchMap":{},"s":{"0":0},"f":{},"b":{}}
,"/Users/clarencebojangles/polly/polly-ios/src/utils/mmkvEncryption.ts": {"path":"/Users/clarencebojangles/polly/polly-ios/src/utils/mmkvEncryption.ts","statementMap":{"0":{"start":{"line":25,"column":32},"end":{"line":25,"column":36}},"1":{"start":{"line":32,"column":2},"end":{"line":53,"column":3}},"2":{"start":{"line":33,"column":21},"end":{"line":33,"column":90}},"3":{"start":{"line":34,"column":4},"end":{"line":37,"column":5}},"4":{"start":{"line":35,"column":6},"end":{"line":35,"column":28}},"5":{"start":{"line":36,"column":6},"end":{"line":36,"column":22}},"6":{"start":{"line":39,"column":24},"end":{"line":39,"column":49}},"7":{"start":{"line":40,"column":19},"end":{"line":42,"column":15}},"8":{"start":{"line":41,"column":18},"end":{"line":41,"column":49}},"9":{"start":{"line":44,"column":4},"end":{"line":44,"column":82}},"10":{"start":{"line":45,"column":4},"end":{"line":45,"column":77}},"11":{"start":{"line":46,"column":4},"end":{"line":46,"column":24}},"12":{"start":{"line":47,"column":4},"end":{"line":47,"column":18}},"13":{"start":{"line":49,"column":4},"end":{"line":49,"column":90}},"14":{"start":{"line":50,"column":4},"end":{"line":52,"column":6}},"15":{"start":{"line":61,"column":2},"end":{"line":65,"column":3}},"16":{"start":{"line":62,"column":4},"end":{"line":64,"column":6}},"17":{"start":{"line":66,"column":2},"end":{"line":66,"column":20}},"18":{"start":{"line":74,"column":2},"end":{"line":81,"column":3}},"19":{"start":{"line":75,"column":4},"end":{"line":75,"column":77}},"20":{"start":{"line":76,"column":4},"end":{"line":76,"column":22}},"21":{"start":{"line":77,"column":4},"end":{"line":77,"column":62}},"22":{"start":{"line":79,"column":4},"end":{"line":79,"column":84}},"23":{"start":{"line":80,"column":4},"end":{"line":80,"column":14}}},"fnMap":{"0":{"name":"getOrCreateMMKVKey","decl":{"start":{"line":31,"column":22},"end":{"line":31,"column":40}},"loc":{"start":{"line":31,"column":60},"end":{"line":54,"column":1}},"line":31},"1":{"name":"(anonymous_1)","decl":{"start":{"line":41,"column":11},"end":{"line":41,"column":12}},"loc":{"start":{"line":41,"column":18},"end":{"line":41,"column":49}},"line":41},"2":{"name":"getMMKVEncryptionKey","decl":{"start":{"line":60,"column":16},"end":{"line":60,"column":36}},"loc":{"start":{"line":60,"column":47},"end":{"line":67,"column":1}},"line":60},"3":{"name":"wipeMMKVKey","decl":{"start":{"line":73,"column":22},"end":{"line":73,"column":33}},"loc":{"start":{"line":73,"column":51},"end":{"line":82,"column":1}},"line":73}},"branchMap":{"0":{"loc":{"start":{"line":34,"column":4},"end":{"line":37,"column":5}},"type":"if","locations":[{"start":{"line":34,"column":4},"end":{"line":37,"column":5}},{"start":{},"end":{}}],"line":34},"1":{"loc":{"start":{"line":61,"column":2},"end":{"line":65,"column":3}},"type":"if","locations":[{"start":{"line":61,"column":2},"end":{"line":65,"column":3}},{"start":{},"end":{}}],"line":61}},"s":{"0":0,"1":0,"2":0,"3":0,"4":0,"5":0,"6":0,"7":0,"8":0,"9":0,"10":0,"11":0,"12":0,"13":0,"14":0,"15":0,"16":0,"17":0,"18":0,"19":0,"20":0,"21":0,"22":0,"23":0},"f":{"0":0,"1":0,"2":0,"3":0},"b":{"0":[0,0],"1":[0,0]}}
,"/Users/clarencebojangles/polly/polly-ios/src/utils/sanitizeForLog.ts": {"path":"/Users/clarencebojangles/polly/polly-ios/src/utils/sanitizeForLog.ts","statementMap":{"0":{"start":{"line":11,"column":34},"end":{"line":22,"column":1}},"1":{"start":{"line":28,"column":15},"end":{"line":28,"column":20}},"2":{"start":{"line":29,"column":2},"end":{"line":40,"column":3}},"3":{"start":{"line":31,"column":4},"end":{"line":31,"column":26}},"4":{"start":{"line":32,"column":4},"end":{"line":39,"column":7}},"5":{"start":{"line":34,"column":23},"end":{"line":34,"column":41}},"6":{"start":{"line":35,"column":6},"end":{"line":37,"column":7}},"7":{"start":{"line":36,"column":8},"end":{"line":36,"column":62}},"8":{"start":{"line":38,"column":6},"end":{"line":38,"column":26}},"9":{"start":{"line":41,"column":2},"end":{"line":41,"column":16}},"10":{"start":{"line":47,"column":23},"end":{"line":59,"column":2}},"11":{"start":{"line":62,"column":2},"end":{"line":62,"column":58}},"12":{"start":{"line":62,"column":45},"end":{"line":62,"column":58}},"13":{"start":{"line":64,"column":2},"end":{"line":66,"column":3}},"14":{"start":{"line":65,"column":4},"end":{"line":65,"column":31}},"15":{"start":{"line":68,"column":2},"end":{"line":70,"column":3}},"16":{"start":{"line":69,"column":4},"end":{"line":69,"column":17}},"17":{"start":{"line":72,"column":2},"end":{"line":74,"column":3}},"18":{"start":{"line":73,"column":4},"end":{"line":73,"column":37}},"19":{"start":{"line":76,"column":2},"end":{"line":86,"column":3}},"20":{"start":{"line":77,"column":44},"end":{"line":77,"column":46}},"21":{"start":{"line":78,"column":4},"end":{"line":84,"column":5}},"22":{"start":{"line":79,"column":6},"end":{"line":83,"column":7}},"23":{"start":{"line":80,"column":8},"end":{"line":80,"column":35}},"24":{"start":{"line":82,"column":8},"end":{"line":82,"column":44}},"25":{"start":{"line":85,"column":4},"end":{"line":85,"column":18}},"26":{"start":{"line":89,"column":2},"end":{"line":89,"column":15}}},"fnMap":{"0":{"name":"redactString","decl":{"start":{"line":27,"column":9},"end":{"line":27,"column":21}},"loc":{"start":{"line":27,"column":45},"end":{"line":42,"column":1}},"line":27},"1":{"name":"(anonymous_1)","decl":{"start":{"line":32,"column":37},"end":{"line":32,"column":38}},"loc":{"start":{"line":32,"column":48},"end":{"line":39,"column":5}},"line":32},"2":{"name":"sanitizeForLog","decl":{"start":{"line":61,"column":16},"end":{"line":61,"column":30}},"loc":{"start":{"line":61,"column":56},"end":{"line":90,"column":1}},"line":61}},"branchMap":{"0":{"loc":{"start":{"line":35,"column":6},"end":{"line":37,"column":7}},"type":"if","locations":[{"start":{"line":35,"column":6},"end":{"line":37,"column":7}},{"start":{},"end":{}}],"line":35},"1":{"loc":{"start":{"line":62,"column":2},"end":{"line":62,"column":58}},"type":"if","locations":[{"start":{"line":62,"column":2},"end":{"line":62,"column":58}},{"start":{},"end":{}}],"line":62},"2":{"loc":{"start":{"line":62,"column":6},"end":{"line":62,"column":43}},"type":"binary-expr","locations":[{"start":{"line":62,"column":6},"end":{"line":62,"column":20}},{"start":{"line":62,"column":24},"end":{"line":62,"column":43}}],"line":62},"3":{"loc":{"start":{"line":64,"column":2},"end":{"line":66,"column":3}},"type":"if","locations":[{"start":{"line":64,"column":2},"end":{"line":66,"column":3}},{"start":{},"end":{}}],"line":64},"4":{"loc":{"start":{"line":68,"column":2},"end":{"line":70,"column":3}},"type":"if","locations":[{"start":{"line":68,"column":2},"end":{"line":70,"column":3}},{"start":{},"end":{}}],"line":68},"5":{"loc":{"start":{"line":68,"column":6},"end":{"line":68,"column":61}},"type":"binary-expr","locations":[{"start":{"line":68,"column":6},"end":{"line":68,"column":31}},{"start":{"line":68,"column":35},"end":{"line":68,"column":61}}],"line":68},"6":{"loc":{"start":{"line":72,"column":2},"end":{"line":74,"column":3}},"type":"if","locations":[{"start":{"line":72,"column":2},"end":{"line":74,"column":3}},{"start":{},"end":{}}],"line":72},"7":{"loc":{"start":{"line":76,"column":2},"end":{"line":86,"column":3}},"type":"if","locations":[{"start":{"line":76,"column":2},"end":{"line":86,"column":3}},{"start":{},"end":{}}],"line":76},"8":{"loc":{"start":{"line":79,"column":6},"end":{"line":83,"column":7}},"type":"if","locations":[{"start":{"line":79,"column":6},"end":{"line":83,"column":7}},{"start":{"line":81,"column":13},"end":{"line":83,"column":7}}],"line":79}},"s":{"0":4,"1":55,"2":55,"3":550,"4":550,"5":22,"6":22,"7":22,"8":0,"9":55,"10":4,"11":85,"12":0,"13":85,"14":55,"15":30,"16":1,"17":29,"18":1,"19":28,"20":28,"21":28,"22":47,"23":10,"24":37,"25":28,"26":0},"f":{"0":55,"1":22,"2":85},"b":{"0":[22,0],"1":[0,85],"2":[85,85],"3":[55,30],"4":[1,29],"5":[30,29],"6":[1,28],"7":[28,0],"8":[10,37]},"_coverageSchema":"1a1c01bbd47fc00a2c39e90264f33305004495a9","hash":"e8517c502945aced5e71058cd36f43a377342d90"}
}
