TN:
SF:app/_layout.tsx
FN:9,RootLayout
FN:12,(anonymous_1)
FN:16,(anonymous_2)
FN:17,(anonymous_3)
FNF:4
FNH:0
FNDA:0,RootLayout
FNDA:0,(anonymous_1)
FNDA:0,(anonymous_2)
FNDA:0,(anonymous_3)
DA:12,0
DA:15,0
DA:16,0
DA:19,0
DA:23,0
LF:5
LH:0
BRF:0
BRH:0
end_of_record
TN:
SF:app/index.tsx
FN:7,Index
FNF:1
FNH:0
FNDA:0,Index
DA:5,0
DA:8,0
LF:2
LH:0
BRDA:8,0,0,0
BRDA:8,0,1,0
BRF:2
BRH:0
end_of_record
TN:
SF:app/onboarding.tsx
FN:49,isValidGatewayUrl
FN:65,testConnection
FN:71,(anonymous_2)
FN:133,showGatewayUrlHelp
FN:148,showAuthTokenHelp
FN:162,WelcomeStep
FN:186,GatewayUrlStep
FN:220,(anonymous_7)
FN:252,AuthTokenStep
FN:285,(anonymous_9)
FN:319,TestingConnectionStep
FN:396,ProgressDots
FN:400,(anonymous_12)
FN:414,OnboardingScreen
FN:423,(anonymous_14)
FN:428,(anonymous_15)
FN:464,(anonymous_16)
FN:471,(anonymous_17)
FN:472,(anonymous_18)
FN:481,(anonymous_19)
FN:489,(anonymous_20)
FNF:21
FNH:0
FNDA:0,isValidGatewayUrl
FNDA:0,testConnection
FNDA:0,(anonymous_2)
FNDA:0,showGatewayUrlHelp
FNDA:0,showAuthTokenHelp
FNDA:0,WelcomeStep
FNDA:0,GatewayUrlStep
FNDA:0,(anonymous_7)
FNDA:0,AuthTokenStep
FNDA:0,(anonymous_9)
FNDA:0,TestingConnectionStep
FNDA:0,ProgressDots
FNDA:0,(anonymous_12)
FNDA:0,OnboardingScreen
FNDA:0,(anonymous_14)
FNDA:0,(anonymous_15)
FNDA:0,(anonymous_16)
FNDA:0,(anonymous_17)
FNDA:0,(anonymous_18)
FNDA:0,(anonymous_19)
FNDA:0,(anonymous_20)
DA:50,0
DA:51,0
DA:52,0
DA:53,0
DA:55,0
DA:63,0
DA:69,0
DA:70,0
DA:71,0
DA:73,0
DA:74,0
DA:83,0
DA:85,0
DA:86,0
DA:92,0
DA:93,0
DA:99,0
DA:101,0
DA:103,0
DA:104,0
DA:105,0
DA:111,0
DA:117,0
DA:122,0
DA:125,0
DA:134,0
DA:149,0
DA:163,0
DA:197,0
DA:198,0
DA:200,0
DA:220,0
DA:263,0
DA:265,0
DA:285,0
DA:328,0
DA:329,0
DA:330,0
DA:331,0
DA:333,0
DA:394,0
DA:397,0
DA:398,0
DA:401,0
DA:415,0
DA:416,0
DA:418,0
DA:419,0
DA:420,0
DA:421,0
DA:423,0
DA:424,0
DA:425,0
DA:428,0
DA:429,0
DA:430,0
DA:432,0
DA:433,0
DA:435,0
DA:437,0
DA:439,0
DA:440,0
DA:442,0
DA:445,0
DA:447,0
DA:451,0
DA:464,0
DA:471,0
DA:472,0
DA:481,0
DA:489,0
DA:501,0
LF:72
LH:0
BRDA:50,0,0,0
BRDA:50,0,1,0
BRDA:53,1,0,0
BRDA:53,1,1,0
BRDA:85,2,0,0
BRDA:85,2,1,0
BRDA:85,3,0,0
BRDA:85,3,1,0
BRDA:92,4,0,0
BRDA:92,4,1,0
BRDA:103,5,0,0
BRDA:103,5,1,0
BRDA:104,6,0,0
BRDA:104,6,1,0
BRDA:111,7,0,0
BRDA:111,7,1,0
BRDA:112,8,0,0
BRDA:112,8,1,0
BRDA:112,8,2,0
BRDA:112,8,3,0
BRDA:198,9,0,0
BRDA:198,9,1,0
BRDA:210,10,0,0
BRDA:210,10,1,0
BRDA:220,11,0,0
BRDA:220,11,1,0
BRDA:222,12,0,0
BRDA:222,12,1,0
BRDA:239,13,0,0
BRDA:239,13,1,0
BRDA:285,14,0,0
BRDA:285,14,1,0
BRDA:306,15,0,0
BRDA:306,15,1,0
BRDA:328,16,0,0
BRDA:328,16,1,0
BRDA:330,17,0,0
BRDA:330,17,1,0
BRDA:330,17,2,0
BRDA:330,17,3,0
BRDA:331,18,0,0
BRDA:331,18,1,0
BRDA:338,19,0,0
BRDA:338,19,1,0
BRDA:345,20,0,0
BRDA:345,20,1,0
BRDA:355,21,0,0
BRDA:355,21,1,0
BRDA:355,21,2,0
BRDA:357,22,0,0
BRDA:357,22,1,0
BRDA:360,23,0,0
BRDA:360,23,1,0
BRDA:364,24,0,0
BRDA:364,24,1,0
BRDA:365,25,0,0
BRDA:365,25,1,0
BRDA:366,26,0,0
BRDA:366,26,1,0
BRDA:367,27,0,0
BRDA:367,27,1,0
BRDA:374,28,0,0
BRDA:374,28,1,0
BRDA:403,29,0,0
BRDA:403,29,1,0
BRDA:403,30,0,0
BRDA:403,30,1,0
BRDA:435,31,0,0
BRDA:435,31,1,0
BRDA:454,32,0,0
BRDA:454,32,1,0
BRDA:461,33,0,0
BRDA:461,33,1,0
BRDA:463,34,0,0
BRDA:463,34,1,0
BRDA:467,35,0,0
BRDA:467,35,1,0
BRDA:476,36,0,0
BRDA:476,36,1,0
BRDA:485,37,0,0
BRDA:485,37,1,0
BRF:81
BRH:0
end_of_record
TN:
SF:app/(main)/_layout.tsx
FN:10,MainLayout
FN:19,(anonymous_1)
FN:20,(anonymous_2)
FNF:3
FNH:0
FNDA:0,MainLayout
FNDA:0,(anonymous_1)
FNDA:0,(anonymous_2)
DA:11,0
DA:12,0
DA:14,0
DA:19,0
DA:21,0
DA:22,0
DA:30,0
LF:7
LH:0
BRF:0
BRH:0
end_of_record
TN:
SF:app/(main)/chat.tsx
FN:74,formatDateLabel
FN:81,(anonymous_1)
FN:100,getTextFromMessage
FN:102,(anonymous_3)
FN:103,(anonymous_4)
FN:107,getInitials
FN:110,(anonymous_6)
FN:116,buildListItems
FN:149,EmptyState
FN:153,(anonymous_9)
FN:157,(anonymous_10)
FN:197,TypingIndicator
FN:222,DateSeparator
FN:254,ThinkingPanel
FN:258,(anonymous_14)
FN:258,(anonymous_15)
FN:310,MessageBubble
FN:314,(anonymous_17)
FN:317,(anonymous_18)
FN:324,(anonymous_19)
FN:331,(anonymous_20)
FN:352,(anonymous_21)
FN:452,ChatScreen
FN:468,(anonymous_23)
FN:469,(anonymous_24)
FN:477,(anonymous_25)
FN:485,(anonymous_26)
FN:500,(anonymous_27)
FN:507,(anonymous_28)
FN:511,(anonymous_29)
FN:516,(anonymous_30)
FN:520,(anonymous_31)
FN:530,(anonymous_32)
FN:536,(anonymous_33)
FN:552,(anonymous_34)
FN:556,(anonymous_35)
FN:562,(anonymous_36)
FN:571,(anonymous_37)
FN:572,(anonymous_38)
FN:587,(anonymous_39)
FN:596,(anonymous_40)
FN:604,(anonymous_41)
FN:608,(anonymous_42)
FN:614,(anonymous_43)
FN:624,(anonymous_44)
FN:626,(anonymous_45)
FN:635,(anonymous_46)
FN:641,(anonymous_47)
FN:642,(anonymous_48)
FN:656,(anonymous_49)
FN:672,(anonymous_50)
FN:687,(anonymous_51)
FN:741,(anonymous_52)
FN:808,(anonymous_53)
FNF:54
FNH:0
FNDA:0,formatDateLabel
FNDA:0,(anonymous_1)
FNDA:0,getTextFromMessage
FNDA:0,(anonymous_3)
FNDA:0,(anonymous_4)
FNDA:0,getInitials
FNDA:0,(anonymous_6)
FNDA:0,buildListItems
FNDA:0,EmptyState
FNDA:0,(anonymous_9)
FNDA:0,(anonymous_10)
FNDA:0,TypingIndicator
FNDA:0,DateSeparator
FNDA:0,ThinkingPanel
FNDA:0,(anonymous_14)
FNDA:0,(anonymous_15)
FNDA:0,MessageBubble
FNDA:0,(anonymous_17)
FNDA:0,(anonymous_18)
FNDA:0,(anonymous_19)
FNDA:0,(anonymous_20)
FNDA:0,(anonymous_21)
FNDA:0,ChatScreen
FNDA:0,(anonymous_23)
FNDA:0,(anonymous_24)
FNDA:0,(anonymous_25)
FNDA:0,(anonymous_26)
FNDA:0,(anonymous_27)
FNDA:0,(anonymous_28)
FNDA:0,(anonymous_29)
FNDA:0,(anonymous_30)
FNDA:0,(anonymous_31)
FNDA:0,(anonymous_32)
FNDA:0,(anonymous_33)
FNDA:0,(anonymous_34)
FNDA:0,(anonymous_35)
FNDA:0,(anonymous_36)
FNDA:0,(anonymous_37)
FNDA:0,(anonymous_38)
FNDA:0,(anonymous_39)
FNDA:0,(anonymous_40)
FNDA:0,(anonymous_41)
FNDA:0,(anonymous_42)
FNDA:0,(anonymous_43)
FNDA:0,(anonymous_44)
FNDA:0,(anonymous_45)
FNDA:0,(anonymous_46)
FNDA:0,(anonymous_47)
FNDA:0,(anonymous_48)
FNDA:0,(anonymous_49)
FNDA:0,(anonymous_50)
FNDA:0,(anonymous_51)
FNDA:0,(anonymous_52)
FNDA:0,(anonymous_53)
DA:75,0
DA:76,0
DA:78,0
DA:81,0
DA:82,0
DA:83,0
DA:84,0
DA:91,0
DA:92,0
DA:93,0
DA:101,0
DA:102,0
DA:103,0
DA:108,0
DA:110,0
DA:120,0
DA:121,0
DA:123,0
DA:124,0
DA:125,0
DA:126,0
DA:127,0
DA:128,0
DA:130,0
DA:133,0
DA:134,0
DA:138,0
DA:143,0
DA:150,0
DA:154,0
DA:157,0
DA:167,0
DA:198,0
DA:207,0
DA:223,0
DA:232,0
DA:255,0
DA:256,0
DA:258,0
DA:275,0
DA:311,0
DA:312,0
DA:313,0
DA:314,0
DA:317,0
DA:318,0
DA:324,0
DA:331,0
DA:340,0
DA:353,0
DA:381,0
DA:424,0
DA:453,0
DA:454,0
DA:455,0
DA:456,0
DA:467,0
DA:468,0
DA:469,0
DA:472,0
DA:473,0
DA:477,0
DA:478,0
DA:481,0
DA:482,0
DA:484,0
DA:486,0
DA:487,0
DA:488,0
DA:490,0
DA:491,0
DA:494,0
DA:495,0
DA:496,0
DA:500,0
DA:501,0
DA:502,0
DA:503,0
DA:504,0
DA:506,0
DA:507,0
DA:511,0
DA:512,0
DA:513,0
DA:517,0
DA:520,0
DA:521,0
DA:522,0
DA:523,0
DA:524,0
DA:530,0
DA:531,0
DA:536,0
DA:537,0
DA:538,0
DA:540,0
DA:541,0
DA:542,0
DA:543,0
DA:545,0
DA:546,0
DA:548,0
DA:552,0
DA:553,0
DA:556,0
DA:558,0
DA:559,0
DA:560,0
DA:561,0
DA:563,0
DA:564,0
DA:571,0
DA:572,0
DA:585,0
DA:587,0
DA:588,0
DA:589,0
DA:590,0
DA:591,0
DA:592,0
DA:596,0
DA:597,0
DA:598,0
DA:603,0
DA:604,0
DA:608,0
DA:609,0
DA:610,0
DA:611,0
DA:614,0
DA:615,0
DA:617,0
DA:618,0
DA:619,0
DA:624,0
DA:626,0
DA:627,0
DA:628,0
DA:629,0
DA:635,0
DA:636,0
DA:637,0
DA:638,0
DA:639,0
DA:641,0
DA:642,0
DA:643,0
DA:644,0
DA:651,0
DA:652,0
DA:653,0
DA:654,0
DA:656,0
DA:657,0
DA:658,0
DA:660,0
DA:661,0
DA:663,0
DA:672,0
DA:673,0
DA:674,0
DA:675,0
DA:680,0
DA:742,0
DA:810,0
DA:811,0
DA:854,0
LF:167
LH:0
BRDA:78,0,0,0
BRDA:78,0,1,0
BRDA:78,0,2,0
BRDA:85,1,0,0
BRDA:85,1,1,0
BRDA:85,1,2,0
BRDA:91,2,0,0
BRDA:91,2,1,0
BRDA:92,3,0,0
BRDA:92,3,1,0
BRDA:96,4,0,0
BRDA:96,4,1,0
BRDA:110,5,0,0
BRDA:110,5,1,0
BRDA:124,6,0,0
BRDA:124,6,1,0
BRDA:125,7,0,0
BRDA:125,7,1,0
BRDA:126,8,0,0
BRDA:126,8,1,0
BRDA:126,9,0,0
BRDA:126,9,1,0
BRDA:133,10,0,0
BRDA:133,10,1,0
BRDA:267,11,0,0
BRDA:267,11,1,0
BRDA:270,12,0,0
BRDA:270,12,1,0
BRDA:326,13,0,0
BRDA:326,13,1,0
BRDA:347,14,0,0
BRDA:347,14,1,0
BRDA:352,15,0,0
BRDA:352,15,1,0
BRDA:356,16,0,0
BRDA:356,16,1,0
BRDA:360,17,0,0
BRDA:360,17,1,0
BRDA:367,18,0,0
BRDA:367,18,1,0
BRDA:370,19,0,0
BRDA:370,19,1,0
BRDA:432,20,0,0
BRDA:432,20,1,0
BRDA:444,21,0,0
BRDA:444,21,1,0
BRDA:482,22,0,0
BRDA:482,22,1,0
BRDA:486,23,0,0
BRDA:486,23,1,0
BRDA:495,24,0,0
BRDA:495,24,1,0
BRDA:495,25,0,0
BRDA:495,25,1,0
BRDA:501,26,0,0
BRDA:501,26,1,0
BRDA:506,27,0,0
BRDA:506,27,1,0
BRDA:512,28,0,0
BRDA:512,28,1,0
BRDA:538,29,0,0
BRDA:538,29,1,0
BRDA:538,30,0,0
BRDA:538,30,1,0
BRDA:538,30,2,0
BRDA:572,31,0,0
BRDA:572,31,1,0
BRDA:588,32,0,0
BRDA:588,32,1,0
BRDA:588,32,2,0
BRDA:588,32,3,0
BRDA:597,33,0,0
BRDA:597,33,1,0
BRDA:598,34,0,0
BRDA:598,34,1,0
BRDA:619,35,0,0
BRDA:619,35,1,0
BRDA:627,36,0,0
BRDA:627,36,1,0
BRDA:637,37,0,0
BRDA:637,37,1,0
BRDA:639,38,0,0
BRDA:639,38,1,0
BRDA:643,39,0,0
BRDA:643,39,1,0
BRDA:653,40,0,0
BRDA:653,40,1,0
BRDA:654,41,0,0
BRDA:654,41,1,0
BRDA:654,41,2,0
BRDA:657,42,0,0
BRDA:657,42,1,0
BRDA:660,43,0,0
BRDA:660,43,1,0
BRDA:673,44,0,0
BRDA:673,44,1,0
BRDA:674,45,0,0
BRDA:674,45,1,0
BRDA:707,46,0,0
BRDA:707,46,1,0
BRDA:710,47,0,0
BRDA:710,47,1,0
BRDA:721,48,0,0
BRDA:721,48,1,0
BRDA:750,49,0,0
BRDA:750,49,1,0
BRDA:757,50,0,0
BRDA:757,50,1,0
BRDA:760,51,0,0
BRDA:760,51,1,0
BRDA:769,52,0,0
BRDA:769,52,1,0
BRDA:774,53,0,0
BRDA:774,53,1,0
BRDA:783,54,0,0
BRDA:783,54,1,0
BRDA:797,55,0,0
BRDA:797,55,1,0
BRDA:799,56,0,0
BRDA:799,56,1,0
BRDA:810,57,0,0
BRDA:810,57,1,0
BRDA:815,58,0,0
BRDA:815,58,1,0
BRDA:819,59,0,0
BRDA:819,59,1,0
BRDA:827,60,0,0
BRDA:827,60,1,0
BRDA:830,61,0,0
BRDA:830,61,1,0
BRDA:835,62,0,0
BRDA:835,62,1,0
BRDA:843,63,0,0
BRDA:843,63,1,0
BRF:134
BRH:0
end_of_record
TN:
SF:app/(main)/moltbook.tsx
FN:3,Screen
FNF:1
FNH:0
FNDA:0,Screen
DA:4,0
DA:10,0
LF:2
LH:0
BRF:0
BRH:0
end_of_record
TN:
SF:app/(main)/shortcuts.tsx
FN:3,Screen
FNF:1
FNH:0
FNDA:0,Screen
DA:4,0
DA:10,0
LF:2
LH:0
BRF:0
BRH:0
end_of_record
TN:
SF:app/(main)/today.tsx
FN:43,VaultNoteSheet
FN:113,useHasActivePollyCard
FN:114,(anonymous_2)
FN:115,(anonymous_3)
FN:116,(anonymous_4)
FN:128,TodayScreen
FN:133,(anonymous_6)
FN:137,handleOpenSheet
FN:141,handleOpenScribe
FN:150,handleOpenConversation
FN:196,(anonymous_10)
FN:205,SectionHeader
FN:214,PlaceholderRow
FN:222,Divider
FNF:14
FNH:0
FNDA:0,VaultNoteSheet
FNDA:0,useHasActivePollyCard
FNDA:0,(anonymous_2)
FNDA:0,(anonymous_3)
FNDA:0,(anonymous_4)
FNDA:0,TodayScreen
FNDA:0,(anonymous_6)
FNDA:0,handleOpenSheet
FNDA:0,handleOpenScribe
FNDA:0,handleOpenConversation
FNDA:0,(anonymous_10)
FNDA:0,SectionHeader
FNDA:0,PlaceholderRow
FNDA:0,Divider
DA:50,0
DA:51,0
DA:78,0
DA:114,0
DA:115,0
DA:116,0
DA:117,0
DA:119,0
DA:121,0
DA:129,0
DA:130,0
DA:131,0
DA:133,0
DA:134,0
DA:138,0
DA:144,0
DA:152,0
DA:158,0
DA:196,0
DA:206,0
DA:215,0
DA:223,0
DA:230,0
LF:23
LH:0
BRDA:50,0,0,0
BRDA:50,0,1,0
BRDA:61,1,0,0
BRDA:61,1,1,0
BRDA:70,2,0,0
BRDA:70,2,1,0
BRDA:146,3,0,0
BRDA:146,3,1,0
BRDA:154,4,0,0
BRDA:154,4,1,0
BRDA:178,5,0,0
BRDA:178,5,1,0
BRF:12
BRH:0
end_of_record
TN:
SF:app/(main)/usage.tsx
FN:3,Screen
FNF:1
FNH:0
FNDA:0,Screen
DA:4,0
DA:10,0
LF:2
LH:0
BRF:0
BRH:0
end_of_record
TN:
SF:app/(main)/agents/[id].tsx
FN:4,AgentDetailScreen
FNF:1
FNH:0
FNDA:0,AgentDetailScreen
DA:5,0
DA:6,0
DA:8,0
LF:3
LH:0
BRF:0
BRH:0
end_of_record
TN:
SF:app/(main)/agents/index.tsx
FN:3,AgentsScreen
FNF:1
FNH:0
FNDA:0,AgentsScreen
DA:4,0
DA:6,0
LF:2
LH:0
BRF:0
BRH:0
end_of_record
TN:
SF:app/(main)/settings/api-keys.tsx
FN:25,useSaveKey
FN:31,(anonymous_1)
FN:39,(anonymous_2)
FN:61,ApiKeyRow
FN:110,(anonymous_4)
FN:119,(anonymous_5)
FN:141,ApiKeysScreen
FNF:7
FNH:0
FNDA:0,useSaveKey
FNDA:0,(anonymous_1)
FNDA:0,(anonymous_2)
FNDA:0,ApiKeyRow
FNDA:0,(anonymous_4)
FNDA:0,(anonymous_5)
FNDA:0,ApiKeysScreen
DA:26,0
DA:27,0
DA:28,0
DA:29,0
DA:31,0
DA:32,0
DA:33,0
DA:34,0
DA:35,0
DA:36,0
DA:37,0
DA:38,0
DA:39,0
DA:41,0
DA:43,0
DA:47,0
DA:69,0
DA:70,0
DA:72,0
DA:110,0
DA:119,0
DA:142,0
DA:180,0
LF:23
LH:0
BRDA:32,0,0,0
BRDA:32,0,1,0
BRDA:38,1,0,0
BRDA:38,1,1,0
BRDA:67,2,0,0
BRDA:80,3,0,0
BRDA:80,3,1,0
BRDA:104,4,0,0
BRDA:104,4,1,0
BRDA:118,5,0,0
BRDA:118,5,1,0
BRDA:118,5,2,0
BRDA:120,6,0,0
BRDA:120,6,1,0
BRDA:123,7,0,0
BRDA:123,7,1,0
BRDA:125,8,0,0
BRDA:125,8,1,0
BRF:18
BRH:0
end_of_record
TN:
SF:app/(main)/settings/index.tsx
FN:26,SettingsRow
FN:39,SettingsScreen
FN:59,(anonymous_2)
FN:71,(anonymous_3)
FN:78,(anonymous_4)
FNF:5
FNH:0
FNDA:0,SettingsRow
FNDA:0,SettingsScreen
FNDA:0,(anonymous_2)
FNDA:0,(anonymous_3)
FNDA:0,(anonymous_4)
DA:27,0
DA:40,0
DA:42,0
DA:71,0
DA:78,0
DA:86,0
LF:6
LH:0
BRDA:32,0,0,0
BRDA:32,0,1,0
BRF:2
BRH:0
end_of_record
TN:
SF:app/(main)/settings/integrations.tsx
FN:26,IntegrationsScreen
FN:47,(anonymous_1)
FN:54,(anonymous_2)
FNF:3
FNH:0
FNDA:0,IntegrationsScreen
FNDA:0,(anonymous_1)
FNDA:0,(anonymous_2)
DA:24,0
DA:27,0
DA:48,0
DA:65,0
LF:4
LH:0
BRDA:38,0,0,0
BRDA:38,0,1,0
BRF:2
BRH:0
end_of_record
TN:
SF:src/auth/deviceAuth.ts
FN:21,bytesToHex
FN:23,(anonymous_1)
FN:27,hexToBytes
FN:41,ensureDeviceKeypair
FN:83,signChallenge
FN:97,getDeviceId
FN:104,clearDeviceKeypair
FNF:7
FNH:7
FNDA:46,bytesToHex
FNDA:1568,(anonymous_1)
FNDA:5,hexToBytes
FNDA:15,ensureDeviceKeypair
FNDA:5,signChallenge
FNDA:2,getDeviceId
FNDA:3,clearDeviceKeypair
DA:17,1
DA:22,46
DA:23,1568
DA:28,5
DA:29,5
DA:30,160
DA:32,5
DA:45,15
DA:46,15
DA:50,15
DA:51,2
DA:52,2
DA:53,2
DA:54,2
DA:55,2
DA:56,2
DA:60,13
DA:61,13
DA:62,13
DA:63,13
DA:64,13
DA:66,13
DA:67,13
DA:70,13
DA:72,13
DA:74,0
DA:75,0
DA:84,5
DA:85,5
DA:87,3
DA:88,3
DA:89,3
DA:90,3
DA:98,2
DA:105,3
DA:106,3
LF:36
LH:34
BRDA:50,0,0,2
BRDA:50,0,1,13
BRDA:85,1,0,2
BRDA:85,1,1,3
BRF:4
BRH:4
end_of_record
TN:
SF:src/components/DrawerPanel.tsx
FN:49,(anonymous_0)
FN:67,(anonymous_1)
FN:82,(anonymous_2)
FN:106,(anonymous_3)
FN:130,(anonymous_4)
FN:179,(anonymous_5)
FNF:6
FNH:0
FNDA:0,(anonymous_0)
FNDA:0,(anonymous_1)
FNDA:0,(anonymous_2)
FNDA:0,(anonymous_3)
FNDA:0,(anonymous_4)
FNDA:0,(anonymous_5)
DA:30,0
DA:31,0
DA:32,0
DA:33,0
DA:49,0
DA:55,0
DA:58,0
DA:59,0
DA:62,0
DA:67,0
DA:68,0
DA:69,0
DA:71,0
DA:83,0
DA:85,0
DA:89,0
DA:95,0
DA:106,0
DA:107,0
DA:108,0
DA:112,0
DA:116,0
DA:119,0
DA:120,0
DA:121,0
DA:122,0
DA:125,0
DA:130,0
DA:131,0
DA:134,0
DA:165,0
DA:179,0
LF:32
LH:0
BRDA:53,0,0,0
BRDA:58,1,0,0
BRDA:58,1,1,0
BRDA:59,2,0,0
BRDA:59,2,1,0
BRDA:68,3,0,0
BRDA:68,3,1,0
BRDA:69,4,0,0
BRDA:69,4,1,0
BRDA:83,5,0,0
BRDA:83,5,1,0
BRDA:112,6,0,0
BRDA:112,6,1,0
BRDA:116,7,0,0
BRDA:116,7,1,0
BRDA:119,8,0,0
BRDA:119,8,1,0
BRDA:119,9,0,0
BRDA:119,9,1,0
BRDA:121,10,0,0
BRDA:121,10,1,0
BRDA:121,11,0,0
BRDA:121,11,1,0
BRDA:142,12,0,0
BRDA:142,12,1,0
BRDA:173,13,0,0
BRDA:173,13,1,0
BRF:27
BRH:0
end_of_record
TN:
SF:src/components/IntegrationCard.tsx
FN:23,IntegrationCard
FNF:1
FNH:0
FNDA:0,IntegrationCard
DA:30,0
DA:66,0
LF:2
LH:0
BRDA:46,0,0,0
BRDA:46,0,1,0
BRF:2
BRH:0
end_of_record
TN:
SF:src/components/MessageBubble.tsx
FN:35,(anonymous_0)
FNF:1
FNH:0
FNDA:0,(anonymous_0)
DA:35,0
DA:42,0
DA:45,0
DA:46,0
DA:47,0
DA:50,0
DA:60,0
DA:62,0
DA:93,0
LF:9
LH:0
BRDA:38,0,0,0
BRDA:39,1,0,0
BRDA:46,2,0,0
BRDA:46,2,1,0
BRDA:47,3,0,0
BRDA:47,3,1,0
BRDA:60,4,0,0
BRDA:60,4,1,0
BRDA:67,5,0,0
BRDA:67,5,1,0
BRDA:75,6,0,0
BRDA:75,6,1,0
BRDA:76,7,0,0
BRDA:76,7,1,0
BRDA:97,8,0,0
BRDA:97,8,1,0
BRDA:104,9,0,0
BRDA:104,9,1,0
BRDA:114,10,0,0
BRDA:114,10,1,0
BRDA:121,11,0,0
BRDA:121,11,1,0
BRDA:128,12,0,0
BRDA:128,12,1,0
BRDA:142,13,0,0
BRDA:142,13,1,0
BRF:26
BRH:0
end_of_record
TN:
SF:src/components/PollyCard.tsx
FN:59,useActiveObservation
FN:61,(anonymous_1)
FN:62,(anonymous_2)
FN:73,getActionLabel
FN:89,FirstRunNote
FN:120,PollyCard
FN:127,(anonymous_6)
FN:138,(anonymous_7)
FN:145,(anonymous_8)
FN:147,(anonymous_9)
FN:161,handleDismiss
FN:166,handleAction
FN:177,handleOpen
FN:211,(anonymous_13)
FN:236,(anonymous_14)
FN:253,(anonymous_15)
FNF:16
FNH:0
FNDA:0,useActiveObservation
FNDA:0,(anonymous_1)
FNDA:0,(anonymous_2)
FNDA:0,getActionLabel
FNDA:0,FirstRunNote
FNDA:0,PollyCard
FNDA:0,(anonymous_6)
FNDA:0,(anonymous_7)
FNDA:0,(anonymous_8)
FNDA:0,(anonymous_9)
FNDA:0,handleDismiss
FNDA:0,handleAction
FNDA:0,handleOpen
FNDA:0,(anonymous_13)
FNDA:0,(anonymous_14)
FNDA:0,(anonymous_15)
DA:44,0
DA:45,0
DA:53,0
DA:54,0
DA:60,0
DA:61,0
DA:62,0
DA:63,0
DA:65,0
DA:67,0
DA:74,0
DA:75,0
DA:76,0
DA:77,0
DA:78,0
DA:86,0
DA:90,0
DA:121,0
DA:122,0
DA:123,0
DA:124,0
DA:127,0
DA:128,0
DA:129,0
DA:130,0
DA:138,0
DA:139,0
DA:140,0
DA:145,0
DA:146,0
DA:147,0
DA:148,0
DA:149,0
DA:150,0
DA:152,0
DA:157,0
DA:159,0
DA:162,0
DA:163,0
DA:167,0
DA:168,0
DA:170,0
DA:171,0
DA:173,0
DA:178,0
DA:179,0
DA:181,0
DA:182,0
DA:184,0
DA:188,0
DA:211,0
DA:236,0
DA:253,0
DA:269,0
LF:54
LH:0
BRDA:44,0,0,0
BRDA:44,0,1,0
BRDA:44,1,0,0
BRDA:44,1,1,0
BRDA:74,2,0,0
BRDA:74,2,1,0
BRDA:74,2,2,0
BRDA:74,2,3,0
BRDA:128,3,0,0
BRDA:128,3,1,0
BRDA:129,4,0,0
BRDA:129,4,1,0
BRDA:139,5,0,0
BRDA:139,5,1,0
BRDA:140,6,0,0
BRDA:140,6,1,0
BRDA:146,7,0,0
BRDA:146,7,1,0
BRDA:148,8,0,0
BRDA:148,8,1,0
BRDA:157,9,0,0
BRDA:157,9,1,0
BRDA:167,10,0,0
BRDA:167,10,1,0
BRDA:170,11,0,0
BRDA:170,11,1,0
BRDA:178,12,0,0
BRDA:178,12,1,0
BRDA:181,13,0,0
BRDA:181,13,1,0
BRDA:195,14,0,0
BRDA:195,14,1,0
BRDA:211,15,0,0
BRDA:211,15,1,0
BRDA:229,16,0,0
BRDA:229,16,1,0
BRDA:233,17,0,0
BRDA:233,17,1,0
BRDA:239,18,0,0
BRDA:239,18,1,0
BRDA:250,19,0,0
BRDA:250,19,1,0
BRDA:253,20,0,0
BRDA:253,20,1,0
BRF:44
BRH:0
end_of_record
TN:
SF:src/components/VoiceDraftPrompt.tsx
FN:29,VoiceDraftPrompt
FN:58,(anonymous_1)
FN:74,(anonymous_2)
FNF:3
FNH:0
FNDA:0,VoiceDraftPrompt
FNDA:0,(anonymous_1)
FNDA:0,(anonymous_2)
DA:30,0
DA:32,0
DA:36,0
DA:58,0
DA:74,0
DA:99,0
LF:6
LH:0
BRDA:32,0,0,0
BRDA:32,0,1,0
BRDA:41,1,0,0
BRDA:41,1,1,0
BRDA:42,2,0,0
BRDA:42,2,1,0
BRDA:50,3,0,0
BRDA:50,3,1,0
BRDA:62,4,0,0
BRDA:62,4,1,0
BRDA:63,5,0,0
BRDA:63,5,1,0
BRDA:78,6,0,0
BRDA:78,6,1,0
BRDA:79,7,0,0
BRDA:79,7,1,0
BRDA:88,8,0,0
BRDA:88,8,1,0
BRF:18
BRH:0
end_of_record
TN:
SF:src/components/VoiceMicButton.tsx
FN:50,VoiceMicButton
FN:78,(anonymous_1)
FN:99,(anonymous_2)
FN:103,(anonymous_3)
FN:117,(anonymous_4)
FN:121,(anonymous_5)
FN:134,(anonymous_6)
FN:136,(anonymous_7)
FN:145,(anonymous_8)
FN:188,(anonymous_9)
FN:229,(anonymous_10)
FN:261,MicIcon
FN:275,SpinnerArc
FNF:13
FNH:0
FNDA:0,VoiceMicButton
FNDA:0,(anonymous_1)
FNDA:0,(anonymous_2)
FNDA:0,(anonymous_3)
FNDA:0,(anonymous_4)
FNDA:0,(anonymous_5)
FNDA:0,(anonymous_6)
FNDA:0,(anonymous_7)
FNDA:0,(anonymous_8)
FNDA:0,(anonymous_9)
FNDA:0,(anonymous_10)
FNDA:0,MicIcon
FNDA:0,SpinnerArc
DA:57,0
DA:60,0
DA:61,0
DA:64,0
DA:65,0
DA:68,0
DA:71,0
DA:78,0
DA:79,0
DA:80,0
DA:94,0
DA:96,0
DA:97,0
DA:99,0
DA:103,0
DA:104,0
DA:105,0
DA:112,0
DA:114,0
DA:115,0
DA:117,0
DA:121,0
DA:122,0
DA:123,0
DA:134,0
DA:135,0
DA:136,0
DA:137,0
DA:145,0
DA:146,0
DA:157,0
DA:158,0
DA:159,0
DA:162,0
DA:163,0
DA:164,0
DA:166,0
DA:167,0
DA:169,0
DA:174,0
DA:179,0
DA:183,0
DA:189,0
DA:193,0
DA:229,0
DA:264,0
DA:265,0
DA:277,0
DA:291,0
LF:49
LH:0
BRDA:52,0,0,0
BRDA:54,1,0,0
BRDA:55,2,0,0
BRDA:79,3,0,0
BRDA:79,3,1,0
BRDA:104,4,0,0
BRDA:104,4,1,0
BRDA:122,5,0,0
BRDA:122,5,1,0
BRDA:135,6,0,0
BRDA:135,6,1,0
BRDA:162,7,0,0
BRDA:162,7,1,0
BRDA:163,8,0,0
BRDA:163,8,1,0
BRDA:164,9,0,0
BRDA:164,9,1,0
BRDA:166,10,0,0
BRDA:166,10,1,0
BRDA:167,11,0,0
BRDA:167,11,1,0
BRDA:167,12,0,0
BRDA:167,12,1,0
BRDA:179,13,0,0
BRDA:179,13,1,0
BRDA:186,14,0,0
BRDA:186,14,1,0
BRDA:215,15,0,0
BRDA:215,15,1,0
BRDA:233,16,0,0
BRDA:233,16,1,0
BRDA:241,17,0,0
BRDA:241,17,1,0
BRF:33
BRH:0
end_of_record
TN:
SF:src/constants/secureStoreKeys.ts
FNF:0
FNH:0
DA:1,5
LF:1
LH:1
BRF:0
BRH:0
end_of_record
TN:
SF:src/export/exportManifest.ts
FN:51,generateExportManifest
FN:98,generateArchivistReadme
FN:103,(anonymous_2)
FN:104,(anonymous_3)
FN:107,(anonymous_4)
FN:108,(anonymous_5)
FN:119,(anonymous_6)
FN:124,(anonymous_7)
FNF:8
FNH:1
FNDA:13,generateExportManifest
FNDA:0,generateArchivistReadme
FNDA:0,(anonymous_2)
FNDA:0,(anonymous_3)
FNDA:0,(anonymous_4)
FNDA:0,(anonymous_5)
FNDA:0,(anonymous_6)
FNDA:0,(anonymous_7)
DA:52,13
DA:102,0
DA:103,0
DA:104,0
DA:106,0
DA:107,0
DA:108,0
DA:110,0
DA:119,0
DA:124,0
LF:10
LH:1
BRDA:64,0,0,13
BRDA:64,0,1,2
BRF:2
BRH:2
end_of_record
TN:
SF:src/gateway/GatewayClient.ts
FNF:0
FNH:0
LF:0
LH:0
BRF:0
BRH:0
end_of_record
TN:
SF:src/gateway/PollyGatewayAdapter.ts
FN:47,handleTofuOnConnect
FN:82,clearTofuFingerprint
FN:89,fetchAndStoreCapabilities
FN:114,getStoredGatewayCapabilities
FN:136,bridgeConnectionState
FN:140,(anonymous_5)
FN:168,(anonymous_6)
FN:184,(anonymous_7)
FN:215,(anonymous_8)
FN:236,(anonymous_9)
FN:246,(anonymous_10)
FN:251,(anonymous_11)
FN:259,(anonymous_12)
FN:263,(anonymous_13)
FN:290,(anonymous_14)
FN:295,(anonymous_15)
FN:300,(anonymous_16)
FN:305,(anonymous_17)
FN:313,(anonymous_18)
FNF:19
FNH:2
FNDA:0,handleTofuOnConnect
FNDA:2,clearTofuFingerprint
FNDA:0,fetchAndStoreCapabilities
FNDA:2,getStoredGatewayCapabilities
FNDA:0,bridgeConnectionState
FNDA:0,(anonymous_5)
FNDA:0,(anonymous_6)
FNDA:0,(anonymous_7)
FNDA:0,(anonymous_8)
FNDA:0,(anonymous_9)
FNDA:0,(anonymous_10)
FNDA:0,(anonymous_11)
FNDA:0,(anonymous_12)
FNDA:0,(anonymous_13)
FNDA:0,(anonymous_14)
FNDA:0,(anonymous_15)
FNDA:0,(anonymous_16)
FNDA:0,(anonymous_17)
FNDA:0,(anonymous_18)
DA:37,2
DA:39,2
DA:49,0
DA:52,0
DA:54,0
DA:55,0
DA:57,0
DA:58,0
DA:59,0
DA:60,0
DA:63,0
DA:64,0
DA:65,0
DA:66,0
DA:69,0
DA:72,0
DA:74,0
DA:75,0
DA:83,2
DA:84,2
DA:90,0
DA:91,0
DA:96,0
DA:97,0
DA:98,0
DA:100,0
DA:101,0
DA:102,0
DA:104,0
DA:110,0
DA:119,2
DA:120,2
DA:121,2
DA:122,2
DA:123,0
DA:124,0
DA:126,0
DA:137,0
DA:138,0
DA:140,0
DA:141,0
DA:142,0
DA:144,0
DA:145,0
DA:147,0
DA:148,0
DA:149,0
DA:151,0
DA:152,0
DA:154,0
DA:155,0
DA:173,0
DA:174,0
DA:175,0
DA:176,0
DA:185,0
DA:186,0
DA:188,0
DA:189,0
DA:194,0
DA:196,0
DA:204,0
DA:205,0
DA:208,0
DA:210,0
DA:213,0
DA:217,0
DA:218,0
DA:219,0
DA:220,0
DA:224,0
DA:225,0
DA:230,0
DA:234,0
DA:237,0
DA:240,0
DA:247,0
DA:252,0
DA:260,0
DA:261,0
DA:262,0
DA:263,0
DA:264,0
DA:270,0
DA:275,0
DA:285,0
DA:291,0
DA:296,0
DA:301,0
DA:306,0
DA:314,0
DA:315,0
DA:316,0
LF:93
LH:8
BRDA:52,0,0,0
BRDA:52,0,1,0
BRDA:57,1,0,0
BRDA:57,1,1,0
BRDA:63,2,0,0
BRDA:63,2,1,0
BRDA:96,3,0,0
BRDA:96,3,1,0
BRDA:97,4,0,0
BRDA:97,4,1,0
BRDA:122,5,0,2
BRDA:122,5,1,0
BRDA:122,6,0,2
BRDA:122,6,1,0
BRDA:122,6,2,0
BRDA:142,7,0,0
BRDA:142,7,1,0
BRDA:142,7,2,0
BRDA:142,7,3,0
BRDA:188,8,0,0
BRDA:188,8,1,0
BRDA:188,9,0,0
BRDA:188,9,1,0
BRDA:218,10,0,0
BRDA:218,10,1,0
BRDA:262,11,0,0
BRDA:262,11,1,0
BRDA:270,12,0,0
BRDA:270,12,1,0
BRDA:272,13,0,0
BRDA:272,13,1,0
BRDA:276,14,0,0
BRDA:276,14,1,0
BRDA:277,15,0,0
BRDA:277,15,1,0
BRF:35
BRH:2
end_of_record
TN:
SF:src/gateway/gatewayCapabilities.ts
FNF:0
FNH:0
LF:0
LH:0
BRF:0
BRH:0
end_of_record
TN:
SF:src/hooks/useVoiceRecording.ts
FN:60,(anonymous_0)
FN:65,(anonymous_1)
FN:78,(anonymous_2)
FN:82,(anonymous_3)
FN:87,(anonymous_4)
FN:97,useVoiceRecording
FN:111,(anonymous_6)
FN:112,(anonymous_7)
FN:120,(anonymous_8)
FN:121,(anonymous_9)
FN:133,(anonymous_10)
FN:137,(anonymous_11)
FN:138,(anonymous_12)
FN:149,(anonymous_13)
FN:158,(anonymous_14)
FN:180,(anonymous_15)
FN:203,(anonymous_16)
FN:219,(anonymous_17)
FN:229,(anonymous_18)
FN:240,(anonymous_19)
FN:248,(anonymous_20)
FN:256,(anonymous_21)
FN:257,(anonymous_22)
FNF:23
FNH:0
FNDA:0,(anonymous_0)
FNDA:0,(anonymous_1)
FNDA:0,(anonymous_2)
FNDA:0,(anonymous_3)
FNDA:0,(anonymous_4)
FNDA:0,useVoiceRecording
FNDA:0,(anonymous_6)
FNDA:0,(anonymous_7)
FNDA:0,(anonymous_8)
FNDA:0,(anonymous_9)
FNDA:0,(anonymous_10)
FNDA:0,(anonymous_11)
FNDA:0,(anonymous_12)
FNDA:0,(anonymous_13)
FNDA:0,(anonymous_14)
FNDA:0,(anonymous_15)
FNDA:0,(anonymous_16)
FNDA:0,(anonymous_17)
FNDA:0,(anonymous_18)
FNDA:0,(anonymous_19)
FNDA:0,(anonymous_20)
FNDA:0,(anonymous_21)
FNDA:0,(anonymous_22)
DA:59,0
DA:63,0
DA:68,0
DA:77,0
DA:80,0
DA:84,0
DA:85,0
DA:89,0
DA:100,0
DA:101,0
DA:102,0
DA:103,0
DA:105,0
DA:106,0
DA:107,0
DA:108,0
DA:111,0
DA:112,0
DA:113,0
DA:120,0
DA:121,0
DA:122,0
DA:123,0
DA:125,0
DA:127,0
DA:130,0
DA:133,0
DA:137,0
DA:138,0
DA:139,0
DA:141,0
DA:149,0
DA:150,0
DA:151,0
DA:152,0
DA:154,0
DA:158,0
DA:159,0
DA:160,0
DA:162,0
DA:163,0
DA:164,0
DA:166,0
DA:167,0
DA:173,0
DA:174,0
DA:176,0
DA:180,0
DA:181,0
DA:186,0
DA:187,0
DA:188,0
DA:189,0
DA:190,0
DA:191,0
DA:195,0
DA:196,0
DA:197,0
DA:198,0
DA:203,0
DA:204,0
DA:205,0
DA:207,0
DA:208,0
DA:209,0
DA:211,0
DA:219,0
DA:220,0
DA:221,0
DA:223,0
DA:224,0
DA:229,0
DA:230,0
DA:231,0
DA:233,0
DA:234,0
DA:235,0
DA:236,0
DA:240,0
DA:243,0
DA:244,0
DA:248,0
DA:249,0
DA:250,0
DA:251,0
DA:256,0
DA:257,0
DA:258,0
DA:259,0
DA:260,0
DA:262,0
DA:266,0
LF:92
LH:0
BRDA:63,0,0,0
BRDA:63,0,1,0
BRDA:68,1,0,0
BRDA:68,1,1,0
BRDA:80,2,0,0
BRDA:80,2,1,0
BRDA:84,3,0,0
BRDA:84,3,1,0
BRDA:89,4,0,0
BRDA:89,4,1,0
BRDA:113,5,0,0
BRDA:113,5,1,0
BRDA:123,6,0,0
BRDA:123,6,1,0
BRDA:125,7,0,0
BRDA:125,7,1,0
BRDA:125,8,0,0
BRDA:125,8,1,0
BRDA:125,8,2,0
BRDA:139,9,0,0
BRDA:139,9,1,0
BRDA:150,10,0,0
BRDA:150,10,1,0
BRDA:159,11,0,0
BRDA:159,11,1,0
BRDA:176,12,0,0
BRDA:176,12,1,0
BRDA:204,13,0,0
BRDA:204,13,1,0
BRDA:230,14,0,0
BRDA:230,14,1,0
BRDA:249,15,0,0
BRDA:249,15,1,0
BRDA:258,16,0,0
BRDA:258,16,1,0
BRF:35
BRH:0
end_of_record
TN:
SF:src/store/chatStore.ts
FN:17,loadString
FN:21,loadObject
FN:69,(anonymous_2)
FN:82,(anonymous_3)
FN:84,(anonymous_4)
FN:85,(anonymous_5)
FN:87,(anonymous_6)
FN:88,(anonymous_7)
FN:96,(anonymous_8)
FN:98,(anonymous_9)
FN:105,(anonymous_10)
FN:111,(anonymous_11)
FN:118,(anonymous_12)
FNF:13
FNH:13
FNDA:28,loadString
FNDA:14,loadObject
FNDA:14,(anonymous_2)
FNDA:4,(anonymous_3)
FNDA:1,(anonymous_4)
FNDA:1,(anonymous_5)
FNDA:2,(anonymous_6)
FNDA:2,(anonymous_7)
FNDA:2,(anonymous_8)
FNDA:1,(anonymous_9)
FNDA:4,(anonymous_10)
FNDA:1,(anonymous_11)
FNDA:5,(anonymous_12)
DA:15,14
DA:18,28
DA:22,14
DA:23,14
DA:24,0
DA:25,0
DA:27,0
DA:62,14
DA:66,14
DA:67,14
DA:69,14
DA:82,4
DA:85,1
DA:88,2
DA:89,2
DA:90,1
DA:91,1
DA:92,1
DA:93,1
DA:96,2
DA:99,1
DA:100,1
DA:101,1
DA:102,1
DA:106,4
DA:107,4
DA:108,4
DA:112,1
DA:113,1
DA:114,1
DA:115,1
DA:118,5
LF:32
LH:29
BRDA:18,0,0,28
BRDA:18,0,1,28
BRDA:23,1,0,14
BRDA:23,1,1,0
BRDA:89,2,0,1
BRDA:89,2,1,1
BRDA:118,3,0,5
BRDA:118,3,1,2
BRF:8
BRH:7
end_of_record
TN:
SF:src/store/connectionStore.ts
FN:36,(anonymous_0)
FN:42,(anonymous_1)
FN:43,(anonymous_2)
FN:44,(anonymous_3)
FN:45,(anonymous_4)
FN:45,(anonymous_5)
FN:46,(anonymous_6)
FNF:7
FNH:7
FNDA:10,(anonymous_0)
FNDA:8,(anonymous_1)
FNDA:2,(anonymous_2)
FNDA:5,(anonymous_3)
FNDA:3,(anonymous_4)
FNDA:3,(anonymous_5)
FNDA:16,(anonymous_6)
DA:36,10
DA:42,8
DA:43,2
DA:44,5
DA:45,3
DA:47,16
LF:6
LH:6
BRF:0
BRH:0
end_of_record
TN:
SF:src/store/onboardingStore.ts
FN:54,loadFromMMKV
FN:70,saveToMMKV
FN:84,(anonymous_2)
FN:88,(anonymous_3)
FN:89,(anonymous_4)
FN:95,(anonymous_5)
FN:96,(anonymous_6)
FN:102,(anonymous_7)
FN:103,(anonymous_8)
FN:114,(anonymous_9)
FN:125,readOnboardingComplete
FNF:11
FNH:10
FNDA:7,loadFromMMKV
FNDA:8,saveToMMKV
FNDA:7,(anonymous_2)
FNDA:2,(anonymous_3)
FNDA:2,(anonymous_4)
FNDA:3,(anonymous_5)
FNDA:3,(anonymous_6)
FNDA:2,(anonymous_7)
FNDA:2,(anonymous_8)
FNDA:1,(anonymous_9)
FNDA:0,readOnboardingComplete
DA:15,7
DA:17,7
DA:48,7
DA:55,7
DA:56,7
DA:57,7
DA:58,0
DA:59,0
DA:66,0
DA:71,8
DA:72,8
DA:82,7
DA:84,7
DA:89,2
DA:90,2
DA:91,2
DA:92,2
DA:96,3
DA:97,3
DA:98,3
DA:99,3
DA:103,2
DA:104,2
DA:110,2
DA:111,2
DA:115,1
DA:116,1
DA:126,0
DA:127,0
DA:128,0
DA:129,0
DA:130,0
DA:132,0
LF:33
LH:24
BRDA:57,0,0,7
BRDA:57,0,1,0
BRDA:60,1,0,0
BRDA:60,1,1,0
BRDA:61,2,0,0
BRDA:61,2,1,0
BRDA:62,3,0,0
BRDA:62,3,1,0
BRDA:128,4,0,0
BRDA:128,4,1,0
BRF:10
BRH:1
end_of_record
TN:
SF:src/store/pollyObservationStore.ts
FN:67,loadDismissedIds
FN:79,persistDismissedIds
FN:94,notify
FN:95,(anonymous_3)
FN:102,_promoteNextQueued
FN:103,(anonymous_5)
FN:107,(anonymous_6)
FN:108,(anonymous_7)
FN:124,initPollyStore
FN:129,(anonymous_9)
FN:142,enqueueObservation
FN:147,(anonymous_11)
FN:167,engageObservation
FN:168,(anonymous_13)
FN:180,dismissObservation
FN:181,(anonymous_15)
FN:197,autoResolveT3
FN:198,(anonymous_17)
FN:208,getActiveObservation
FN:210,(anonymous_19)
FN:217,subscribeToPollyStore
FN:219,(anonymous_21)
FN:220,(anonymous_22)
FNF:23
FNH:21
FNDA:16,loadDismissedIds
FNDA:7,persistDismissedIds
FNDA:39,notify
FNDA:3,(anonymous_3)
FNDA:38,_promoteNextQueued
FNDA:23,(anonymous_5)
FNDA:22,(anonymous_6)
FNDA:0,(anonymous_7)
FNDA:17,initPollyStore
FNDA:0,(anonymous_9)
FNDA:17,enqueueObservation
FNDA:2,(anonymous_11)
FNDA:3,engageObservation
FNDA:3,(anonymous_13)
FNDA:8,dismissObservation
FNDA:8,(anonymous_15)
FNDA:3,autoResolveT3
FNDA:3,(anonymous_17)
FNDA:12,getActiveObservation
FNDA:13,(anonymous_19)
FNDA:3,subscribeToPollyStore
FNDA:1,(anonymous_21)
FNDA:1,(anonymous_22)
DA:52,16
DA:58,16
DA:59,16
DA:60,16
DA:61,16
DA:68,16
DA:69,16
DA:70,16
DA:71,0
DA:72,0
DA:75,0
DA:80,7
DA:81,7
DA:86,0
DA:95,39
DA:103,38
DA:104,38
DA:106,37
DA:107,22
DA:108,0
DA:110,37
DA:111,15
DA:112,15
DA:125,17
DA:126,16
DA:127,16
DA:129,16
DA:130,0
DA:131,0
DA:133,0
DA:135,16
DA:143,17
DA:145,1
DA:147,16
DA:149,1
DA:152,15
DA:157,15
DA:158,15
DA:159,15
DA:168,3
DA:169,3
DA:170,2
DA:171,2
DA:172,2
DA:181,8
DA:182,8
DA:183,8
DA:185,7
DA:186,7
DA:187,7
DA:188,7
DA:189,7
DA:190,7
DA:198,3
DA:199,3
DA:200,2
DA:201,1
DA:209,12
DA:210,13
DA:218,3
DA:219,3
DA:220,1
LF:62
LH:54
BRDA:70,0,0,0
BRDA:70,0,1,16
BRDA:103,1,0,23
BRDA:103,1,1,22
BRDA:104,2,0,1
BRDA:104,2,1,37
BRDA:110,3,0,15
BRDA:110,3,1,22
BRDA:125,4,0,1
BRDA:125,4,1,16
BRDA:130,5,0,0
BRDA:130,5,1,0
BRDA:143,6,0,1
BRDA:143,6,1,16
BRDA:147,7,0,1
BRDA:147,7,1,15
BRDA:169,8,0,1
BRDA:169,8,1,2
BRDA:169,9,0,3
BRDA:169,9,1,3
BRDA:182,10,0,0
BRDA:182,10,1,8
BRDA:183,11,0,1
BRDA:183,11,1,7
BRDA:199,12,0,1
BRDA:199,12,1,2
BRDA:199,13,0,3
BRDA:199,13,1,3
BRDA:200,14,0,1
BRDA:200,14,1,1
BRDA:210,15,0,12
BRDA:210,15,1,4
BRDA:210,16,0,13
BRDA:210,16,1,7
BRF:34
BRH:30
end_of_record
TN:
SF:src/theme/colors.ts
FN:256,useColors
FNF:1
FNH:0
FNDA:0,useColors
DA:12,0
DA:65,0
DA:127,0
DA:140,0
DA:164,0
DA:211,0
DA:213,0
DA:257,0
DA:258,0
LF:9
LH:0
BRDA:258,0,0,0
BRDA:258,0,1,0
BRF:2
BRH:0
end_of_record
TN:
SF:src/theme/tokens.ts
FNF:0
FNH:0
LF:0
LH:0
BRF:0
BRH:0
end_of_record
TN:
SF:src/themes/reas.ts
FNF:0
FNH:0
DA:14,0
LF:1
LH:0
BRF:0
BRH:0
end_of_record
TN:
SF:src/utils/mmkvEncryption.ts
FN:31,getOrCreateMMKVKey
FN:41,(anonymous_1)
FN:60,getMMKVEncryptionKey
FN:73,wipeMMKVKey
FNF:4
FNH:0
FNDA:0,getOrCreateMMKVKey
FNDA:0,(anonymous_1)
FNDA:0,getMMKVEncryptionKey
FNDA:0,wipeMMKVKey
DA:25,0
DA:32,0
DA:33,0
DA:34,0
DA:35,0
DA:36,0
DA:39,0
DA:40,0
DA:41,0
DA:44,0
DA:45,0
DA:46,0
DA:47,0
DA:49,0
DA:50,0
DA:61,0
DA:62,0
DA:66,0
DA:74,0
DA:75,0
DA:76,0
DA:77,0
DA:79,0
DA:80,0
LF:24
LH:0
BRDA:34,0,0,0
BRDA:34,0,1,0
BRDA:61,1,0,0
BRDA:61,1,1,0
BRF:4
BRH:0
end_of_record
TN:
SF:src/utils/sanitizeForLog.ts
FN:27,redactString
FN:32,(anonymous_1)
FN:61,sanitizeForLog
FNF:3
FNH:3
FNDA:55,redactString
FNDA:22,(anonymous_1)
FNDA:85,sanitizeForLog
DA:11,4
DA:28,55
DA:29,55
DA:31,550
DA:32,550
DA:34,22
DA:35,22
DA:36,22
DA:38,0
DA:41,55
DA:47,4
DA:62,85
DA:64,85
DA:65,55
DA:68,30
DA:69,1
DA:72,29
DA:73,1
DA:76,28
DA:77,28
DA:78,28
DA:79,47
DA:80,10
DA:82,37
DA:85,28
DA:89,0
LF:26
LH:24
BRDA:35,0,0,22
BRDA:35,0,1,0
BRDA:62,1,0,0
BRDA:62,1,1,85
BRDA:62,2,0,85
BRDA:62,2,1,85
BRDA:64,3,0,55
BRDA:64,3,1,30
BRDA:68,4,0,1
BRDA:68,4,1,29
BRDA:68,5,0,30
BRDA:68,5,1,29
BRDA:72,6,0,1
BRDA:72,6,1,28
BRDA:76,7,0,28
BRDA:76,7,1,0
BRDA:79,8,0,10
BRDA:79,8,1,37
BRF:18
BRH:15
end_of_record
