TN:
SF:app/_layout.tsx
FN:5,RootLayout
FNF:1
FNH:0
FNDA:0,RootLayout
DA:6,0
LF:1
LH:0
BRF:0
BRH:0
end_of_record
TN:
SF:app/index.tsx
FN:7,Index
FNF:1
FNH:0
FNDA:0,Index
DA:5,0
DA:8,0
LF:2
LH:0
BRDA:8,0,0,0
BRDA:8,0,1,0
BRF:2
BRH:0
end_of_record
TN:
SF:app/onboarding.tsx
FN:49,isValidGatewayUrl
FN:65,testConnection
FN:71,(anonymous_2)
FN:133,showGatewayUrlHelp
FN:148,showAuthTokenHelp
FN:162,WelcomeStep
FN:186,GatewayUrlStep
FN:220,(anonymous_7)
FN:252,AuthTokenStep
FN:285,(anonymous_9)
FN:319,TestingConnectionStep
FN:396,ProgressDots
FN:400,(anonymous_12)
FN:414,OnboardingScreen
FN:423,(anonymous_14)
FN:428,(anonymous_15)
FN:464,(anonymous_16)
FN:471,(anonymous_17)
FN:472,(anonymous_18)
FN:481,(anonymous_19)
FN:489,(anonymous_20)
FNF:21
FNH:0
FNDA:0,isValidGatewayUrl
FNDA:0,testConnection
FNDA:0,(anonymous_2)
FNDA:0,showGatewayUrlHelp
FNDA:0,showAuthTokenHelp
FNDA:0,WelcomeStep
FNDA:0,GatewayUrlStep
FNDA:0,(anonymous_7)
FNDA:0,AuthTokenStep
FNDA:0,(anonymous_9)
FNDA:0,TestingConnectionStep
FNDA:0,ProgressDots
FNDA:0,(anonymous_12)
FNDA:0,OnboardingScreen
FNDA:0,(anonymous_14)
FNDA:0,(anonymous_15)
FNDA:0,(anonymous_16)
FNDA:0,(anonymous_17)
FNDA:0,(anonymous_18)
FNDA:0,(anonymous_19)
FNDA:0,(anonymous_20)
DA:50,0
DA:51,0
DA:52,0
DA:53,0
DA:55,0
DA:63,0
DA:69,0
DA:70,0
DA:71,0
DA:73,0
DA:74,0
DA:83,0
DA:85,0
DA:86,0
DA:92,0
DA:93,0
DA:99,0
DA:101,0
DA:103,0
DA:104,0
DA:105,0
DA:111,0
DA:117,0
DA:122,0
DA:125,0
DA:134,0
DA:149,0
DA:163,0
DA:197,0
DA:198,0
DA:200,0
DA:220,0
DA:263,0
DA:265,0
DA:285,0
DA:328,0
DA:329,0
DA:330,0
DA:331,0
DA:333,0
DA:394,0
DA:397,0
DA:398,0
DA:401,0
DA:415,0
DA:416,0
DA:418,0
DA:419,0
DA:420,0
DA:421,0
DA:423,0
DA:424,0
DA:425,0
DA:428,0
DA:429,0
DA:430,0
DA:432,0
DA:433,0
DA:435,0
DA:437,0
DA:439,0
DA:440,0
DA:442,0
DA:445,0
DA:447,0
DA:451,0
DA:464,0
DA:471,0
DA:472,0
DA:481,0
DA:489,0
DA:501,0
LF:72
LH:0
BRDA:50,0,0,0
BRDA:50,0,1,0
BRDA:53,1,0,0
BRDA:53,1,1,0
BRDA:85,2,0,0
BRDA:85,2,1,0
BRDA:85,3,0,0
BRDA:85,3,1,0
BRDA:92,4,0,0
BRDA:92,4,1,0
BRDA:103,5,0,0
BRDA:103,5,1,0
BRDA:104,6,0,0
BRDA:104,6,1,0
BRDA:111,7,0,0
BRDA:111,7,1,0
BRDA:112,8,0,0
BRDA:112,8,1,0
BRDA:112,8,2,0
BRDA:112,8,3,0
BRDA:198,9,0,0
BRDA:198,9,1,0
BRDA:210,10,0,0
BRDA:210,10,1,0
BRDA:220,11,0,0
BRDA:220,11,1,0
BRDA:222,12,0,0
BRDA:222,12,1,0
BRDA:239,13,0,0
BRDA:239,13,1,0
BRDA:285,14,0,0
BRDA:285,14,1,0
BRDA:306,15,0,0
BRDA:306,15,1,0
BRDA:328,16,0,0
BRDA:328,16,1,0
BRDA:330,17,0,0
BRDA:330,17,1,0
BRDA:330,17,2,0
BRDA:330,17,3,0
BRDA:331,18,0,0
BRDA:331,18,1,0
BRDA:338,19,0,0
BRDA:338,19,1,0
BRDA:345,20,0,0
BRDA:345,20,1,0
BRDA:355,21,0,0
BRDA:355,21,1,0
BRDA:355,21,2,0
BRDA:357,22,0,0
BRDA:357,22,1,0
BRDA:360,23,0,0
BRDA:360,23,1,0
BRDA:364,24,0,0
BRDA:364,24,1,0
BRDA:365,25,0,0
BRDA:365,25,1,0
BRDA:366,26,0,0
BRDA:366,26,1,0
BRDA:367,27,0,0
BRDA:367,27,1,0
BRDA:374,28,0,0
BRDA:374,28,1,0
BRDA:403,29,0,0
BRDA:403,29,1,0
BRDA:403,30,0,0
BRDA:403,30,1,0
BRDA:435,31,0,0
BRDA:435,31,1,0
BRDA:454,32,0,0
BRDA:454,32,1,0
BRDA:461,33,0,0
BRDA:461,33,1,0
BRDA:463,34,0,0
BRDA:463,34,1,0
BRDA:467,35,0,0
BRDA:467,35,1,0
BRDA:476,36,0,0
BRDA:476,36,1,0
BRDA:485,37,0,0
BRDA:485,37,1,0
BRF:81
BRH:0
end_of_record
TN:
SF:app/(main)/_layout.tsx
FN:7,MainLayout
FNF:1
FNH:0
FNDA:0,MainLayout
DA:9,0
DA:16,0
LF:2
LH:0
BRF:0
BRH:0
end_of_record
TN:
SF:app/(main)/chat.tsx
FN:74,formatDateLabel
FN:81,(anonymous_1)
FN:100,getTextFromMessage
FN:102,(anonymous_3)
FN:103,(anonymous_4)
FN:107,getInitials
FN:110,(anonymous_6)
FN:116,buildListItems
FN:149,EmptyState
FN:153,(anonymous_9)
FN:157,(anonymous_10)
FN:197,TypingIndicator
FN:222,DateSeparator
FN:254,ThinkingPanel
FN:258,(anonymous_14)
FN:258,(anonymous_15)
FN:310,MessageBubble
FN:314,(anonymous_17)
FN:317,(anonymous_18)
FN:324,(anonymous_19)
FN:331,(anonymous_20)
FN:352,(anonymous_21)
FN:452,ChatScreen
FN:468,(anonymous_23)
FN:469,(anonymous_24)
FN:477,(anonymous_25)
FN:485,(anonymous_26)
FN:500,(anonymous_27)
FN:507,(anonymous_28)
FN:511,(anonymous_29)
FN:516,(anonymous_30)
FN:520,(anonymous_31)
FN:530,(anonymous_32)
FN:536,(anonymous_33)
FN:552,(anonymous_34)
FN:556,(anonymous_35)
FN:562,(anonymous_36)
FN:571,(anonymous_37)
FN:572,(anonymous_38)
FN:587,(anonymous_39)
FN:596,(anonymous_40)
FN:604,(anonymous_41)
FN:608,(anonymous_42)
FN:614,(anonymous_43)
FN:624,(anonymous_44)
FN:626,(anonymous_45)
FN:635,(anonymous_46)
FN:641,(anonymous_47)
FN:642,(anonymous_48)
FN:656,(anonymous_49)
FN:672,(anonymous_50)
FN:687,(anonymous_51)
FN:741,(anonymous_52)
FN:808,(anonymous_53)
FNF:54
FNH:0
FNDA:0,formatDateLabel
FNDA:0,(anonymous_1)
FNDA:0,getTextFromMessage
FNDA:0,(anonymous_3)
FNDA:0,(anonymous_4)
FNDA:0,getInitials
FNDA:0,(anonymous_6)
FNDA:0,buildListItems
FNDA:0,EmptyState
FNDA:0,(anonymous_9)
FNDA:0,(anonymous_10)
FNDA:0,TypingIndicator
FNDA:0,DateSeparator
FNDA:0,ThinkingPanel
FNDA:0,(anonymous_14)
FNDA:0,(anonymous_15)
FNDA:0,MessageBubble
FNDA:0,(anonymous_17)
FNDA:0,(anonymous_18)
FNDA:0,(anonymous_19)
FNDA:0,(anonymous_20)
FNDA:0,(anonymous_21)
FNDA:0,ChatScreen
FNDA:0,(anonymous_23)
FNDA:0,(anonymous_24)
FNDA:0,(anonymous_25)
FNDA:0,(anonymous_26)
FNDA:0,(anonymous_27)
FNDA:0,(anonymous_28)
FNDA:0,(anonymous_29)
FNDA:0,(anonymous_30)
FNDA:0,(anonymous_31)
FNDA:0,(anonymous_32)
FNDA:0,(anonymous_33)
FNDA:0,(anonymous_34)
FNDA:0,(anonymous_35)
FNDA:0,(anonymous_36)
FNDA:0,(anonymous_37)
FNDA:0,(anonymous_38)
FNDA:0,(anonymous_39)
FNDA:0,(anonymous_40)
FNDA:0,(anonymous_41)
FNDA:0,(anonymous_42)
FNDA:0,(anonymous_43)
FNDA:0,(anonymous_44)
FNDA:0,(anonymous_45)
FNDA:0,(anonymous_46)
FNDA:0,(anonymous_47)
FNDA:0,(anonymous_48)
FNDA:0,(anonymous_49)
FNDA:0,(anonymous_50)
FNDA:0,(anonymous_51)
FNDA:0,(anonymous_52)
FNDA:0,(anonymous_53)
DA:75,0
DA:76,0
DA:78,0
DA:81,0
DA:82,0
DA:83,0
DA:84,0
DA:91,0
DA:92,0
DA:93,0
DA:101,0
DA:102,0
DA:103,0
DA:108,0
DA:110,0
DA:120,0
DA:121,0
DA:123,0
DA:124,0
DA:125,0
DA:126,0
DA:127,0
DA:128,0
DA:130,0
DA:133,0
DA:134,0
DA:138,0
DA:143,0
DA:150,0
DA:154,0
DA:157,0
DA:167,0
DA:198,0
DA:207,0
DA:223,0
DA:232,0
DA:255,0
DA:256,0
DA:258,0
DA:275,0
DA:311,0
DA:312,0
DA:313,0
DA:314,0
DA:317,0
DA:318,0
DA:324,0
DA:331,0
DA:340,0
DA:353,0
DA:381,0
DA:424,0
DA:453,0
DA:454,0
DA:455,0
DA:456,0
DA:467,0
DA:468,0
DA:469,0
DA:472,0
DA:473,0
DA:477,0
DA:478,0
DA:481,0
DA:482,0
DA:484,0
DA:486,0
DA:487,0
DA:488,0
DA:490,0
DA:491,0
DA:494,0
DA:495,0
DA:496,0
DA:500,0
DA:501,0
DA:502,0
DA:503,0
DA:504,0
DA:506,0
DA:507,0
DA:511,0
DA:512,0
DA:513,0
DA:517,0
DA:520,0
DA:521,0
DA:522,0
DA:523,0
DA:524,0
DA:530,0
DA:531,0
DA:536,0
DA:537,0
DA:538,0
DA:540,0
DA:541,0
DA:542,0
DA:543,0
DA:545,0
DA:546,0
DA:548,0
DA:552,0
DA:553,0
DA:556,0
DA:558,0
DA:559,0
DA:560,0
DA:561,0
DA:563,0
DA:564,0
DA:571,0
DA:572,0
DA:585,0
DA:587,0
DA:588,0
DA:589,0
DA:590,0
DA:591,0
DA:592,0
DA:596,0
DA:597,0
DA:598,0
DA:603,0
DA:604,0
DA:608,0
DA:609,0
DA:610,0
DA:611,0
DA:614,0
DA:615,0
DA:617,0
DA:618,0
DA:619,0
DA:624,0
DA:626,0
DA:627,0
DA:628,0
DA:629,0
DA:635,0
DA:636,0
DA:637,0
DA:638,0
DA:639,0
DA:641,0
DA:642,0
DA:643,0
DA:644,0
DA:651,0
DA:652,0
DA:653,0
DA:654,0
DA:656,0
DA:657,0
DA:658,0
DA:660,0
DA:661,0
DA:663,0
DA:672,0
DA:673,0
DA:674,0
DA:675,0
DA:680,0
DA:742,0
DA:810,0
DA:811,0
DA:854,0
LF:167
LH:0
BRDA:78,0,0,0
BRDA:78,0,1,0
BRDA:78,0,2,0
BRDA:85,1,0,0
BRDA:85,1,1,0
BRDA:85,1,2,0
BRDA:91,2,0,0
BRDA:91,2,1,0
BRDA:92,3,0,0
BRDA:92,3,1,0
BRDA:96,4,0,0
BRDA:96,4,1,0
BRDA:110,5,0,0
BRDA:110,5,1,0
BRDA:124,6,0,0
BRDA:124,6,1,0
BRDA:125,7,0,0
BRDA:125,7,1,0
BRDA:126,8,0,0
BRDA:126,8,1,0
BRDA:126,9,0,0
BRDA:126,9,1,0
BRDA:133,10,0,0
BRDA:133,10,1,0
BRDA:267,11,0,0
BRDA:267,11,1,0
BRDA:270,12,0,0
BRDA:270,12,1,0
BRDA:326,13,0,0
BRDA:326,13,1,0
BRDA:347,14,0,0
BRDA:347,14,1,0
BRDA:352,15,0,0
BRDA:352,15,1,0
BRDA:356,16,0,0
BRDA:356,16,1,0
BRDA:360,17,0,0
BRDA:360,17,1,0
BRDA:367,18,0,0
BRDA:367,18,1,0
BRDA:370,19,0,0
BRDA:370,19,1,0
BRDA:432,20,0,0
BRDA:432,20,1,0
BRDA:444,21,0,0
BRDA:444,21,1,0
BRDA:482,22,0,0
BRDA:482,22,1,0
BRDA:486,23,0,0
BRDA:486,23,1,0
BRDA:495,24,0,0
BRDA:495,24,1,0
BRDA:495,25,0,0
BRDA:495,25,1,0
BRDA:501,26,0,0
BRDA:501,26,1,0
BRDA:506,27,0,0
BRDA:506,27,1,0
BRDA:512,28,0,0
BRDA:512,28,1,0
BRDA:538,29,0,0
BRDA:538,29,1,0
BRDA:538,30,0,0
BRDA:538,30,1,0
BRDA:538,30,2,0
BRDA:572,31,0,0
BRDA:572,31,1,0
BRDA:588,32,0,0
BRDA:588,32,1,0
BRDA:588,32,2,0
BRDA:588,32,3,0
BRDA:597,33,0,0
BRDA:597,33,1,0
BRDA:598,34,0,0
BRDA:598,34,1,0
BRDA:619,35,0,0
BRDA:619,35,1,0
BRDA:627,36,0,0
BRDA:627,36,1,0
BRDA:637,37,0,0
BRDA:637,37,1,0
BRDA:639,38,0,0
BRDA:639,38,1,0
BRDA:643,39,0,0
BRDA:643,39,1,0
BRDA:653,40,0,0
BRDA:653,40,1,0
BRDA:654,41,0,0
BRDA:654,41,1,0
BRDA:654,41,2,0
BRDA:657,42,0,0
BRDA:657,42,1,0
BRDA:660,43,0,0
BRDA:660,43,1,0
BRDA:673,44,0,0
BRDA:673,44,1,0
BRDA:674,45,0,0
BRDA:674,45,1,0
BRDA:707,46,0,0
BRDA:707,46,1,0
BRDA:710,47,0,0
BRDA:710,47,1,0
BRDA:721,48,0,0
BRDA:721,48,1,0
BRDA:750,49,0,0
BRDA:750,49,1,0
BRDA:757,50,0,0
BRDA:757,50,1,0
BRDA:760,51,0,0
BRDA:760,51,1,0
BRDA:769,52,0,0
BRDA:769,52,1,0
BRDA:774,53,0,0
BRDA:774,53,1,0
BRDA:783,54,0,0
BRDA:783,54,1,0
BRDA:797,55,0,0
BRDA:797,55,1,0
BRDA:799,56,0,0
BRDA:799,56,1,0
BRDA:810,57,0,0
BRDA:810,57,1,0
BRDA:815,58,0,0
BRDA:815,58,1,0
BRDA:819,59,0,0
BRDA:819,59,1,0
BRDA:827,60,0,0
BRDA:827,60,1,0
BRDA:830,61,0,0
BRDA:830,61,1,0
BRDA:835,62,0,0
BRDA:835,62,1,0
BRDA:843,63,0,0
BRDA:843,63,1,0
BRF:134
BRH:0
end_of_record
TN:
SF:app/(main)/moltbook.tsx
FN:3,Screen
FNF:1
FNH:0
FNDA:0,Screen
DA:4,0
DA:10,0
LF:2
LH:0
BRF:0
BRH:0
end_of_record
TN:
SF:app/(main)/shortcuts.tsx
FN:3,Screen
FNF:1
FNH:0
FNDA:0,Screen
DA:4,0
DA:10,0
LF:2
LH:0
BRF:0
BRH:0
end_of_record
TN:
SF:app/(main)/today.tsx
FN:43,VaultNoteSheet
FN:113,useHasActivePollyCard
FN:114,(anonymous_2)
FN:115,(anonymous_3)
FN:116,(anonymous_4)
FN:128,TodayScreen
FN:133,(anonymous_6)
FN:137,handleOpenSheet
FN:141,handleOpenScribe
FN:150,handleOpenConversation
FN:196,(anonymous_10)
FN:205,SectionHeader
FN:214,PlaceholderRow
FN:222,Divider
FNF:14
FNH:0
FNDA:0,VaultNoteSheet
FNDA:0,useHasActivePollyCard
FNDA:0,(anonymous_2)
FNDA:0,(anonymous_3)
FNDA:0,(anonymous_4)
FNDA:0,TodayScreen
FNDA:0,(anonymous_6)
FNDA:0,handleOpenSheet
FNDA:0,handleOpenScribe
FNDA:0,handleOpenConversation
FNDA:0,(anonymous_10)
FNDA:0,SectionHeader
FNDA:0,PlaceholderRow
FNDA:0,Divider
DA:50,0
DA:51,0
DA:78,0
DA:114,0
DA:115,0
DA:116,0
DA:117,0
DA:119,0
DA:121,0
DA:129,0
DA:130,0
DA:131,0
DA:133,0
DA:134,0
DA:138,0
DA:144,0
DA:152,0
DA:158,0
DA:196,0
DA:206,0
DA:215,0
DA:223,0
DA:230,0
LF:23
LH:0
BRDA:50,0,0,0
BRDA:50,0,1,0
BRDA:61,1,0,0
BRDA:61,1,1,0
BRDA:70,2,0,0
BRDA:70,2,1,0
BRDA:146,3,0,0
BRDA:146,3,1,0
BRDA:154,4,0,0
BRDA:154,4,1,0
BRDA:178,5,0,0
BRDA:178,5,1,0
BRF:12
BRH:0
end_of_record
TN:
SF:app/(main)/usage.tsx
FN:3,Screen
FNF:1
FNH:0
FNDA:0,Screen
DA:4,0
DA:10,0
LF:2
LH:0
BRF:0
BRH:0
end_of_record
TN:
SF:app/(main)/agents/[id].tsx
FN:4,AgentDetailScreen
FNF:1
FNH:0
FNDA:0,AgentDetailScreen
DA:5,0
DA:6,0
DA:8,0
LF:3
LH:0
BRF:0
BRH:0
end_of_record
TN:
SF:app/(main)/agents/index.tsx
FN:3,AgentsScreen
FNF:1
FNH:0
FNDA:0,AgentsScreen
DA:4,0
DA:6,0
LF:2
LH:0
BRF:0
BRH:0
end_of_record
TN:
SF:app/(main)/settings/index.tsx
FN:3,SettingsScreen
FNF:1
FNH:0
FNDA:0,SettingsScreen
DA:4,0
DA:6,0
LF:2
LH:0
BRF:0
BRH:0
end_of_record
TN:
SF:app/(main)/settings/integrations.tsx
FN:3,IntegrationsScreen
FNF:1
FNH:0
FNDA:0,IntegrationsScreen
DA:4,0
DA:6,0
LF:2
LH:0
BRF:0
BRH:0
end_of_record
TN:
SF:src/components/PollyCard.tsx
FN:59,useActiveObservation
FN:61,(anonymous_1)
FN:62,(anonymous_2)
FN:73,getActionLabel
FN:89,FirstRunNote
FN:120,PollyCard
FN:127,(anonymous_6)
FN:138,(anonymous_7)
FN:145,(anonymous_8)
FN:147,(anonymous_9)
FN:161,handleDismiss
FN:166,handleAction
FN:177,handleOpen
FN:211,(anonymous_13)
FN:236,(anonymous_14)
FN:253,(anonymous_15)
FNF:16
FNH:0
FNDA:0,useActiveObservation
FNDA:0,(anonymous_1)
FNDA:0,(anonymous_2)
FNDA:0,getActionLabel
FNDA:0,FirstRunNote
FNDA:0,PollyCard
FNDA:0,(anonymous_6)
FNDA:0,(anonymous_7)
FNDA:0,(anonymous_8)
FNDA:0,(anonymous_9)
FNDA:0,handleDismiss
FNDA:0,handleAction
FNDA:0,handleOpen
FNDA:0,(anonymous_13)
FNDA:0,(anonymous_14)
FNDA:0,(anonymous_15)
DA:44,0
DA:45,0
DA:53,0
DA:54,0
DA:60,0
DA:61,0
DA:62,0
DA:63,0
DA:65,0
DA:67,0
DA:74,0
DA:75,0
DA:76,0
DA:77,0
DA:78,0
DA:86,0
DA:90,0
DA:121,0
DA:122,0
DA:123,0
DA:124,0
DA:127,0
DA:128,0
DA:129,0
DA:130,0
DA:138,0
DA:139,0
DA:140,0
DA:145,0
DA:146,0
DA:147,0
DA:148,0
DA:149,0
DA:150,0
DA:152,0
DA:157,0
DA:159,0
DA:162,0
DA:163,0
DA:167,0
DA:168,0
DA:170,0
DA:171,0
DA:173,0
DA:178,0
DA:179,0
DA:181,0
DA:182,0
DA:184,0
DA:188,0
DA:211,0
DA:236,0
DA:253,0
DA:269,0
LF:54
LH:0
BRDA:44,0,0,0
BRDA:44,0,1,0
BRDA:44,1,0,0
BRDA:44,1,1,0
BRDA:74,2,0,0
BRDA:74,2,1,0
BRDA:74,2,2,0
BRDA:74,2,3,0
BRDA:128,3,0,0
BRDA:128,3,1,0
BRDA:129,4,0,0
BRDA:129,4,1,0
BRDA:139,5,0,0
BRDA:139,5,1,0
BRDA:140,6,0,0
BRDA:140,6,1,0
BRDA:146,7,0,0
BRDA:146,7,1,0
BRDA:148,8,0,0
BRDA:148,8,1,0
BRDA:157,9,0,0
BRDA:157,9,1,0
BRDA:167,10,0,0
BRDA:167,10,1,0
BRDA:170,11,0,0
BRDA:170,11,1,0
BRDA:178,12,0,0
BRDA:178,12,1,0
BRDA:181,13,0,0
BRDA:181,13,1,0
BRDA:195,14,0,0
BRDA:195,14,1,0
BRDA:211,15,0,0
BRDA:211,15,1,0
BRDA:229,16,0,0
BRDA:229,16,1,0
BRDA:233,17,0,0
BRDA:233,17,1,0
BRDA:239,18,0,0
BRDA:239,18,1,0
BRDA:250,19,0,0
BRDA:250,19,1,0
BRDA:253,20,0,0
BRDA:253,20,1,0
BRF:44
BRH:0
end_of_record
TN:
SF:src/components/VoiceDraftPrompt.tsx
FN:29,VoiceDraftPrompt
FN:58,(anonymous_1)
FN:74,(anonymous_2)
FNF:3
FNH:0
FNDA:0,VoiceDraftPrompt
FNDA:0,(anonymous_1)
FNDA:0,(anonymous_2)
DA:30,0
DA:32,0
DA:36,0
DA:58,0
DA:74,0
DA:99,0
LF:6
LH:0
BRDA:32,0,0,0
BRDA:32,0,1,0
BRDA:41,1,0,0
BRDA:41,1,1,0
BRDA:42,2,0,0
BRDA:42,2,1,0
BRDA:50,3,0,0
BRDA:50,3,1,0
BRDA:62,4,0,0
BRDA:62,4,1,0
BRDA:63,5,0,0
BRDA:63,5,1,0
BRDA:78,6,0,0
BRDA:78,6,1,0
BRDA:79,7,0,0
BRDA:79,7,1,0
BRDA:88,8,0,0
BRDA:88,8,1,0
BRF:18
BRH:0
end_of_record
TN:
SF:src/components/VoiceMicButton.tsx
FN:50,VoiceMicButton
FN:78,(anonymous_1)
FN:99,(anonymous_2)
FN:103,(anonymous_3)
FN:117,(anonymous_4)
FN:121,(anonymous_5)
FN:134,(anonymous_6)
FN:136,(anonymous_7)
FN:145,(anonymous_8)
FN:188,(anonymous_9)
FN:229,(anonymous_10)
FN:261,MicIcon
FN:275,SpinnerArc
FNF:13
FNH:0
FNDA:0,VoiceMicButton
FNDA:0,(anonymous_1)
FNDA:0,(anonymous_2)
FNDA:0,(anonymous_3)
FNDA:0,(anonymous_4)
FNDA:0,(anonymous_5)
FNDA:0,(anonymous_6)
FNDA:0,(anonymous_7)
FNDA:0,(anonymous_8)
FNDA:0,(anonymous_9)
FNDA:0,(anonymous_10)
FNDA:0,MicIcon
FNDA:0,SpinnerArc
DA:57,0
DA:60,0
DA:61,0
DA:64,0
DA:65,0
DA:68,0
DA:71,0
DA:78,0
DA:79,0
DA:80,0
DA:94,0
DA:96,0
DA:97,0
DA:99,0
DA:103,0
DA:104,0
DA:105,0
DA:112,0
DA:114,0
DA:115,0
DA:117,0
DA:121,0
DA:122,0
DA:123,0
DA:134,0
DA:135,0
DA:136,0
DA:137,0
DA:145,0
DA:146,0
DA:157,0
DA:158,0
DA:159,0
DA:162,0
DA:163,0
DA:164,0
DA:166,0
DA:167,0
DA:169,0
DA:174,0
DA:179,0
DA:183,0
DA:189,0
DA:193,0
DA:229,0
DA:264,0
DA:265,0
DA:277,0
DA:291,0
LF:49
LH:0
BRDA:52,0,0,0
BRDA:54,1,0,0
BRDA:55,2,0,0
BRDA:79,3,0,0
BRDA:79,3,1,0
BRDA:104,4,0,0
BRDA:104,4,1,0
BRDA:122,5,0,0
BRDA:122,5,1,0
BRDA:135,6,0,0
BRDA:135,6,1,0
BRDA:162,7,0,0
BRDA:162,7,1,0
BRDA:163,8,0,0
BRDA:163,8,1,0
BRDA:164,9,0,0
BRDA:164,9,1,0
BRDA:166,10,0,0
BRDA:166,10,1,0
BRDA:167,11,0,0
BRDA:167,11,1,0
BRDA:167,12,0,0
BRDA:167,12,1,0
BRDA:179,13,0,0
BRDA:179,13,1,0
BRDA:186,14,0,0
BRDA:186,14,1,0
BRDA:215,15,0,0
BRDA:215,15,1,0
BRDA:233,16,0,0
BRDA:233,16,1,0
BRDA:241,17,0,0
BRDA:241,17,1,0
BRF:33
BRH:0
end_of_record
TN:
SF:src/constants/secureStoreKeys.ts
FNF:0
FNH:0
DA:1,1
LF:1
LH:1
BRF:0
BRH:0
end_of_record
TN:
SF:src/export/exportManifest.ts
FN:51,generateExportManifest
FN:98,generateArchivistReadme
FN:103,(anonymous_2)
FN:104,(anonymous_3)
FN:107,(anonymous_4)
FN:108,(anonymous_5)
FN:119,(anonymous_6)
FN:124,(anonymous_7)
FNF:8
FNH:0
FNDA:0,generateExportManifest
FNDA:0,generateArchivistReadme
FNDA:0,(anonymous_2)
FNDA:0,(anonymous_3)
FNDA:0,(anonymous_4)
FNDA:0,(anonymous_5)
FNDA:0,(anonymous_6)
FNDA:0,(anonymous_7)
DA:52,0
DA:102,0
DA:103,0
DA:104,0
DA:106,0
DA:107,0
DA:108,0
DA:110,0
DA:119,0
DA:124,0
LF:10
LH:0
BRDA:64,0,0,0
BRDA:64,0,1,0
BRF:2
BRH:0
end_of_record
TN:
SF:src/gateway/PollyGatewayAdapter.ts
FN:30,(anonymous_0)
FN:40,(anonymous_1)
FN:67,(anonymous_2)
FN:77,(anonymous_3)
FN:82,(anonymous_4)
FN:90,(anonymous_5)
FN:97,(anonymous_6)
FN:125,(anonymous_7)
FN:130,(anonymous_8)
FN:135,(anonymous_9)
FN:140,(anonymous_10)
FN:149,(anonymous_11)
FN:156,(anonymous_12)
FNF:13
FNH:0
FNDA:0,(anonymous_0)
FNDA:0,(anonymous_1)
FNDA:0,(anonymous_2)
FNDA:0,(anonymous_3)
FNDA:0,(anonymous_4)
FNDA:0,(anonymous_5)
FNDA:0,(anonymous_6)
FNDA:0,(anonymous_7)
FNDA:0,(anonymous_8)
FNDA:0,(anonymous_9)
FNDA:0,(anonymous_10)
FNDA:0,(anonymous_11)
FNDA:0,(anonymous_12)
DA:31,0
DA:32,0
DA:33,0
DA:41,0
DA:42,0
DA:44,0
DA:45,0
DA:51,0
DA:53,0
DA:61,0
DA:62,0
DA:64,0
DA:67,0
DA:68,0
DA:71,0
DA:78,0
DA:83,0
DA:91,0
DA:92,0
DA:96,0
DA:97,0
DA:98,0
DA:104,0
DA:109,0
DA:120,0
DA:126,0
DA:131,0
DA:136,0
DA:142,0
DA:157,0
DA:158,0
LF:31
LH:0
BRDA:44,0,0,0
BRDA:44,0,1,0
BRDA:44,1,0,0
BRDA:44,1,1,0
BRDA:96,2,0,0
BRDA:96,2,1,0
BRDA:104,3,0,0
BRDA:104,3,1,0
BRDA:106,4,0,0
BRDA:106,4,1,0
BRDA:110,5,0,0
BRDA:110,5,1,0
BRDA:111,6,0,0
BRDA:111,6,1,0
BRF:14
BRH:0
end_of_record
TN:
SF:src/gateway/gatewayCapabilities.ts
FN:38,getStoredGatewayCapabilities
FN:61,fetchAndStoreGatewayCapabilities
FN:64,(anonymous_2)
FN:65,(anonymous_3)
FN:71,(anonymous_4)
FNF:5
FNH:0
FNDA:0,getStoredGatewayCapabilities
FNDA:0,fetchAndStoreGatewayCapabilities
FNDA:0,(anonymous_2)
FNDA:0,(anonymous_3)
FNDA:0,(anonymous_4)
DA:20,0
DA:22,0
DA:39,0
DA:40,0
DA:41,0
DA:43,0
DA:45,0
DA:46,0
DA:47,0
DA:49,0
DA:64,0
DA:65,0
DA:66,0
DA:67,0
DA:68,0
DA:71,0
DA:72,0
DA:74,0
DA:75,0
DA:77,0
DA:78,0
DA:79,0
DA:82,0
DA:84,0
DA:85,0
DA:86,0
DA:88,0
DA:93,0
DA:95,0
DA:96,0
DA:101,0
DA:102,0
DA:106,0
DA:107,0
DA:108,0
DA:109,0
LF:36
LH:0
BRDA:43,0,0,0
BRDA:43,0,1,0
BRDA:43,1,0,0
BRDA:43,1,1,0
BRDA:43,1,2,0
BRDA:72,2,0,0
BRDA:72,2,1,0
BRDA:78,3,0,0
BRDA:78,3,1,0
BRDA:79,4,0,0
BRDA:79,4,1,0
BRF:11
BRH:0
end_of_record
TN:
SF:src/hooks/useVoiceRecording.ts
FN:60,(anonymous_0)
FN:65,(anonymous_1)
FN:78,(anonymous_2)
FN:82,(anonymous_3)
FN:87,(anonymous_4)
FN:97,useVoiceRecording
FN:111,(anonymous_6)
FN:112,(anonymous_7)
FN:120,(anonymous_8)
FN:121,(anonymous_9)
FN:133,(anonymous_10)
FN:137,(anonymous_11)
FN:138,(anonymous_12)
FN:149,(anonymous_13)
FN:158,(anonymous_14)
FN:180,(anonymous_15)
FN:203,(anonymous_16)
FN:219,(anonymous_17)
FN:229,(anonymous_18)
FN:240,(anonymous_19)
FN:248,(anonymous_20)
FN:256,(anonymous_21)
FN:257,(anonymous_22)
FNF:23
FNH:0
FNDA:0,(anonymous_0)
FNDA:0,(anonymous_1)
FNDA:0,(anonymous_2)
FNDA:0,(anonymous_3)
FNDA:0,(anonymous_4)
FNDA:0,useVoiceRecording
FNDA:0,(anonymous_6)
FNDA:0,(anonymous_7)
FNDA:0,(anonymous_8)
FNDA:0,(anonymous_9)
FNDA:0,(anonymous_10)
FNDA:0,(anonymous_11)
FNDA:0,(anonymous_12)
FNDA:0,(anonymous_13)
FNDA:0,(anonymous_14)
FNDA:0,(anonymous_15)
FNDA:0,(anonymous_16)
FNDA:0,(anonymous_17)
FNDA:0,(anonymous_18)
FNDA:0,(anonymous_19)
FNDA:0,(anonymous_20)
FNDA:0,(anonymous_21)
FNDA:0,(anonymous_22)
DA:59,0
DA:63,0
DA:68,0
DA:77,0
DA:80,0
DA:84,0
DA:85,0
DA:89,0
DA:100,0
DA:101,0
DA:102,0
DA:103,0
DA:105,0
DA:106,0
DA:107,0
DA:108,0
DA:111,0
DA:112,0
DA:113,0
DA:120,0
DA:121,0
DA:122,0
DA:123,0
DA:125,0
DA:127,0
DA:130,0
DA:133,0
DA:137,0
DA:138,0
DA:139,0
DA:141,0
DA:149,0
DA:150,0
DA:151,0
DA:152,0
DA:154,0
DA:158,0
DA:159,0
DA:160,0
DA:162,0
DA:163,0
DA:164,0
DA:166,0
DA:167,0
DA:173,0
DA:174,0
DA:176,0
DA:180,0
DA:181,0
DA:186,0
DA:187,0
DA:188,0
DA:189,0
DA:190,0
DA:191,0
DA:195,0
DA:196,0
DA:197,0
DA:198,0
DA:203,0
DA:204,0
DA:205,0
DA:207,0
DA:208,0
DA:209,0
DA:211,0
DA:219,0
DA:220,0
DA:221,0
DA:223,0
DA:224,0
DA:229,0
DA:230,0
DA:231,0
DA:233,0
DA:234,0
DA:235,0
DA:236,0
DA:240,0
DA:243,0
DA:244,0
DA:248,0
DA:249,0
DA:250,0
DA:251,0
DA:256,0
DA:257,0
DA:258,0
DA:259,0
DA:260,0
DA:262,0
DA:266,0
LF:92
LH:0
BRDA:63,0,0,0
BRDA:63,0,1,0
BRDA:68,1,0,0
BRDA:68,1,1,0
BRDA:80,2,0,0
BRDA:80,2,1,0
BRDA:84,3,0,0
BRDA:84,3,1,0
BRDA:89,4,0,0
BRDA:89,4,1,0
BRDA:113,5,0,0
BRDA:113,5,1,0
BRDA:123,6,0,0
BRDA:123,6,1,0
BRDA:125,7,0,0
BRDA:125,7,1,0
BRDA:125,8,0,0
BRDA:125,8,1,0
BRDA:125,8,2,0
BRDA:139,9,0,0
BRDA:139,9,1,0
BRDA:150,10,0,0
BRDA:150,10,1,0
BRDA:159,11,0,0
BRDA:159,11,1,0
BRDA:176,12,0,0
BRDA:176,12,1,0
BRDA:204,13,0,0
BRDA:204,13,1,0
BRDA:230,14,0,0
BRDA:230,14,1,0
BRDA:249,15,0,0
BRDA:249,15,1,0
BRDA:258,16,0,0
BRDA:258,16,1,0
BRF:35
BRH:0
end_of_record
TN:
SF:src/store/chatStore.ts
FN:16,loadString
FN:20,loadObject
FN:68,(anonymous_2)
FN:81,(anonymous_3)
FN:83,(anonymous_4)
FN:84,(anonymous_5)
FN:86,(anonymous_6)
FN:87,(anonymous_7)
FN:95,(anonymous_8)
FN:97,(anonymous_9)
FN:104,(anonymous_10)
FN:110,(anonymous_11)
FN:117,(anonymous_12)
FNF:13
FNH:0
FNDA:0,loadString
FNDA:0,loadObject
FNDA:0,(anonymous_2)
FNDA:0,(anonymous_3)
FNDA:0,(anonymous_4)
FNDA:0,(anonymous_5)
FNDA:0,(anonymous_6)
FNDA:0,(anonymous_7)
FNDA:0,(anonymous_8)
FNDA:0,(anonymous_9)
FNDA:0,(anonymous_10)
FNDA:0,(anonymous_11)
FNDA:0,(anonymous_12)
DA:14,0
DA:17,0
DA:21,0
DA:22,0
DA:23,0
DA:24,0
DA:26,0
DA:61,0
DA:65,0
DA:66,0
DA:68,0
DA:81,0
DA:84,0
DA:87,0
DA:88,0
DA:89,0
DA:90,0
DA:91,0
DA:92,0
DA:95,0
DA:98,0
DA:99,0
DA:100,0
DA:101,0
DA:105,0
DA:106,0
DA:107,0
DA:111,0
DA:112,0
DA:113,0
DA:114,0
DA:117,0
LF:32
LH:0
BRDA:17,0,0,0
BRDA:17,0,1,0
BRDA:22,1,0,0
BRDA:22,1,1,0
BRDA:88,2,0,0
BRDA:88,2,1,0
BRDA:117,3,0,0
BRDA:117,3,1,0
BRF:8
BRH:0
end_of_record
TN:
SF:src/store/connectionStore.ts
FN:36,(anonymous_0)
FN:42,(anonymous_1)
FN:43,(anonymous_2)
FN:44,(anonymous_3)
FN:45,(anonymous_4)
FN:45,(anonymous_5)
FN:46,(anonymous_6)
FNF:7
FNH:3
FNDA:1,(anonymous_0)
FNDA:2,(anonymous_1)
FNDA:0,(anonymous_2)
FNDA:0,(anonymous_3)
FNDA:0,(anonymous_4)
FNDA:0,(anonymous_5)
FNDA:8,(anonymous_6)
DA:36,1
DA:42,2
DA:43,0
DA:44,0
DA:45,0
DA:47,8
LF:6
LH:3
BRF:0
BRH:0
end_of_record
TN:
SF:src/store/onboardingStore.ts
FN:53,loadFromMMKV
FN:69,saveToMMKV
FN:83,(anonymous_2)
FN:87,(anonymous_3)
FN:88,(anonymous_4)
FN:94,(anonymous_5)
FN:95,(anonymous_6)
FN:101,(anonymous_7)
FN:102,(anonymous_8)
FN:113,(anonymous_9)
FN:124,readOnboardingComplete
FNF:11
FNH:0
FNDA:0,loadFromMMKV
FNDA:0,saveToMMKV
FNDA:0,(anonymous_2)
FNDA:0,(anonymous_3)
FNDA:0,(anonymous_4)
FNDA:0,(anonymous_5)
FNDA:0,(anonymous_6)
FNDA:0,(anonymous_7)
FNDA:0,(anonymous_8)
FNDA:0,(anonymous_9)
FNDA:0,readOnboardingComplete
DA:14,0
DA:16,0
DA:47,0
DA:54,0
DA:55,0
DA:56,0
DA:57,0
DA:58,0
DA:65,0
DA:70,0
DA:71,0
DA:81,0
DA:83,0
DA:88,0
DA:89,0
DA:90,0
DA:91,0
DA:95,0
DA:96,0
DA:97,0
DA:98,0
DA:102,0
DA:103,0
DA:109,0
DA:110,0
DA:114,0
DA:115,0
DA:125,0
DA:126,0
DA:127,0
DA:128,0
DA:129,0
DA:131,0
LF:33
LH:0
BRDA:56,0,0,0
BRDA:56,0,1,0
BRDA:59,1,0,0
BRDA:59,1,1,0
BRDA:60,2,0,0
BRDA:60,2,1,0
BRDA:61,3,0,0
BRDA:61,3,1,0
BRDA:127,4,0,0
BRDA:127,4,1,0
BRF:10
BRH:0
end_of_record
TN:
SF:src/store/pollyObservationStore.ts
FN:67,loadDismissedIds
FN:79,persistDismissedIds
FN:94,notify
FN:95,(anonymous_3)
FN:102,_promoteNextQueued
FN:103,(anonymous_5)
FN:107,(anonymous_6)
FN:108,(anonymous_7)
FN:124,initPollyStore
FN:129,(anonymous_9)
FN:142,enqueueObservation
FN:147,(anonymous_11)
FN:167,engageObservation
FN:168,(anonymous_13)
FN:180,dismissObservation
FN:181,(anonymous_15)
FN:197,autoResolveT3
FN:198,(anonymous_17)
FN:208,getActiveObservation
FN:210,(anonymous_19)
FN:217,subscribeToPollyStore
FN:219,(anonymous_21)
FN:220,(anonymous_22)
FNF:23
FNH:0
FNDA:0,loadDismissedIds
FNDA:0,persistDismissedIds
FNDA:0,notify
FNDA:0,(anonymous_3)
FNDA:0,_promoteNextQueued
FNDA:0,(anonymous_5)
FNDA:0,(anonymous_6)
FNDA:0,(anonymous_7)
FNDA:0,initPollyStore
FNDA:0,(anonymous_9)
FNDA:0,enqueueObservation
FNDA:0,(anonymous_11)
FNDA:0,engageObservation
FNDA:0,(anonymous_13)
FNDA:0,dismissObservation
FNDA:0,(anonymous_15)
FNDA:0,autoResolveT3
FNDA:0,(anonymous_17)
FNDA:0,getActiveObservation
FNDA:0,(anonymous_19)
FNDA:0,subscribeToPollyStore
FNDA:0,(anonymous_21)
FNDA:0,(anonymous_22)
DA:52,0
DA:58,0
DA:59,0
DA:60,0
DA:61,0
DA:68,0
DA:69,0
DA:70,0
DA:71,0
DA:72,0
DA:75,0
DA:80,0
DA:81,0
DA:86,0
DA:95,0
DA:103,0
DA:104,0
DA:106,0
DA:107,0
DA:108,0
DA:110,0
DA:111,0
DA:112,0
DA:125,0
DA:126,0
DA:127,0
DA:129,0
DA:130,0
DA:131,0
DA:133,0
DA:135,0
DA:143,0
DA:145,0
DA:147,0
DA:149,0
DA:152,0
DA:157,0
DA:158,0
DA:159,0
DA:168,0
DA:169,0
DA:170,0
DA:171,0
DA:172,0
DA:181,0
DA:182,0
DA:183,0
DA:185,0
DA:186,0
DA:187,0
DA:188,0
DA:189,0
DA:190,0
DA:198,0
DA:199,0
DA:200,0
DA:201,0
DA:209,0
DA:210,0
DA:218,0
DA:219,0
DA:220,0
LF:62
LH:0
BRDA:70,0,0,0
BRDA:70,0,1,0
BRDA:103,1,0,0
BRDA:103,1,1,0
BRDA:104,2,0,0
BRDA:104,2,1,0
BRDA:110,3,0,0
BRDA:110,3,1,0
BRDA:125,4,0,0
BRDA:125,4,1,0
BRDA:130,5,0,0
BRDA:130,5,1,0
BRDA:143,6,0,0
BRDA:143,6,1,0
BRDA:147,7,0,0
BRDA:147,7,1,0
BRDA:169,8,0,0
BRDA:169,8,1,0
BRDA:169,9,0,0
BRDA:169,9,1,0
BRDA:182,10,0,0
BRDA:182,10,1,0
BRDA:183,11,0,0
BRDA:183,11,1,0
BRDA:199,12,0,0
BRDA:199,12,1,0
BRDA:199,13,0,0
BRDA:199,13,1,0
BRDA:200,14,0,0
BRDA:200,14,1,0
BRDA:210,15,0,0
BRDA:210,15,1,0
BRDA:210,16,0,0
BRDA:210,16,1,0
BRF:34
BRH:0
end_of_record
TN:
SF:src/theme/colors.ts
FN:256,useColors
FNF:1
FNH:0
FNDA:0,useColors
DA:12,0
DA:65,0
DA:127,0
DA:140,0
DA:164,0
DA:211,0
DA:213,0
DA:257,0
DA:258,0
LF:9
LH:0
BRDA:258,0,0,0
BRDA:258,0,1,0
BRF:2
BRH:0
end_of_record
TN:
SF:src/theme/tokens.ts
FNF:0
FNH:0
LF:0
LH:0
BRF:0
BRH:0
end_of_record
TN:
SF:src/themes/reas.ts
FNF:0
FNH:0
DA:14,0
LF:1
LH:0
BRF:0
BRH:0
end_of_record
TN:
SF:src/utils/sanitizeForLog.ts
FN:27,redactString
FN:32,(anonymous_1)
FN:61,sanitizeForLog
FNF:3
FNH:3
FNDA:29,redactString
FNDA:22,(anonymous_1)
FNDA:46,sanitizeForLog
DA:11,1
DA:28,29
DA:29,29
DA:31,290
DA:32,290
DA:34,22
DA:35,22
DA:36,22
DA:38,0
DA:41,29
DA:47,1
DA:62,46
DA:64,46
DA:65,29
DA:68,17
DA:69,1
DA:72,16
DA:73,1
DA:76,15
DA:77,15
DA:78,15
DA:79,21
DA:80,10
DA:82,11
DA:85,15
DA:89,0
LF:26
LH:24
BRDA:35,0,0,22
BRDA:35,0,1,0
BRDA:62,1,0,0
BRDA:62,1,1,46
BRDA:62,2,0,46
BRDA:62,2,1,46
BRDA:64,3,0,29
BRDA:64,3,1,17
BRDA:68,4,0,1
BRDA:68,4,1,16
BRDA:68,5,0,17
BRDA:68,5,1,16
BRDA:72,6,0,1
BRDA:72,6,1,15
BRDA:76,7,0,15
BRDA:76,7,1,0
BRDA:79,8,0,10
BRDA:79,8,1,11
BRF:18
BRH:15
end_of_record
